# Bundle file v0.3
9 517
0 0 0
0 0 0
0 0 0
0 0 0
0 0 0
0 0 0
0 0 0
0 0 0
0 0 0
0 0 0
0 0 0
0 0 0
0 0 0
0 0 0
0 0 0
0 0 0
0 0 0
0 0 0
0 0 0
0 0 0
5.3629133629e+02 -1.6695222806e-01 -5.4496684540e-03
3.2092838132e-01 -7.4087819576e-01 5.9000379077e-01
3.9542170712e-01 6.7087824256e-01 6.2734683964e-01
-8.6060830091e-01 3.1966900384e-02 5.0826318938e-01
4.6518723627e+00 2.8532293552e+00 5.9255207368e-01
6.6726954923e+02 -1.3560647257e-01 -5.2212248900e-02
9.7655198855e-01 9.8276902882e-02 1.9154076334e-01
-8.6566491678e-02 9.9388169697e-01 -6.8596027238e-02
-1.9711026401e-01 5.0406574910e-02 9.7908463425e-01
8.7026219567e-01 -4.0769984466e-01 8.0532470672e-01
6.6256676048e+02 -1.0941206532e-01 -3.8256128013e-02
9.9972154777e-01 3.0104370113e-03 -2.3404362794e-02
-3.5905919227e-03 9.9968633296e-01 -2.4785950512e-02
2.3322405074e-02 2.4863084325e-02 9.9941877732e-01
-2.8394705696e-01 -1.6149897326e-01 7.4272717894e-01
6.5949989080e+02 -1.4100872408e-01 3.6563562231e-02
9.9819930752e-01 5.4738772233e-02 2.4531801626e-02
-5.3038130177e-02 9.9645473075e-01 -6.5306403352e-02
-2.8019622122e-02 6.3887685715e-02 9.9756366433e-01
2.0774876121e-01 -7.2550831366e-01 4.5077608386e-01
6.5882972863e+02 -1.3665573707e-01 -2.1794741656e-02
-9.2785980799e-01 -3.4302953345e-01 -1.4631102453e-01
2.9724877996e-01 -9.1719495076e-01 2.6532354799e-01
-2.2520954582e-01 2.0269228275e-01 9.5299344121e-01
-1.8481705696e-01 2.1820585991e+00 2.9051653301e-01
1.8080663494e+00 -1.0082208095e+00 -6.6195081203e+00
203 182 70
4 6 325 186.6000 -113.1000 7 505 185.2800 -144.2900 5 350 138.2300 -120.9300 4 462 241.3200 -146.6200
2.0363091137e+00 -7.5248960357e-01 -6.0756983412e+00
221 195 83
5 6 501 232.6100 -94.2900 7 513 231.0500 -133.6600 5 517 191.1200 -107.2700 8 744 -98.2100 198.0700 4 493 271.5100 -79.0300
2.0363091137e+00 -7.5248960357e-01 -6.0756983412e+00
221 195 83
5 6 500 232.6100 -94.2900 7 512 231.0500 -133.6600 5 516 191.1200 -107.2700 8 745 -98.2100 198.0700 4 494 271.5100 -79.0300
2.0521201828e+00 -7.4305821889e-01 -6.0387128096e+00
177 153 51
5 6 778 235.9600 -93.7600 7 766 234.5900 -133.5800 5 514 194.9400 -107.2800 8 1065 -101.3500 199.5400 4 795 274.3800 -75.1800
2.0456748366e+00 -6.4796107299e-01 -6.0377860165e+00
214 189 76
5 6 508 235.6200 -82.6500 7 523 234.7100 -123.2200 5 356 195.4300 -96.4200 8 734 -104.6000 190.6000 4 497 267.0000 -67.4200
2.0535246500e+00 -5.8117949677e-01 -6.0135092485e+00
215 190 73
5 6 328 237.6100 -74.5900 7 359 237.4300 -116.4400 5 360 198.5000 -89.2900 8 529 -109.1800 186.1600 4 501 264.2500 -60.3800
2.0412537883e+00 -6.8574555871e-01 -6.0543734616e+00
215 191 85
5 6 781 234.1700 -86.8000 7 775 233.2700 -126.8800 5 745 193.5500 -100.3000 8 1052 -101.9900 193.4200 4 796 268.2000 -71.7800
2.3135941969e+00 -3.7455888361e-01 -5.2870780332e+00
226 182 185
5 6 163 308.2400 -59.3400 7 183 306.7600 -113.6100 5 173 277.9200 -82.6000 8 262 -171.1900 217.4600 4 178 311.6100 24.9600
2.0216922971e+00 -8.4004964423e-01 -6.1176480746e+00
212 189 70
5 6 326 228.6500 -104.2400 7 355 227.0900 -141.5600 5 351 186.2800 -115.9600 8 541 -92.3400 203.0300 4 328 274.5600 -89.7900
1.8078867680e+00 -9.6738114062e-01 -6.6116852039e+00
41 28 0
4 6 771 186.9200 -109.1800 7 757 185.5800 -140.7200 5 720 138.6900 -116.9200 4 762 238.5000 -142.4200
1.8078867680e+00 -9.6738114062e-01 -6.6116852039e+00
41 28 0
4 6 772 186.9200 -109.1800 7 758 185.5800 -140.7200 5 721 138.6900 -116.9200 4 763 238.5000 -142.4200
2.3211883720e+00 -2.7517688384e-01 -5.2791285744e+00
234 192 195
4 6 528 309.9400 -45.2700 7 533 309.3700 -101.2900 5 541 281.1000 -69.8300 4 853 304.5800 34.1700
2.3152400208e+00 -3.1878436552e-01 -5.2940122226e+00
239 180 181
4 6 793 308.0600 -51.3800 7 794 307.1300 -106.4500 5 762 278.5400 -75.1900 4 1298 306.6100 29.2100
1.9656327723e+00 -5.3883093332e-01 -6.1943923005e+00
218 186 68
3 6 46 220.4100 -65.7700 7 51 220.6100 -106.8200 5 27 179.9500 -81.0800
-6.0291244733e-01 4.8095776079e-01 -4.5028525921e+00
21 27 43
3 6 54 -136.5500 75.8500 7 57 -78.7900 13.0600 5 33 -102.4000 82.8100
-6.0155816492e-01 4.8131001952e-01 -4.5022628316e+00
21 27 43
4 6 55 -136.5500 75.8500 7 58 -78.7900 13.0600 5 34 -102.4000 82.8100 8 76 149.5900 63.6800
-6.0291244733e-01 4.8095776079e-01 -4.5028525921e+00
21 27 43
3 6 56 -136.5500 75.8500 7 59 -78.7900 13.0600 5 35 -102.4000 82.8100
-5.8501495765e-01 -1.6657103468e-01 -4.9143131072e+00
23 24 28
3 6 66 -118.7900 -32.0500 7 75 -74.9800 -79.7100 5 49 -112.1700 -31.7400
8.8835233086e-01 7.4505830732e-02 -5.5181712643e+00
210 178 197
3 6 49 101.7700 6.5300 7 54 124.9700 -43.6100 5 51 95.8400 -4.6000
1.8819348586e-01 3.3020471543e-01 -5.3729374944e+00
152 22 32
4 6 53 4.8600 43.2200 7 83 38.3700 -7.9800 5 54 8.7600 41.3300 8 96 43.9400 69.6800
-6.4129544231e-01 5.7600312034e-01 -4.5224670349e+00
192 205 242
4 6 78 -142.5900 91.8000 7 88 -83.9200 29.0700 5 57 -107.5000 101.5400 8 89 152.4500 45.4800
1.0431081576e+00 1.8876794442e-02 -5.3856483607e+00
180 117 131
3 6 90 126.8000 -0.7900 7 102 147.4500 -54.0300 5 76 122.0400 -16.8300
1.2859259106e+00 2.0619435063e-01 -5.4431444252e+00
188 119 130
3 6 70 159.9400 25.2800 7 80 178.0800 -30.7200 5 77 153.2900 8.0100
1.0045985748e+00 5.1862702308e-01 -5.3953910912e+00
213 193 208
3 6 74 121.3300 70.0900 7 84 147.0700 11.8600 5 82 123.8300 55.4500
1.0045985748e+00 5.1862702308e-01 -5.3953910912e+00
213 193 208
3 6 75 121.3300 70.0900 7 85 147.0700 11.8600 5 83 123.8300 55.4500
4.5697275039e-01 4.5170068989e-01 -5.2711458394e+00
72 2 3
3 6 96 43.5500 61.2900 7 111 77.0400 6.2200 5 84 52.9100 54.8800
-5.8974445944e-01 3.7244577949e-01 -4.5489247849e+00
187 201 240
3 6 73 -132.4300 56.4800 7 110 -77.1000 -4.1500 5 85 -102.0400 61.3800
8.5335358911e-01 5.1186493136e-01 -5.3929471581e+00
95 0 2
3 6 132 99.6900 69.1700 7 147 127.5700 12.0000 5 108 103.5100 56.9400
5.3468922459e-01 8.8491408118e-01 -5.4293141055e+00
163 18 29
3 6 104 53.8900 121.5400 7 113 87.7400 64.4300 5 113 63.7400 115.6700
2.1609025374e+00 -9.5859738144e-01 -5.7283316147e+00
202 197 106
3 6 117 262.0000 -128.6800 7 128 257.7300 -168.6300 5 120 220.9400 -142.5500
1.0003585475e+00 6.8990250185e-02 -5.4555825709e+00
72 5 8
3 6 178 118.7500 4.5900 7 198 140.4500 -45.7800 5 140 114.0100 -6.6900
1.4491410582e-01 4.1052441750e-01 -5.3570253399e+00
225 56 94
3 6 128 -1.7000 54.5100 7 202 32.7700 3.3400 5 150 4.0200 53.7400
1.4491410582e-01 4.1052441750e-01 -5.3570253399e+00
225 56 94
3 6 129 -1.7000 54.5100 7 203 32.7700 3.3400 5 151 4.0200 53.7400
-3.3896857223e-01 4.1751606099e-01 -4.5721520382e+00
108 54 70
3 6 190 -88.7600 64.1400 7 145 -35.6600 0.9700 5 153 -54.9500 65.0900
2.7948508637e-01 5.8689407422e-01 -5.2824603848e+00
217 202 221
3 6 134 17.6700 81.4400 7 149 53.6900 25.9700 5 156 28.5500 77.8500
-6.4445164486e-01 4.7780912784e-01 -4.4849245906e+00
18 20 30
3 6 133 -144.3300 74.7400 7 206 -86.2600 12.5400 5 157 -110.1000 84.1500
4.8458054729e-01 9.6088717504e-01 -5.4272222394e+00
171 150 172
4 6 139 46.7000 132.2400 7 157 81.7400 75.0300 5 163 57.8600 127.6000 8 149 -23.5700 0.6800
2.3174399894e+00 -3.7636295792e-01 -5.2938423565e+00
226 182 185
3 6 164 308.2400 -59.3400 7 184 306.7600 -113.6100 5 174 277.9200 -82.6000
9.2064610049e-01 -3.4269986112e-02 -5.4589409783e+00
51 9 18
3 6 242 107.6200 -8.8500 7 256 129.1300 -58.8000 5 198 101.5000 -20.9700
8.4656438743e-01 1.3767684455e-01 -5.5583031404e+00
139 29 46
3 6 248 95.5400 14.7800 7 263 118.5500 -34.3900 5 206 89.8800 5.3600
-2.6473444570e-01 3.0640132640e-01 -4.5298109765e+00
157 99 113
4 6 186 -77.4700 45.5000 7 269 -24.4800 -18.2400 5 208 -42.0100 42.7400 8 335 103.7300 103.6900
1.0435817608e+00 5.9631613412e-01 -5.4121538682e+00
44 9 7
4 6 194 125.6800 80.3800 7 148 152.5500 21.9900 5 214 129.4700 65.8900 8 161 -75.0800 66.8900
2.4587937896e-01 5.2466079748e-01 -5.2672492918e+00
82 11 26
3 6 193 12.9700 72.6000 7 283 48.4200 17.4500 5 217 23.2900 69.1500
-3.5179118720e-01 4.5427807962e-01 -4.5643641233e+00
235 181 195
3 6 192 -91.0500 70.9400 7 277 -37.4700 6.7600 5 218 -56.6200 72.0500
-6.7902978238e-01 4.3685922934e-01 -4.5223176104e+00
183 230 255
4 6 258 -149.1900 67.5700 7 278 -91.4000 6.6400 5 222 -117.6500 75.7400 8 322 164.9400 65.3500
-6.1800100910e-01 5.3979114219e-01 -4.4100735856e+00
179 225 255
3 6 264 -142.4100 86.7700 7 290 -84.4100 23.2000 5 224 -102.1800 95.9100
-6.4170403727e-01 5.9113918441e-01 -4.5078869930e+00
243 231 243
3 6 266 -142.9300 95.1500 7 293 -84.1800 31.5200 5 225 -107.9100 104.4700
-5.6001365352e-01 6.8100875475e-01 -4.4661610758e+00
225 165 177
4 6 273 -130.7700 111.6500 7 296 -70.8500 45.9700 5 226 -90.6000 120.5900 8 312 132.3200 36.5600
9.6499443865e-01 8.2832354669e-03 -5.4769226945e+00
66 13 22
3 6 358 113.6800 -2.4400 7 381 134.6200 -53.5200 5 273 106.9800 -15.3900
1.2095297892e+00 1.0954714917e-01 -5.3913457839e+00
95 35 39
3 6 247 150.5600 11.3200 7 261 169.3300 -43.5800 5 275 145.0500 -4.7300
1.1026497694e+00 1.1444349262e-01 -5.4373438618e+00
172 101 113
3 6 361 133.9200 11.7800 7 262 154.3900 -41.2100 5 276 128.7700 -2.2400
7.0204542000e-01 1.9569171270e-01 -5.5099380345e+00
115 4 13
3 6 253 76.3100 23.5200 7 268 101.9800 -26.8800 5 283 73.4000 14.4700
9.2181656303e-01 5.4929975235e-01 -5.3811233962e+00
104 11 16
4 6 260 110.2900 74.3800 7 281 137.0500 16.5800 5 296 114.2400 61.6900 8 217 -57.9000 69.9400
6.3786292892e-02 5.5239568913e-01 -5.2723884808e+00
108 9 22
3 6 263 -13.8400 76.4200 7 287 23.5600 22.9300 5 297 -3.4300 76.3000
-6.1234337956e-01 4.5292859483e-01 -4.5144937795e+00
255 254 254
4 6 259 -137.4700 70.8400 7 279 -80.3100 8.8500 5 298 -104.9900 77.5000 8 323 153.5300 66.9600
6.0851740286e-01 8.4973738853e-01 -5.4324237526e+00
153 14 28
4 6 403 64.1100 116.7400 7 429 96.8800 59.5500 5 304 73.7400 108.4200 8 449 -33.4000 19.1300
-6.4733950631e-01 6.8977487417e-01 -4.4810681961e+00
227 167 179
3 6 401 -144.7900 112.9700 7 421 -85.0800 47.8700 5 312 -106.8300 124.0400
-7.4063886205e-01 6.8877197481e-01 -4.4907993640e+00
133 74 96
3 6 602 -160.5600 112.1700 7 422 -100.0800 48.4600 5 313 -125.0400 125.9000
5.1196338772e-01 1.0009128407e+00 -5.4222002629e+00
166 22 33
4 6 277 50.8700 137.9600 7 302 85.7600 80.2600 5 314 62.4300 133.1100 8 298 -28.8500 -2.9700
1.5047442458e+00 1.1338120603e+00 -5.2195301398e+00
69 31 28
3 6 199 198.3500 161.6800 7 218 225.5000 90.9100 5 315 208.4500 136.3100
1.5047442458e+00 1.1338120603e+00 -5.2195301398e+00
69 31 28
3 6 200 198.3500 161.6800 7 219 225.5000 90.9100 5 316 208.4500 136.3100
1.6886000926e+00 -3.3793913329e+00 -1.2470585103e+01
97 90 106
4 6 465 93.8900 -180.3500 7 490 74.5800 -179.1000 5 339 -11.2100 -169.6600 8 683 63.6800 127.9600
-1.1948038982e+00 -2.8284107688e+00 -1.2667273280e+01
72 44 55
3 6 743 -64.8700 -144.9100 7 759 -77.0200 -140.7000 5 347 -171.7400 -129.6700
2.0378604781e+00 -7.1915721523e-01 -6.0606066020e+00
214 191 78
3 6 503 233.2600 -91.1100 7 515 232.1800 -130.3400 5 354 192.3100 -104.1700
-5.8620094960e-01 -1.1329027318e-01 -4.8961016314e+00
251 253 255
3 6 342 -119.6400 -23.7800 7 373 -74.8000 -72.5900 5 386 -111.6600 -22.9300
9.2998200382e-01 -2.6629359395e-03 -5.5113322640e+00
173 134 153
3 6 355 108.0300 -4.3700 7 380 129.1000 -54.1500 5 389 100.6800 -15.4400
1.9801729894e+00 5.3875723587e-01 -6.1458175009e+00
110 64 25
3 6 378 225.1000 63.6400 7 403 234.3100 12.2600 5 407 198.4400 44.8200
-5.9514080407e-01 3.9713489046e-01 -4.5154689671e+00
165 217 254
3 6 377 -134.6600 61.0800 7 577 -78.2700 -0.4800 5 418 -102.3700 66.3900
-7.0318083157e-01 4.1323691425e-01 -4.5285709005e+00
168 156 197
3 6 578 -152.6700 63.5200 7 580 -95.2000 2.8500 5 426 -123.0400 71.9300
-3.8811623691e-01 5.6858438872e-01 -4.5019755055e+00
170 104 126
4 6 390 -99.1500 91.5100 7 410 -42.6700 25.7000 5 431 -59.9500 94.9700 8 484 110.4900 60.6000
-6.0320787586e-01 6.6552402159e-01 -4.4708540045e+00
178 107 123
4 6 601 -137.4800 108.8600 7 594 -77.8900 43.7100 5 440 -98.7500 118.7400 8 632 141.8800 36.5900
-6.3996359990e-01 6.6252553819e-01 -4.4682428448e+00
174 107 127
4 6 398 -144.2200 108.2800 7 595 -84.0300 43.5200 5 441 -106.1400 118.9800 8 466 147.8700 35.3400
-6.4103224836e-01 6.6317767319e-01 -4.4746653115e+00
174 107 127
3 6 399 -144.2200 108.2800 7 596 -84.0300 43.5200 5 442 -106.1400 118.9800
1.6072546683e+00 1.2412317810e+00 -5.3584105339e+00
69 30 30
3 6 286 207.3700 172.1500 7 309 232.5100 102.9500 5 458 213.2100 146.8100
9.8184285360e-01 1.4132313049e+00 -5.5980632891e+00
140 24 34
3 6 414 113.4100 189.1300 7 618 145.2800 127.9800 5 463 122.5300 177.5000
2.4097295282e+00 -2.7835949469e+00 -1.0058933473e+01
103 99 121
3 6 460 164.3500 -188.9000 7 696 145.7100 -195.7400 5 485 69.7500 -183.3900
2.1818630124e+00 -2.9317573602e+00 -1.0871249468e+01
108 101 117
3 6 463 137.9600 -182.4300 7 712 119.4800 -186.1600 5 491 39.9900 -175.1500
2.2864556790e+00 -2.4784158040e+00 -1.0437643251e+01
64 53 67
3 6 736 150.9200 -161.1700 7 738 133.9100 -168.0200 5 502 56.9700 -155.7600
2.2091821602e+00 -2.3068262899e+00 -1.0801826713e+01
74 53 61
3 6 483 141.6100 -144.0100 7 752 124.6900 -150.7000 5 506 47.1300 -137.8600
2.1642117596e+00 -2.3154064899e+00 -1.0860313277e+01
124 120 134
3 6 484 137.8000 -143.6700 7 498 121.4600 -149.9500 5 507 43.2600 -137.3900
2.1642117596e+00 -2.3154064899e+00 -1.0860313277e+01
124 120 134
3 6 485 137.8000 -143.6700 7 497 121.4600 -149.9500 5 508 43.2600 -137.3900
2.3003107388e+00 -4.6764279531e-01 -5.3433673031e+00
240 184 195
3 6 513 302.5900 -71.4800 7 779 300.5400 -123.5000 5 526 270.7100 -93.1500
2.3140557531e+00 -4.3554929653e-01 -5.2868000269e+00
242 193 212
3 6 514 307.9500 -67.8900 7 525 306.0200 -121.2200 5 527 277.0600 -90.6100
2.0114411271e+00 -5.8006130991e-01 -6.1283411204e+00
164 169 117
3 6 512 227.9100 -72.6900 7 527 228.0200 -113.2400 5 530 187.7600 -86.5100
2.3208955574e+00 -3.6302671289e-01 -5.2684834268e+00
234 173 188
3 6 518 310.2900 -57.8900 7 791 308.8600 -112.5000 5 532 280.5600 -81.6000
2.0511548264e+00 -4.9711198368e-01 -6.0205879412e+00
177 147 41
4 6 787 237.2300 -64.2700 7 795 237.6900 -106.8000 5 533 199.0300 -79.4500 8 1022 -111.8600 178.3500
9.7087836317e-01 4.1806479432e-02 -5.4780837523e+00
171 124 141
3 6 832 114.4000 1.7300 7 838 135.7200 -49.2300 5 572 108.2900 -10.2500
-2.9074016294e-01 1.7300602525e-02 -4.6495074775e+00
226 178 187
3 6 354 -79.0200 -4.8900 7 833 -30.5300 -61.1300 5 573 -54.7100 -8.4200
-2.8255677805e-01 5.5322521742e-02 -4.6204416842e+00
219 171 182
3 6 551 -78.1400 1.6000 7 837 -29.0700 -56.4700 5 577 -52.1400 -1.8000
-2.4708437685e-01 1.2291451488e-01 -4.5772204461e+00
157 101 112
3 6 558 -73.0800 13.0400 7 845 -23.2100 -46.7400 5 584 -43.3900 9.1800
-2.4708437685e-01 1.2291451488e-01 -4.5772204461e+00
157 101 112
3 6 557 -73.0800 13.0400 7 844 -23.2100 -46.7400 5 585 -43.3900 9.1800
-6.2596854573e-01 1.1726144103e-01 -4.5414339961e+00
215 151 168
4 6 556 -139.1800 12.3200 7 848 -84.6100 -45.1800 5 586 -113.5800 13.9200 8 927 170.8900 114.6500
-2.5236394239e-01 2.5938475552e-01 -4.5413441828e+00
157 99 112
4 6 565 -74.9200 36.9300 7 861 -22.9900 -25.6000 5 589 -40.9100 34.0200 8 670 104.0600 110.4400
-6.1895564278e-01 2.4539258238e-01 -4.5716794035e+00
245 182 191
3 6 563 -136.7600 34.3900 7 568 -81.9300 -24.0700 5 592 -110.1400 38.0400
2.3508710096e-01 5.4918727388e-01 -5.2470951344e+00
233 218 230
4 6 586 11.2700 76.3000 7 901 47.6200 21.0200 5 610 22.7400 73.2000 8 883 25.0400 50.4200
2.5945743740e-01 5.6585097078e-01 -5.2481222944e+00
229 219 231
4 6 587 14.9100 78.6900 7 904 51.1600 23.0200 5 611 26.8000 75.4800 8 639 21.3600 49.1200
-6.0034168769e-01 5.9047822056e-01 -4.5042466629e+00
241 217 230
3 6 595 -136.0800 95.0200 7 918 -77.2300 31.0600 5 621 -100.0200 103.6400
4.6270545706e-01 8.3872230228e-01 -5.4078605758e+00
203 132 150
4 6 922 44.0800 115.4800 7 942 78.2200 58.9300 5 626 53.8200 110.7300 8 846 -14.9900 15.9800
-6.7269271429e-01 6.7585583477e-01 -4.4746895223e+00
232 172 179
3 6 917 -149.8700 110.2100 7 932 -88.9900 46.0800 5 631 -112.0200 122.1800
5.1214009294e-01 9.3565352684e-01 -5.4212405253e+00
152 22 54
4 6 606 50.7300 128.8600 7 609 85.2000 71.4200 5 633 61.6100 123.5400 8 609 -25.9800 5.1900
2.5979592541e+00 -3.1140523796e+00 -9.5482476570e+00
111 103 121
4 6 644 185.4800 -223.5100 7 655 164.8300 -229.7600 5 651 90.3100 -218.4400 8 1098 -8.3900 212.2300
2.3183389702e+00 -3.4622633288e+00 -1.0458983320e+01
100 95 114
3 6 641 151.1400 -224.7200 7 660 130.3500 -227.0800 5 653 51.5500 -217.1600
2.4062538879e+00 -3.3027088274e+00 -1.0220500436e+01
115 112 130
4 6 655 160.5600 -219.9600 7 664 140.0300 -223.6500 5 655 62.5700 -213.2400 8 1057 12.7200 196.1100
2.4205209407e+00 -2.9834418244e+00 -1.0133036692e+01
117 106 126
3 6 681 163.5200 -200.7800 7 683 144.1500 -206.2500 5 670 67.5100 -194.8800
2.3172219124e+00 -2.6026785928e+00 -1.0510524275e+01
73 58 66
3 6 723 151.8100 -167.8100 7 724 134.2000 -174.2300 5 688 56.6400 -162.4800
2.0018814749e+00 -2.1857611341e+00 -1.1300918075e+01
107 92 111
3 6 752 122.9300 -128.8600 7 764 107.3300 -134.7700 5 717 27.4000 -122.1100
1.8195527848e+00 -2.3782247125e+00 -1.2017109623e+01
97 86 99
3 6 750 105.4300 -131.0500 7 765 89.0800 -134.0300 5 718 6.5000 -122.2000
1.9649740293e+00 -1.9989293892e+00 -1.1485554497e+01
107 91 101
3 6 769 119.0600 -115.3200 7 783 103.8600 -121.0600 5 736 23.9300 -108.0600
2.3205446172e+00 -5.5194164296e-01 -5.2749038653e+00
247 142 75
3 6 782 309.1400 -84.5800 7 760 305.9400 -136.5400 5 739 276.5400 -106.0900
2.0414415356e+00 -6.8399692102e-01 -6.0527415149e+00
215 191 85
3 6 780 234.1700 -86.8000 7 774 233.2700 -126.8800 5 744 193.5500 -100.3000
2.3218081512e+00 -3.9858019757e-01 -5.2739303111e+00
249 179 194
3 6 788 309.8500 -62.9000 7 789 308.3300 -116.9100 5 754 279.5600 -86.1000
2.3354307595e+00 -2.3626938941e-01 -5.2196483710e+00
215 78 123
3 6 800 315.6700 -40.2000 7 799 315.6400 -97.9600 5 770 288.0200 -65.8200
9.2089781510e-01 5.3460159832e-02 -5.4789222068e+00
223 194 208
3 6 833 107.3500 3.3500 7 843 129.3900 -47.1700 5 837 101.9300 -8.2200
2.0704702417e-01 5.3640361359e-01 -5.2461468642e+00
239 225 235
3 6 885 6.9600 74.4000 7 898 43.7400 19.5200 5 875 18.4300 71.6300
4.8698888424e-02 5.2721756505e-01 -5.2418329918e+00
209 176 193
3 6 880 -16.4700 73.1100 7 899 21.9200 19.3900 5 881 -5.3800 72.9100
1.4894955645e+00 9.4780817678e-01 -5.1361361758e+00
159 96 109
3 6 608 199.9700 136.6000 7 946 225.4100 66.1700 5 905 210.1700 111.0600
6.1764401058e-01 8.8204894861e-01 -5.4338140899e+00
212 136 155
4 6 928 65.7700 120.9200 7 944 98.6100 63.3400 5 906 74.6500 113.9500 8 848 -36.1400 15.7800
9.8706286353e-01 -2.1087357140e-01 -5.3337323897e+00
215 148 157
2 6 18 118.9300 -35.6200 7 22 140.4300 -84.7100
1.1600345887e-01 4.7741886705e-01 -5.3219057896e+00
243 238 244
2 6 26 -5.9000 65.0700 7 28 29.6900 12.3300
-8.5970452319e-02 5.3653986482e-01 -5.0809292973e+00
34 19 22
2 6 27 -37.8100 76.9500 7 41 3.4700 20.6400
1.8431577159e+00 7.3419302078e-01 -6.0974830100e+00
192 132 142
2 6 28 209.9400 88.2100 7 29 223.5500 35.6000
7.2266409387e-02 2.8861967083e-01 -5.3973010370e+00
235 234 242
2 6 51 -12.2400 37.0000 7 82 22.1000 -11.8000
1.2993699584e-01 1.3169298269e+00 -5.7199096206e+00
161 15 26
2 6 62 -1.6200 173.0500 7 65 33.5400 120.4400
-1.2478423220e+00 -2.9492323349e+00 -1.2542418915e+01
58 58 69
2 6 64 -68.4500 -153.9600 7 71 -81.1300 -149.2000
8.5583994334e-02 1.8848976189e-01 -5.5420055687e+00
198 32 51
2 6 69 -9.6600 22.4600 7 141 22.0600 -23.2300
1.3581924427e+00 3.0887752798e-01 -5.5625570945e+00
67 9 9
2 6 72 166.1700 38.8200 7 81 183.7100 -16.3600
-2.9537973705e+00 2.9891868916e+00 -1.2255647986e+01
23 21 26
2 6 81 -167.3800 177.4400 7 123 -161.1700 181.1500
3.0525263164e-01 -3.5057133360e+00 -1.3323417108e+01
9 9 9
2 6 86 17.1200 -172.9700 7 97 -0.7100 -168.5900
8.0246391251e-01 9.3664917941e-02 -5.5522830451e+00
238 230 239
2 6 91 89.6100 9.2400 7 104 112.8700 -40.1400
1.2365384920e-02 2.2438887339e-01 -5.4520332798e+00
230 212 229
2 6 93 -20.9200 27.2100 7 143 13.8800 -18.7400
2.1642525766e+00 -9.6084102880e-01 -5.7367784541e+00
202 197 106
2 6 116 262.0000 -128.6800 7 127 257.7300 -168.6300
1.1511707484e+00 1.3432477611e-01 -5.4297783334e+00
189 123 137
2 6 124 141.0400 14.7800 7 138 161.0400 -39.2100
3.8017561546e-01 4.7087085136e-01 -5.2776960292e+00
230 208 219
2 6 131 32.6600 64.5500 7 205 66.1500 9.1600
9.5840965813e-02 6.8544860391e-01 -5.3256091824e+00
91 1 7
3 6 137 -8.9500 94.8200 7 215 28.7100 41.2500 8 152 38.0500 23.8700
1.4798554751e+00 1.2590059806e+00 -5.3093922823e+00
169 119 130
2 6 144 191.3200 176.8500 7 161 218.5200 107.3100
7.6744458163e-01 -5.1143298049e+00 -1.4983066740e+01
42 42 51
2 6 149 37.3100 -223.5300 7 174 14.2700 -213.7600
2.2817157898e+00 -3.5058735183e+00 -1.0654296009e+01
37 33 48
3 6 151 146.0100 -222.8700 7 170 125.2200 -224.9000 8 249 26.7100 190.6300
2.2817157898e+00 -3.5058735183e+00 -1.0654296009e+01
37 33 48
3 6 152 146.0100 -222.8700 7 171 125.2200 -224.9000 8 248 26.7100 190.6300
2.8162250473e+00 -2.7131972180e+00 -8.8466581352e+00
60 49 63
2 6 153 217.4100 -212.3200 7 172 197.1100 -222.7500
2.5193832943e+00 -2.5987966536e+00 -9.6968420133e+00
64 55 67
2 6 155 178.5100 -183.5600 7 176 159.8000 -192.4800
2.2687977925e+00 -1.8626974818e+00 -7.9665698556e+00
188 174 148
2 6 156 195.3200 -165.5100 7 177 182.7600 -183.2800
4.4367947599e-01 -3.2906713342e+00 -1.3104108749e+01
104 81 65
2 6 157 24.1400 -165.6100 7 179 7.6100 -161.4800
2.3288699482e+00 -2.6895848578e-01 -5.2529339992e+00
224 181 194
2 6 166 312.7800 -44.4600 7 185 311.9800 -101.1900
2.3288699482e+00 -2.6895848578e-01 -5.2529339992e+00
224 181 194
2 6 167 312.7800 -44.4600 7 186 311.9800 -101.1900
2.0696620076e+00 -2.5129335602e-01 -6.0196799044e+00
220 184 47
2 6 169 239.9500 -33.7900 7 252 242.3100 -79.4200
6.4605792261e-01 1.4866913939e+00 -5.7005737445e+00
67 1 0
3 6 205 66.8200 195.4300 7 225 100.5600 138.7800 8 188 -60.6000 -66.0700
2.5333235768e+00 -3.0273529056e+00 -9.7487076193e+00
53 42 52
3 6 212 177.5100 -212.5000 7 230 157.5000 -218.7600 8 540 -4.3800 199.5300
2.5267563632e+00 -3.0170434799e+00 -9.7218342429e+00
53 42 52
2 6 213 177.5100 -212.5000 7 231 157.5000 -218.7600
2.1673331360e+00 -1.7825382241e+00 -8.2476494192e+00
178 171 140
2 6 216 180.2600 -152.1900 7 236 168.6800 -169.1100
1.4551062605e+00 -2.5990688851e+00 -1.2393629548e+01
110 84 65
2 6 219 81.9200 -138.5500 7 238 65.5400 -139.4900
1.3300558502e+00 -2.5553172613e+00 -1.2416933061e+01
18 29 45
2 6 220 74.8400 -135.7500 7 239 58.7900 -136.6300
1.9622370281e+00 -2.1464863254e+00 -1.1469132086e+01
54 41 43
2 6 223 118.8900 -124.4200 7 243 103.3100 -129.7300
2.3038293795e+00 -4.7128884389e-01 -5.2958225701e+00
225 190 208
3 6 231 305.7000 -72.8100 7 358 303.8600 -125.5800 8 769 -165.6100 226.0300
1.9292168791e+00 3.1117227408e-01 -6.2162769458e+00
147 111 50
2 6 254 216.2500 35.8100 7 391 224.1000 -12.5200
5.6335311388e-01 7.6566029475e-01 -5.3787143942e+00
148 19 29
2 6 267 58.6500 105.6500 7 419 91.3400 48.1500
1.6057892478e+00 1.2389364422e+00 -5.3527741434e+00
69 30 30
2 6 285 207.3700 172.1500 7 308 232.5100 102.9500
2.2240173621e+00 -3.7551844009e+00 -1.0757603893e+01
84 79 97
2 6 295 140.6600 -236.1100 7 458 119.3200 -236.4000
2.4102978095e+00 -3.1615865848e+00 -1.0223489894e+01
98 89 106
3 6 303 160.9700 -210.7500 7 332 141.1600 -214.7600 8 532 9.6000 188.9000
2.6901899918e+00 -2.6784865911e+00 -9.1370978150e+00
56 43 54
2 6 304 201.4100 -202.3600 7 333 182.0100 -212.0700
1.6757248866e+00 -3.6763694862e+00 -1.2489584020e+01
10 10 12
2 6 305 92.7700 -196.0800 7 338 72.6800 -193.7400
1.6810863748e+00 -3.6890197441e+00 -1.2527285190e+01
10 10 12
3 6 306 92.7700 -196.0800 7 339 72.6800 -193.7400 8 514 69.2400 140.2500
2.5603709064e+00 -2.7027459350e+00 -9.6124517938e+00
59 47 61
2 6 308 182.6300 -192.8600 7 334 163.5300 -201.3000
2.5603709064e+00 -2.7027459350e+00 -9.6124517938e+00
59 47 61
2 6 309 182.6300 -192.8600 7 335 163.5300 -201.3000
2.3867104737e+00 -2.8465327553e+00 -1.0222808708e+01
59 52 64
2 6 311 160.2200 -189.6000 7 336 141.2800 -195.6000
2.3867104737e+00 -2.8465327553e+00 -1.0222808708e+01
59 52 64
2 6 312 160.2200 -189.6000 7 337 141.2800 -195.6000
1.5785543624e+00 -2.7964516464e+00 -1.2663098023e+01
47 38 45
2 6 317 87.1800 -145.7400 7 501 69.4800 -146.0400
1.8852165400e+00 -2.3096595366e+00 -1.1657848843e+01
52 42 42
2 6 320 112.2200 -131.8500 7 511 96.4800 -135.7400
1.7942470119e+00 -1.0017145659e+00 -6.5849835521e+00
203 182 70
2 6 324 186.6000 -113.1000 7 504 185.2800 -144.2900
2.3044688378e+00 -4.7274664491e-01 -5.2969636127e+00
227 196 213
2 6 329 305.8200 -73.0300 7 357 303.8600 -125.5800
2.3261817206e+00 -3.1710255048e-01 -5.2486501748e+00
236 188 201
2 6 333 312.3500 -51.5600 7 530 311.4800 -107.3600
2.3306136802e+00 -2.6451219146e-01 -5.2267765158e+00
245 191 207
2 6 336 314.5400 -44.2500 7 532 314.0500 -101.2600
1.9891921556e+00 -2.1504538655e-01 -5.9988204706e+00
114 69 10
2 6 340 231.1500 -29.3800 7 545 234.6600 -75.4600
-3.1022495567e-01 -2.9154260590e-02 -4.6824684006e+00
229 178 190
2 6 351 -81.2200 -12.2900 7 550 -34.1500 -67.5700
-2.2473246453e-01 2.0252723748e-01 -4.5682299694e+00
225 164 172
2 6 366 -69.3800 26.8600 7 562 -19.0000 -34.4600
5.5593874009e-01 2.2102261432e-01 -5.5152825881e+00
125 4 14
2 6 367 56.0400 27.1300 7 387 83.1700 -22.8100
1.9618250861e+00 2.6442028925e-01 -6.2324145046e+00
84 49 7
2 6 369 219.5600 30.1600 7 389 226.4500 -17.8100
-1.7423645777e-01 4.0219382791e-01 -4.5729226094e+00
207 155 168
2 6 376 -60.6800 61.2300 7 576 -8.9600 -2.6000
2.0165725856e+00 5.5971822673e-01 -6.1208356576e+00
176 139 90
2 6 379 230.3400 66.5400 7 404 239.6700 14.3100
4.6110039362e-01 5.0926765415e-01 -5.3195232658e+00
156 27 44
2 6 380 43.9100 69.3300 7 583 77.1100 14.4000
-3.6534595594e-01 5.2624332667e-01 -4.5169048561e+00
189 126 143
2 6 382 -94.9600 83.6700 7 406 -39.2200 18.6400
-3.6534595594e-01 5.2624332667e-01 -4.5169048561e+00
189 126 143
2 6 383 -94.9600 83.6700 7 407 -39.2200 18.6400
3.9726162608e-01 6.2270293286e-01 -5.2034812105e+00
219 197 209
2 6 385 35.3700 87.8100 7 587 71.3000 29.8200
5.2301254818e-01 6.3751207211e-01 -5.2596975419e+00
246 224 228
2 6 387 53.3700 88.8100 7 413 87.9100 31.2900
5.2301254818e-01 6.3751207211e-01 -5.2596975419e+00
246 224 228
2 6 388 53.3700 88.8100 7 414 87.9100 31.2900
-3.8739823136e-01 5.6896238313e-01 -4.5013895538e+00
170 104 126
2 6 391 -99.1500 91.5100 7 411 -42.6700 25.7000
5.9073177094e-01 7.3693024758e-01 -5.4128448013e+00
205 172 197
2 6 393 62.3200 100.9800 7 597 93.8800 43.9900
-4.5957250790e-01 6.2093995209e-01 -4.4807278287e+00
233 178 193
2 6 394 -112.4100 100.9800 7 415 -54.2800 34.9100
-4.9424263276e-01 6.4933939940e-01 -4.4817088184e+00
226 172 182
2 6 396 -118.4000 105.9200 7 417 -59.7800 39.9300
-7.2092793994e-01 6.6516872961e-01 -4.4835023226e+00
229 167 180
2 6 400 -157.5600 108.3600 7 418 -97.1900 44.5100
1.1900544558e+00 9.8808839618e-01 -5.1022009103e+00
184 132 143
2 6 407 156.3300 144.2200 7 433 187.0800 74.7500
2.6572960963e+00 -2.9410168681e+00 -9.3404580567e+00
52 45 57
3 6 435 194.2100 -216.4800 7 468 173.7300 -224.2500 8 1096 -18.2000 211.2400
2.3795659506e+00 -3.2687700799e+00 -1.0322474613e+01
101 97 119
3 6 439 157.3800 -215.3900 7 473 137.1500 -218.9000 8 737 14.4300 190.7400
2.3191930476e+00 -3.2643790141e+00 -1.0429062060e+01
105 97 118
3 6 440 151.9800 -212.6800 7 477 131.9100 -215.9000 8 729 18.6400 186.3200
2.0899521270e+00 -3.4670854695e+00 -1.1152021031e+01
53 51 65
2 6 443 128.2600 -209.7500 7 681 108.3000 -210.5100
2.0734545468e+00 -3.4075203201e+00 -1.1170720094e+01
85 78 96
2 6 445 127.1500 -205.7500 7 479 107.3900 -206.7500
2.0192679761e+00 -3.3648618144e+00 -1.1335018568e+01
39 35 49
3 6 448 122.3000 -199.8000 7 481 102.6500 -200.8500 8 706 42.2900 160.3700
2.6315283421e+00 -2.5983056481e+00 -9.4043533274e+00
57 41 47
2 6 457 191.8500 -190.1200 7 482 173.0500 -199.5900
2.6315283421e+00 -2.5983056481e+00 -9.4043533274e+00
57 41 47
2 6 458 191.8500 -190.1200 7 483 173.0500 -199.5900
2.2842773435e+00 -2.7796906931e+00 -1.0580428218e+01
57 46 54
2 6 466 148.4100 -178.2000 7 715 130.2500 -183.3700
1.5701265486e+00 -3.4734126050e+00 -1.2918536999e+01
88 85 103
2 6 467 84.7100 -178.1300 7 491 65.0500 -175.8900
2.2956870660e+00 -1.9442609972e+00 -7.8919334882e+00
187 178 144
2 6 470 199.2500 -174.6200 7 484 186.2400 -192.0100
2.4173747654e+00 -2.4801531151e+00 -9.9893509429e+00
67 55 65
2 6 473 166.4400 -169.5500 7 719 149.0600 -177.7600
1.6274618941e+00 -3.0928323686e+00 -1.2695213562e+01
54 48 60
2 6 479 89.3300 -161.3900 7 495 70.8800 -160.5900
2.1680646474e+00 -1.8481382730e+00 -8.1963909187e+00
113 98 80
2 6 480 181.3700 -158.8600 7 492 169.3000 -175.6900
2.0082707098e+00 -2.3636506989e+00 -1.1373792540e+01
63 47 57
2 6 486 122.2200 -139.0700 7 506 106.2600 -143.5200
2.2059038653e+00 -2.1909475469e+00 -1.0683178828e+01
121 118 134
2 6 488 142.7600 -138.3000 7 503 127.0100 -145.6500
2.0043960367e+00 -7.3203121295e-01 -6.1339043755e+00
216 192 86
2 6 504 226.5100 -90.9700 7 516 225.4300 -129.8000
2.3097185718e+00 -4.9797867672e-01 -5.3673918026e+00
221 70 104
2 6 511 302.3600 -75.1600 7 776 299.8200 -126.6000
2.3066418964e+00 -4.2481880406e-01 -5.3351794446e+00
239 180 193
2 6 516 304.1000 -65.5000 7 786 302.3600 -118.4300
1.9218297525e+00 -4.6357904199e-01 -6.3087031288e+00
228 191 78
2 6 519 211.3600 -55.9900 7 534 212.3600 -96.1800
2.0849311615e+00 -3.7731544435e-01 -5.9540552730e+00
229 196 57
2 6 525 244.3800 -50.1900 7 535 245.4900 -95.3000
2.0849311615e+00 -3.7731544435e-01 -5.9540552730e+00
229 196 57
2 6 526 244.3800 -50.1900 7 536 245.4900 -95.3000
8.6548205243e-01 -2.7894554755e-01 -5.3461196300e+00
169 46 60
2 6 529 101.5700 -44.8000 7 806 122.9900 -93.0300
2.0401197294e+00 -2.8091694679e-01 -6.0043724824e+00
97 62 2
2 6 532 236.9600 -37.6000 7 816 239.4100 -83.0000
2.3345722705e+00 -2.1439557088e-01 -5.2098613205e+00
232 191 210
2 6 533 316.2300 -37.2500 7 800 316.3700 -95.2000
2.0172896854e+00 -2.4743500134e-01 -6.0086125424e+00
120 75 14
2 6 535 234.1000 -33.3600 7 818 237.0300 -79.0400
2.3349287416e+00 -1.6834459668e-01 -5.2449784903e+00
240 192 195
2 6 536 314.3600 -30.0900 7 543 314.5900 -88.4400
1.9805635386e+00 2.7798428803e-01 -6.1905320598e+00
176 139 48
3 6 562 223.2400 31.6400 7 571 230.2300 -16.5600 8 660 -132.1600 95.1600
-1.5772015907e-01 4.1746791675e-01 -4.6094547020e+00
171 123 144
2 6 577 -57.0900 63.4700 7 578 -6.3000 0.0600
-1.4738602086e-01 4.4107313342e-01 -4.6313818775e+00
220 191 199
2 6 581 -54.8200 67.3200 7 581 -4.6100 3.8600
-7.1790718570e-01 4.4926144077e-01 -4.5251517500e+00
173 160 195
2 6 583 -155.4700 69.8000 7 582 -97.3800 9.2300
2.7063020527e-01 5.4741818405e-01 -5.2519504371e+00
73 21 45
2 6 585 16.3300 75.8800 7 900 52.5200 20.6200
4.6696306515e-01 5.8711864405e-01 -5.2691335236e+00
243 214 219
2 6 588 45.2300 81.4500 7 586 79.4200 24.6500
2.7805049722e-01 6.2728527147e-01 -5.2889999164e+00
71 6 13
2 6 591 17.5600 87.1700 7 588 53.5200 31.5900
-3.6503677708e-01 5.6389935565e-01 -4.5225896634e+00
237 174 184
2 6 592 -94.5900 90.2700 7 909 -38.9600 24.7200
-6.0640879919e-01 6.4338388562e-01 -4.4686270861e+00
228 165 173
2 6 597 -138.4900 104.9800 7 590 -78.5600 39.9700
-6.5563902302e-01 7.1576963890e-01 -4.4889166621e+00
157 100 122
2 6 605 -146.0000 117.2000 7 601 -85.9000 52.3200
-3.8467375888e+00 3.7892494265e+00 -1.2008849459e+01
146 93 86
2 6 619 -219.3700 225.4000 7 1037 -212.5600 230.5400
2.1061218988e+00 -3.8106152158e+00 -1.1103514993e+01
51 45 59
2 6 630 129.3300 -231.3900 7 652 108.0600 -230.9300
2.1430831148e+00 -3.7484782654e+00 -1.0979680579e+01
89 87 105
2 6 631 132.9900 -230.5400 7 653 111.9700 -230.4100
9.1905511690e-01 -5.2163883226e+00 -1.4848803482e+01
48 48 57
2 6 632 44.3900 -230.3300 7 670 20.9900 -220.5000
2.1341287461e+00 -3.6403640025e+00 -1.0951560958e+01
88 85 102
2 6 642 132.9600 -224.5500 7 662 112.2300 -225.0200
2.5484839353e+00 -3.1736487052e+00 -9.7742632187e+00
59 54 71
3 6 650 177.7900 -222.0100 7 657 157.1700 -227.3700 8 752 -1.8300 206.5900
2.8038209183e+00 -2.7970054167e+00 -8.8580351126e+00
56 47 62
2 6 658 215.9600 -218.4100 7 656 195.2900 -228.3200
2.2732081755e+00 -3.3516906640e+00 -1.0643434294e+01
99 95 118
3 6 662 146.0200 -213.4700 7 677 125.7000 -215.8900 8 1030 24.3600 183.3600
2.2189739524e+00 -3.3983783409e+00 -1.0863376300e+01
56 46 58
2 6 666 139.7500 -211.5600 7 680 119.4700 -213.4300
2.6716345703e+00 -2.8117905445e+00 -9.3368156533e+00
117 110 126
3 6 674 195.6500 -207.1000 7 676 175.8600 -215.8000 8 1079 -21.9300 204.4600
2.2508881995e+00 -3.1616303573e+00 -1.0585947196e+01
53 46 61
2 6 679 145.5500 -202.6500 7 686 126.1400 -206.0100
2.3938490777e+00 -3.0153821504e+00 -1.0204679920e+01
68 59 74
2 6 680 160.5500 -201.3400 7 684 141.1900 -206.3400
2.0584799432e+00 -3.3296208661e+00 -1.1289135584e+01
88 81 97
2 6 685 125.2000 -198.6200 7 692 105.5400 -199.8900
1.5544168111e+00 -3.8441419053e+00 -1.2879949985e+01
36 26 32
3 6 688 83.7200 -198.2300 7 699 63.1600 -194.6600 8 959 78.4400 137.1800
2.3763271665e+00 -2.9405886721e+00 -1.0243717195e+01
100 93 109
2 6 691 158.9600 -195.5000 7 691 139.8800 -200.8200
1.8912908163e+00 -3.4430127481e+00 -1.1847767196e+01
52 47 68
2 6 692 109.9400 -194.6600 7 697 90.2400 -194.3500
1.8912908163e+00 -3.4430127481e+00 -1.1847767196e+01
52 47 68
2 6 693 109.9400 -194.6600 7 698 90.2400 -194.3500
2.5129545503e+00 -2.6704523406e+00 -9.7380388516e+00
47 34 47
2 6 698 177.0200 -187.8800 7 695 158.4000 -195.9900
2.0031023826e+00 -3.2146771623e+00 -1.1530439503e+01
90 78 86
2 6 699 119.6200 -187.2500 7 708 100.4400 -188.4700
1.7486442287e+00 -3.4257499782e+00 -1.2243504716e+01
44 36 49
3 6 701 99.0300 -186.5400 7 713 79.2300 -185.6000 8 957 61.1100 136.2800
2.3214076797e+00 -2.7816142066e+00 -1.0336197823e+01
57 46 60
2 6 704 154.2200 -183.0600 7 705 135.9200 -188.8700
1.8906092133e+00 -3.1105913513e+00 -1.1813478383e+01
57 49 60
2 6 712 110.5400 -176.2200 7 722 91.8900 -177.1800
1.8877747046e+00 -3.0283412155e+00 -1.1764902385e+01
89 85 99
2 6 718 110.8700 -172.2800 7 726 92.5100 -173.6200
1.8877747046e+00 -3.0283412155e+00 -1.1764902385e+01
89 85 99
2 6 719 110.8700 -172.2800 7 727 92.5100 -173.6200
2.3664246009e+00 -2.4432249091e+00 -1.0217690409e+01
106 99 115
2 6 732 159.5500 -162.6900 7 732 142.3300 -170.5200
2.3664246009e+00 -2.4432249091e+00 -1.0217690409e+01
106 99 115
2 6 733 159.5500 -162.6900 7 733 142.3300 -170.5200
2.2873940973e+00 -2.4799151507e+00 -1.0441890220e+01
64 53 67
2 6 735 150.9200 -161.1700 7 737 133.9100 -168.0200
2.2873940973e+00 -2.4799151507e+00 -1.0441890220e+01
64 53 67
2 6 737 150.9200 -161.1700 7 739 133.9100 -168.0200
1.1942484449e+00 -3.1388851563e+00 -1.4161605644e+01
74 67 78
2 6 744 60.2100 -144.4700 7 756 41.5100 -140.8000
2.0430539756e+00 -2.1856577544e+00 -1.1247690275e+01
68 55 68
2 6 751 126.0600 -129.7200 7 763 110.2000 -135.6300
2.1653450288e+00 -9.5866339070e-01 -5.7389900138e+00
197 196 106
2 6 753 262.0900 -128.3000 7 736 257.7200 -168.3400
2.2125343300e+00 -1.9947669147e+00 -1.0703501953e+01
71 60 79
2 6 758 143.1800 -125.2500 7 768 128.1000 -133.3900
2.0797633949e+00 -1.9917286680e+00 -1.0965163062e+01
91 79 87
2 6 760 131.5700 -121.4300 7 771 116.6000 -128.7600
2.0797633949e+00 -1.9917286680e+00 -1.0965163062e+01
91 79 87
2 6 761 131.5700 -121.4300 7 772 116.6000 -128.7600
1.9241807846e+00 -2.0342880673e+00 -1.1547884770e+01
62 50 55
2 6 768 116.0000 -116.6100 7 782 100.7200 -122.1600
2.3122898207e+00 -3.8891903017e-01 -5.3197343430e+00
233 187 193
2 6 790 305.8500 -60.7300 7 790 304.5100 -114.3500
2.0959777310e+00 -1.8768437775e-01 -5.9338411846e+00
175 144 33
2 6 814 246.9600 -26.5500 7 823 249.6600 -74.0700
2.3399713280e+00 -1.3291981126e-01 -5.2348976771e+00
237 192 205
2 6 816 315.6900 -25.1300 7 815 316.4100 -84.0700
2.0249161231e+00 4.9446093340e-01 -6.0801223025e+00
139 84 16
2 6 860 233.0600 58.9300 7 882 241.6500 6.4900
-5.0505088346e-01 4.3355246379e-01 -4.5176845400e+00
182 160 191
2 6 874 -119.0900 67.4600 7 878 -62.9900 4.5900
-6.7646626335e-01 4.7144504941e-01 -4.4996489467e+00
147 198 228
2 6 884 -149.4800 74.0700 7 891 -90.9200 12.3000
-5.6592229589e-01 5.8113763725e-01 -4.4963362304e+00
235 199 217
2 6 899 -130.4000 93.5100 7 916 -71.9800 29.3300
5.9268730874e-01 7.7735159879e-01 -5.3899927544e+00
202 159 176
2 6 912 62.7600 107.1000 7 935 95.0700 49.4700
-4.7900903275e-01 6.6666967029e-01 -4.4821297148e+00
146 87 107
2 6 915 -115.6900 109.0000 7 927 -57.1300 42.6500
4.6405409439e-01 8.3981187226e-01 -5.4114324784e+00
203 132 150
2 6 921 44.0800 115.4800 7 941 78.2200 58.9300
-5.7026574932e-01 7.3136581114e-01 -4.4930989811e+00
216 161 173
2 6 926 -131.1300 119.8900 7 938 -71.5100 54.2200
5.8316289547e-01 9.6314976664e-01 -5.4440605194e+00
142 34 59
3 6 929 60.7000 131.9600 7 951 94.3200 74.5200 8 827 -35.3900 3.8100
-3.8197282974e+00 3.3206962720e+00 -1.1917644451e+01
144 80 72
2 6 951 -220.4700 200.4400 7 985 -214.1000 205.3800
-5.2624461682e+00 3.4089886045e+00 -1.1749465546e+01
128 72 58
2 6 958 -302.8900 204.9400 7 1001 -297.7800 214.9700
-5.2624461682e+00 3.4089886045e+00 -1.1749465546e+01
128 72 58
2 6 959 -302.8900 204.9400 7 1002 -297.7800 214.9700
-5.4131185203e+00 3.3987396542e+00 -1.1676493822e+01
125 72 64
2 6 960 -312.8700 205.0800 7 639 -307.9200 215.6100
-5.4131185203e+00 3.3987396542e+00 -1.1676493822e+01
125 72 64
2 6 961 -312.8700 205.0800 7 640 -307.9200 215.6100
-3.7475253766e+00 3.4731193989e+00 -1.2019633764e+01
129 57 41
2 6 963 -214.2400 207.6000 7 995 -207.8600 212.4500
-3.8406082229e+00 3.4928920376e+00 -1.2081733734e+01
130 57 30
2 6 964 -218.0200 207.6600 7 996 -212.0800 212.7500
-4.9460633490e+00 3.4792700258e+00 -1.1713957913e+01
130 72 56
2 6 975 -286.7500 210.2100 7 1006 -280.6900 219.2100
-3.7145499646e+00 3.5510953364e+00 -1.1996349744e+01
132 53 30
2 6 980 -212.7200 212.4600 7 1005 -206.1600 217.1000
-4.8249627652e+00 3.5903919313e+00 -1.1782600019e+01
134 72 65
2 6 985 -278.1900 215.7700 7 1023 -272.1000 224.3100
-4.7830831592e+00 3.6780581282e+00 -1.1756720874e+01
135 75 58
2 6 992 -276.4700 221.1600 7 1036 -269.9000 229.7600
-3.4295061067e+00 3.7669369228e+00 -1.2028863374e+01
143 85 86
2 6 994 -196.1600 224.4100 7 1033 -188.7600 228.3900
2.2004790344e+00 -1.4136285691e+00 -5.5688423876e+00
214 38 63
2 6 21 272.4100 -192.2800 5 12 227.0900 -203.4800
7.4277802726e-01 2.6903926426e-01 -5.4328751886e+00
204 29 53
2 6 24 83.2600 34.5700 5 21 83.1600 23.4800
7.4277802726e-01 2.6903926426e-01 -5.4328751886e+00
204 29 53
2 6 25 83.2600 34.5700 5 22 83.1600 23.4800
-4.9017403394e-01 -2.1691123160e-01 -4.9235191441e+00
235 183 196
2 6 48 -103.9900 -41.0300 5 48 -96.7200 -40.2700
-5.2139067829e-01 5.1744221996e-01 -4.5044557423e+00
162 189 226
2 6 76 -122.3300 82.8800 5 87 -86.2600 87.4700
1.9780174485e+00 9.9370061203e-01 -5.7993382240e+00
212 176 116
2 6 79 238.8400 126.9200 5 112 224.1600 100.4300
-3.2768717964e+00 3.5966403829e+00 -1.4971850917e+01
29 26 34
2 6 145 -147.0300 176.2100 5 236 -238.7800 219.9500
8.2770256196e-01 1.6013506452e-02 -5.5446392251e+00
81 4 10
2 6 176 93.1200 -1.7300 5 201 86.0300 -11.3600
-3.2421381054e+00 3.9742594006e+00 -1.7469530199e+01
96 85 103
2 6 201 -121.8400 166.7400 5 233 -219.2500 209.9500
1.1737256614e+00 -2.5907755310e+00 -1.3155249138e+01
25 29 49
2 6 222 63.0200 -128.6700 5 246 -40.4800 -116.5400
1.8068026506e+00 -9.0044917918e-01 -6.5456463813e+00
203 178 60
2 6 225 189.4500 -102.4000 5 247 142.0800 -111.2500
1.2401815248e+00 -2.5710287254e-02 -5.2340343662e+00
215 151 156
2 6 240 159.1300 -9.2300 5 271 156.1000 -26.2400
7.4794913918e-01 8.6016192682e-02 -5.5961569357e+00
199 45 81
2 6 246 81.4800 8.3100 5 277 74.2900 -0.4500
3.7898515429e-01 1.3800790346e-01 -5.4335562272e+00
204 42 82
2 6 249 31.5500 15.7400 5 280 30.9900 9.9200
7.5886750790e-01 1.6942146117e-01 -5.5275056881e+00
111 13 20
2 6 252 83.9900 19.6500 5 282 79.8700 10.5000
-3.3857033967e-01 3.8058628449e-01 -4.5368280306e+00
211 160 172
2 6 256 -89.7600 58.2300 5 213 -54.8100 58.1200
5.6144912414e-01 8.0425803979e-01 -5.4314490497e+00
138 12 28
2 6 272 57.7200 109.9700 5 301 66.2600 103.6900
-6.1956393374e-01 6.9084083849e-01 -4.4738516157e+00
224 165 176
3 6 274 -140.0400 113.3900 5 311 -101.7500 123.9300 8 309 143.1800 31.6200
1.9494031995e+00 -2.2776434297e+00 -1.1647937944e+01
104 96 105
2 6 323 116.3000 -130.1100 5 349 19.1300 -121.9800
8.6320679362e-01 3.3852629359e-02 -5.5211402627e+00
223 197 213
2 6 360 98.4700 0.8100 5 391 91.9800 -9.7400
2.0220720263e+00 5.0155558966e-01 -6.0675765278e+00
149 93 24
3 6 375 233.2100 60.1100 5 404 206.4300 39.4300 8 490 -150.4700 79.7600
1.0666498524e+00 5.5326989039e-01 -5.3500165393e+00
102 6 13
2 6 381 131.2000 75.2100 5 414 135.1600 59.7200
-5.1647855741e-01 8.3260543290e-01 -4.5432177165e+00
158 124 143
2 6 406 -119.8700 136.1200 5 456 -79.8500 146.7200
2.7663260173e+00 -2.9511058479e+00 -9.0137215651e+00
122 117 137
3 6 430 209.2100 -226.0200 5 471 116.5300 -221.7000 8 1129 -28.5000 225.8500
2.5715308448e+00 -3.1073755654e+00 -9.6742333505e+00
117 111 132
2 6 433 181.2900 -220.0300 5 474 85.9500 -214.5300
2.1812277117e+00 -2.9313695100e+00 -1.0869890371e+01
108 101 117
2 6 462 137.9600 -182.4300 5 490 39.9900 -175.1500
2.4898012736e+00 -2.4645086510e+00 -9.8662683652e+00
120 114 129
2 6 471 173.5800 -170.9000 5 497 81.5300 -166.8600
2.4246606949e+00 -2.4891925325e+00 -1.0022589941e+01
67 55 65
2 6 474 166.4400 -169.5500 5 499 73.7800 -165.0900
2.0948168109e+00 -1.2459411433e+00 -5.8044887551e+00
201 153 45
2 6 477 248.9500 -162.9300 5 492 204.4800 -173.7000
2.0948168109e+00 -1.2459411433e+00 -5.8044887551e+00
201 153 45
2 6 478 248.9500 -162.9300 5 493 204.4800 -173.7000
2.2155959370e+00 -2.3103327734e+00 -1.0818816558e+01
74 53 61
2 6 482 141.6100 -144.0100 5 505 47.1300 -137.8600
2.0106899192e+00 -7.0030786251e-01 -6.1260188637e+00
217 194 83
3 6 507 227.6400 -87.0500 5 355 186.2300 -100.2100 4 492 263.0100 -79.7100
2.0453083999e+00 -6.0671770292e-01 -6.0584610459e+00
163 137 40
2 6 509 234.6400 -76.9100 5 359 194.6700 -91.5300
2.0712000862e+00 -3.9952425468e-01 -5.9374706956e+00
225 194 63
3 6 521 243.4800 -53.3600 5 374 207.0700 -69.6400 4 510 256.4900 -38.8500
-5.5871259784e-01 3.6776866590e-01 -4.5432130663e+00
245 237 249
2 6 573 -127.4800 55.5800 5 415 -96.3300 60.1500
1.0490557191e+00 4.6970567211e-01 -5.3648904954e+00
201 41 74
2 6 576 128.2700 63.0000 5 408 130.7800 48.0600
2.7618496873e+00 -3.0608892149e+00 -9.1949618595e+00
116 113 136
2 6 633 204.5000 -229.2000 5 649 110.5900 -224.3200
2.3659539489e+00 -3.3087456940e+00 -1.0257994649e+01
51 47 63
3 6 656 157.4100 -219.5200 5 476 59.3300 -212.5900 8 1054 15.7000 194.6700
2.7432424730e+00 -2.8059778649e+00 -9.0951635796e+00
115 100 121
2 6 663 205.9700 -213.0800 5 659 114.2100 -209.2200
2.6219898856e+00 -2.9112894803e+00 -9.4525742607e+00
32 30 45
3 6 665 189.5700 -211.6800 5 660 96.0000 -207.0400 8 1080 -15.3800 205.0700
2.4975891871e+00 -3.0154627922e+00 -9.9599886655e+00
115 109 126
2 6 675 171.4500 -207.0200 5 664 75.7900 -201.0400
2.2436241762e+00 -3.1694785179e+00 -1.0729999745e+01
113 109 127
2 6 682 143.3000 -200.1200 5 674 44.4300 -192.8100
2.4533742922e+00 -2.5337796647e+00 -9.9277832928e+00
67 61 76
2 6 714 169.8600 -174.5800 5 495 77.3000 -170.0300
2.2861916600e+00 -2.7125567270e+00 -1.0546111176e+01
116 108 123
2 6 716 149.1300 -174.5700 5 681 53.3800 -168.3700
2.3144009805e+00 -2.4625962360e+00 -1.0346799982e+01
104 104 123
2 6 734 154.1400 -161.6100 5 695 60.5100 -156.6600
2.3916231967e+00 -2.3504656285e+00 -1.0078055447e+01
111 103 121
2 6 738 163.5100 -159.0600 5 696 71.5700 -154.6300
1.9653488892e+00 -1.9989035084e+00 -1.1484689044e+01
107 91 101
2 6 770 119.0600 -115.3200 5 737 23.9300 -108.0600
2.3012394307e+00 -4.4972680115e-01 -5.3023263049e+00
208 106 133
2 6 785 305.2300 -69.6100 5 750 274.1700 -91.9600
2.3012394307e+00 -4.4972680115e-01 -5.3023263049e+00
208 106 133
2 6 786 305.2300 -69.6100 5 751 274.1700 -91.9600
2.2946835074e+00 -3.9630858736e-01 -5.3278244724e+00
206 60 87
2 6 789 303.0200 -61.5900 5 755 272.4400 -84.3200
2.3212259353e+00 -3.4135445942e-01 -5.2852939918e+00
208 95 123
2 6 791 309.3800 -54.4800 5 759 279.6000 -78.2400
2.0996161326e+00 -3.6411400717e-01 -5.9132944386e+00
167 135 16
2 6 795 247.9200 -49.0700 5 771 212.3500 -66.1400
-5.2922774546e-01 -1.9676850766e-01 -4.8528943934e+00
165 188 229
2 6 802 -112.2600 -38.9800 5 795 -102.5000 -37.6600
2.3320330317e+00 -1.4807148835e-01 -5.2490408521e+00
215 80 98
2 6 810 313.7100 -27.2600 5 779 286.9500 -53.3800
2.3320330317e+00 -1.4807148835e-01 -5.2490408521e+00
215 80 98
2 6 811 313.7100 -27.2600 5 780 286.9500 -53.3800
2.1169775559e+00 4.0651607406e-03 -5.8683631701e+00
167 136 16
2 6 829 252.8100 -2.5300 5 820 222.2300 -22.5700
2.2761963609e+00 1.0748219277e-01 -5.3841977940e+00
184 158 92
2 6 837 298.5100 9.9600 5 826 274.3800 -16.9400
-3.7844546752e-01 4.1898713592e-01 -4.5625172589e+00
220 158 170
2 6 868 -95.9200 64.3300 5 872 -61.9700 66.1700
3.1221368594e-01 6.0040896174e-01 -5.2577423074e+00
187 157 176
2 6 890 22.5500 83.7200 5 891 34.5500 79.4900
-4.5623404001e-01 8.1376673752e-01 -4.5531107056e+00
132 93 111
2 6 931 -109.2300 132.7900 5 913 -69.0900 141.4500
-2.3684613995e+00 2.9044414062e+00 -1.1822372871e+01
91 86 95
3 6 940 -139.8100 179.4700 5 641 -217.0500 222.2800 4 719 -261.3500 -177.5400
1.5321141800e+00 3.5737141536e-01 -5.8012730415e+00
205 41 51
2 7 4 196.5500 -9.2700 5 7 165.1700 27.8000
-2.3795668826e+00 1.5488359734e+00 -1.2174626287e+01
124 105 114
2 7 92 -134.9400 98.5300 5 91 -224.1600 134.0800
1.7729364536e+00 -9.7798861081e-01 -6.5266219172e+00
226 207 90
2 7 98 185.1900 -143.7600 5 67 138.4200 -119.5500
-4.7367737794e-01 3.1874890485e-01 -4.6353605338e+00
223 153 168
2 7 106 -57.4100 -12.8700 5 55 -82.4900 49.3400
-4.7367737794e-01 3.1874890485e-01 -4.6353605338e+00
223 153 168
2 7 107 -57.4100 -12.8700 5 56 -82.4900 49.3400
1.2970474111e+00 1.3696214639e-01 -5.3489454957e+00
132 26 23
2 7 137 182.9000 -40.7900 5 141 159.2800 -2.5400
9.6490172513e-01 1.6134348128e-01 -5.5666229070e+00
135 14 22
2 7 139 133.5500 -32.2700 5 207 105.0200 6.9800
-6.1196427142e-01 2.1255877473e-01 -4.5527922370e+00
223 160 168
2 7 140 -81.6000 -29.7000 5 105 -109.1400 31.7800
1.3586623126e+00 1.1656163062e+00 -5.1954518114e+00
200 144 155
2 7 159 207.1500 97.0700 5 164 191.8600 144.2400
-1.8066894562e+00 1.8109189693e+00 -1.1276312293e+01
121 100 115
3 7 164 -108.9900 117.9400 5 165 -191.8100 154.8200 8 102 167.9100 -199.9500
-2.5038365736e-01 -8.6527072895e-02 -4.8636119183e+00
251 208 218
2 7 192 -25.0100 -71.7000 5 195 -53.4500 -23.8000
1.1291419002e+00 8.5076270411e-02 -5.3129784553e+00
134 59 62
2 7 197 161.9900 -47.2700 5 202 138.5500 -8.2300
7.4226568100e-01 -2.2476767295e+00 -1.2060610254e+01
150 127 125
2 7 246 29.6000 -123.8500 5 248 -55.1900 -110.7500
-4.9976977578e-01 3.0326169286e-01 -4.5384680900e+00
217 152 166
2 7 271 -62.8500 -16.3600 5 210 -86.3200 46.8700
4.6291491601e-01 5.8859451349e-01 -5.2857512812e+00
249 236 236
2 7 291 78.6200 24.7400 5 219 55.1300 75.2200
2.0140529926e+00 -1.6593995539e+00 -8.6797301897e+00
197 186 164
2 7 353 148.6400 -148.9500 5 346 81.9700 -132.6000
1.8020602915e+00 -9.1335366336e-01 -6.5348278574e+00
234 210 88
2 7 356 188.4400 -136.9100 5 352 141.9100 -112.6200
2.0549821947e+00 -5.2134282431e-01 -5.9788245145e+00
243 216 80
3 7 360 239.6200 -111.0700 5 363 201.6400 -82.9900 8 528 -112.5800 182.7800
2.0842957733e+00 -4.2732410694e-01 -5.9068933068e+00
190 158 35
4 7 363 247.1200 -102.2700 5 368 210.0300 -74.0600 8 527 -121.4100 179.2000 4 513 260.8500 -37.5200
2.0862268333e+00 -4.2668715475e-01 -5.9079112143e+00
190 158 35
3 7 364 247.1200 -102.2700 5 369 210.0300 -74.0600 4 512 260.8500 -37.5200
-2.7852467872e-01 3.3701462616e-01 -4.5280964136e+00
186 125 131
3 7 390 -26.5500 -12.9600 5 410 -44.2000 49.1200 8 662 104.3600 98.9500
-3.1124312720e-01 3.9357526486e-01 -4.5308512471e+00
149 91 108
2 7 394 -31.2600 -3.7100 5 416 -49.4800 60.5300
-6.1216626716e-01 7.2078855794e-01 -4.4906356112e+00
184 119 134
2 7 425 -78.5300 52.7200 5 447 -99.6300 129.1000
2.2157330158e+00 -2.2002618455e+00 -1.0716397030e+01
153 149 170
2 7 502 127.0100 -145.6500 5 509 49.6000 -132.9600
1.9867238928e+00 -7.0526164050e-01 -6.1552127790e+00
184 192 135
2 7 521 223.0300 -126.0000 5 520 182.0100 -100.1300
1.9940898584e+00 -7.1078641099e-01 -6.1733928116e+00
184 192 135
3 7 522 223.0300 -126.0000 5 521 182.0100 -100.1300 4 789 259.5200 -84.7100
2.0592225593e+00 -4.7776548308e-01 -5.9827032713e+00
246 219 83
4 7 531 240.4300 -105.6100 5 535 202.2300 -78.2700 8 719 -115.0300 178.5000 4 804 258.7300 -49.2300
1.1484814094e+00 -2.4499346759e-01 -5.2343545218e+00
163 93 103
2 7 538 163.9700 -93.0800 5 543 140.3000 -56.9900
1.2232362740e+00 -6.0040063970e-02 -5.2182257467e+00
156 83 91
2 7 549 176.4200 -69.2100 5 555 154.2500 -31.4100
-2.9424328061e-01 3.1898131025e-01 -4.5293314488e+00
247 197 208
2 7 572 -29.3000 -15.7400 5 599 -47.4900 46.0400
2.4824394732e+00 -2.8670500923e+00 -9.9081635075e+00
140 131 150
2 7 689 152.3400 -204.4000 5 673 76.9800 -192.8100
2.4047674314e+00 -2.5380480234e+00 -1.0087757327e+01
128 115 128
2 7 717 146.2900 -179.3100 5 682 70.7800 -166.9800
2.2653763760e+00 -2.6775844203e+00 -1.0579492023e+01
80 68 82
2 7 721 129.5600 -177.3000 5 683 51.7000 -165.5600
2.0087391377e+00 -7.8737928404e-01 -6.1114060197e+00
200 170 46
2 7 761 226.2600 -136.2500 5 730 185.4600 -110.7700
2.0087391377e+00 -7.8737928404e-01 -6.1114060197e+00
200 170 46
2 7 762 226.2600 -136.2500 5 731 185.4600 -110.7700
2.0523418288e+00 -7.4452713691e-01 -6.0393500444e+00
200 173 44
4 7 767 234.5900 -133.5800 5 515 194.9400 -107.2800 8 1064 -101.3500 199.5400 4 794 274.3800 -75.1800
2.0129397552e+00 -7.2506148839e-01 -6.0815036202e+00
196 170 45
2 7 769 228.6500 -130.5300 5 518 188.3300 -104.2000
2.0129397552e+00 -7.2506148839e-01 -6.0815036202e+00
196 170 45
2 7 770 228.6500 -130.5300 5 519 188.3300 -104.2000
1.8704679608e+00 -2.0982563041e+00 -1.1737742338e+01
74 49 49
2 7 780 95.6100 -122.9000 5 735 14.4200 -110.1300
2.0850310486e+00 -3.9510438112e-01 -5.9036066039e+00
206 173 42
4 7 797 247.7800 -98.5800 5 540 210.7300 -70.0700 8 1019 -123.4500 176.0200 4 1231 259.1600 -35.2400
-6.3323598726e-01 -3.0203994106e-01 -5.0909520032e+00
236 189 200
2 7 805 -80.2500 -93.5400 5 377 -122.7400 -49.6200
2.0821537977e+00 -2.9414554110e-01 -5.9645948890e+00
206 171 32
2 7 814 245.6400 -85.5200 5 544 208.4800 -56.7200
-6.6443531603e-01 -1.5583314085e-01 -4.9157911535e+00
157 204 237
2 7 821 -86.4600 -77.3500 5 805 -125.6100 -28.8100
-6.7018132312e-01 -1.1471839265e-01 -4.8751659615e+00
119 141 190
2 7 824 -87.7000 -72.3600 5 563 -125.9500 -22.4700
9.1268401747e-01 1.4504111900e-01 -5.5440249505e+00
150 41 66
2 7 855 127.5400 -34.5000 5 844 98.9900 5.3300
-6.3570949997e-01 3.0201264620e-01 -4.5554869915e+00
228 166 183
3 7 864 -84.4100 -15.0200 5 601 -112.3900 49.1300 8 656 163.9400 86.0500
-4.3601465005e-01 3.6812372892e-01 -4.5397020186e+00
202 130 146
3 7 870 -51.9000 -6.3500 5 870 -73.1800 57.8500 8 657 128.3100 86.3600
4.2627714286e-01 5.7960574517e-01 -5.2457927518e+00
155 106 126
2 7 905 74.1400 23.9000 5 882 51.4600 74.4700
4.3802902069e-01 6.0063987299e-01 -5.2556551971e+00
247 224 229
2 7 913 75.7700 26.7000 5 613 53.0600 77.4300
-7.6432318723e-01 7.3075691837e-01 -4.5250124011e+00
249 196 203
2 7 939 -102.9000 55.6500 5 912 -128.8300 133.4600
1.5652573674e+00 1.2626543124e+00 -5.3408338710e+00
189 140 135
2 7 960 228.0200 106.4800 5 915 209.5100 150.6900
9.0944603318e-01 4.7244414859e-01 -5.3416322478e+00
213 195 202
2 6 97 108.1500 63.2900 8 163 -55.4500 80.4000
9.0944603318e-01 4.7244414859e-01 -5.3416322478e+00
213 195 202
2 6 98 108.1500 63.2900 8 162 -55.4500 80.4000
2.4693976448e+00 -3.0776452501e+00 -9.9987847336e+00
65 50 61
2 6 441 168.7600 -210.1200 8 1050 2.6200 192.7700
1.8185086210e+00 -3.6838105548e+00 -1.2072584411e+01
90 91 111
2 6 446 103.6700 -204.0500 8 972 61.0600 152.9800
1.8185086210e+00 -3.6838105548e+00 -1.2072584411e+01
90 91 111
2 6 447 103.6700 -204.0500 8 971 61.0600 152.9800
-2.7137361197e-01 2.6108805283e-01 -4.5211640449e+00
225 173 182
2 6 566 -78.5400 37.2500 8 671 107.0400 110.9300
5.4888787590e-01 9.6892867465e-01 -5.4370758090e+00
140 30 54
2 6 932 55.8100 133.0200 8 825 -31.7100 1.8800
1.5494240802e+00 2.5905257686e+00 -7.0968932082e+00
141 136 153
2 7 69 169.5900 220.7500 8 63 -152.1000 -166.3500
-3.3962723048e-01 3.7408562699e-01 -4.5285945711e+00
240 193 203
2 7 144 -36.2300 -6.3600 8 221 112.3300 90.6500
3.8141767534e-02 6.1985016568e-01 -5.3031645447e+00
233 45 74
2 7 151 21.5200 32.8400 8 157 49.6000 30.9500
-2.7412975013e+00 8.9903440077e-01 -1.2297942124e+01
117 96 105
2 7 217 -155.3800 62.6400 8 136 232.1600 -163.9200
6.4371830451e-01 1.4869983694e+00 -5.6909166710e+00
96 5 3
2 7 226 100.5600 138.7800 8 187 -60.6000 -66.0700
2.3266293869e+00 -4.9793874808e-01 -5.2775625593e+00
255 64 99
2 7 241 307.3500 -129.4700 8 384 -167.1300 230.4700
2.3266293869e+00 -4.9793874808e-01 -5.2775625593e+00
255 64 99
2 7 242 307.3500 -129.4700 8 383 -167.1300 230.4700
2.3866351923e-01 5.2236074803e-01 -5.2407988035e+00
104 39 63
2 7 282 48.4200 17.4500 8 213 26.1000 54.2800
8.6182146604e-01 6.4128845195e-01 -5.4281287679e+00
234 44 79
2 7 292 128.4400 29.4100 8 478 -54.6800 54.4700
4.8799521351e-01 7.8671596069e-01 -5.4033286856e+00
180 37 58
2 7 298 81.3400 51.7500 8 305 -15.8500 23.5600
1.1635102361e+00 1.2405016786e+00 -5.5262380284e+00
75 43 27
2 7 310 169.3500 105.3000 8 148 -115.5000 -9.9700
2.5119915464e+00 -3.2013872161e+00 -9.8809379993e+00
128 117 139
2 7 330 152.7800 -226.2300 8 542 1.8300 203.8300
1.1086958338e+00 -2.2617503636e-01 -5.2289193055e+00
244 181 190
2 7 366 158.9400 -90.6900 8 523 -48.7100 174.0000
2.9441994765e-01 5.0685339414e-01 -5.2480446644e+00
150 99 104
2 7 405 55.6700 14.8500 8 481 19.3800 58.0600
6.0587553785e-01 8.5275506159e-01 -5.4248491737e+00
194 28 51
2 7 428 96.8800 59.5500 8 450 -33.4000 19.1300
1.4504441340e+00 1.1345950752e+00 -5.1849965498e+00
185 130 132
2 7 435 219.1900 91.8700 8 455 -160.1800 27.0500
2.3751502131e-01 1.0951226980e+00 -5.4749439697e+00
117 3 7
2 7 436 49.1400 94.3600 8 297 2.7300 -28.3000
6.1264952539e-01 1.2312173156e+00 -5.6970471883e+00
78 0 0
2 7 440 94.6300 106.5400 8 435 -44.7900 -36.2200
-2.6908970092e-01 1.5549127318e+00 -9.1675130686e+00
6 6 4
2 7 441 -15.0000 110.0400 8 408 71.0200 -142.1900
1.2547062194e+00 2.2535812945e+00 -7.7101132440e+00
19 14 17
2 7 451 126.7600 178.0800 8 280 -94.3900 -147.6300
1.5924659353e+00 -4.6100403964e+00 -1.2958264188e+01
92 88 103
2 7 465 61.9300 -230.2300 8 710 88.4400 168.0100
2.3909940194e+00 -3.4109401582e+00 -1.0231336239e+01
126 118 137
2 7 466 138.5000 -229.7900 8 747 16.2000 201.0900
2.0047332803e+00 -3.8567175556e+00 -1.1492447873e+01
117 113 130
2 7 469 98.0500 -224.2600 8 720 52.5400 178.8500
1.7042645721e+00 -4.3477636173e+00 -1.2646194157e+01
60 44 54
2 7 470 70.5800 -224.1300 8 1000 78.8300 166.1200
1.9511040532e+00 -3.2266505763e+00 -1.1574128938e+01
74 62 78
2 7 487 97.0500 -188.1700 8 700 44.5500 146.4700
1.9901620047e+00 -8.0063684916e-01 -6.1502363669e+00
242 216 84
2 7 510 222.7700 -136.6100 8 742 -89.8000 196.8900
1.9989188408e+00 -6.9347865756e-01 -6.1021577004e+00
240 220 94
2 7 519 226.7800 -126.3300 8 732 -96.2600 190.3000
5.2367050799e-01 7.7949474286e-01 -5.4177599272e+00
230 194 214
2 7 599 85.7100 50.4800 8 625 -19.6700 25.2700
5.2367050799e-01 7.7949474286e-01 -5.4177599272e+00
230 194 214
2 7 600 85.7100 50.4800 8 626 -19.6700 25.2700
-2.6660523601e-01 1.5021828191e+00 -9.1941275093e+00
72 59 60
2 7 611 -15.2300 105.7300 8 572 72.1100 -138.2200
-5.5180239983e-01 1.5559641717e+00 -9.7488684313e+00
14 12 15
2 7 612 -35.3300 107.0200 8 571 93.2200 -151.9800
1.5282834415e+00 2.1584009368e+00 -7.1973784820e+00
115 95 82
2 7 628 162.9700 176.7700 8 575 -130.3000 -126.1700
1.5282834415e+00 2.1584009368e+00 -7.1973784820e+00
115 95 82
2 7 629 162.9700 176.7700 8 576 -130.3000 -126.1700
2.5039298575e+00 -3.2486241648e+00 -9.9566435778e+00
124 118 149
2 7 658 150.7100 -227.1900 8 1072 3.9500 203.5700
2.5696367863e+00 -3.0991818829e+00 -9.6475152635e+00
146 138 160
2 7 661 161.2900 -226.0000 8 1086 -5.8900 207.4300
1.7346618607e+00 -4.2366922265e+00 -1.2447369646e+01
106 103 119
2 7 666 73.7600 -222.8700 8 1001 75.0600 166.7400
2.6501543243e+00 -2.9099899713e+00 -9.4099878720e+00
124 114 122
2 7 668 172.1200 -220.2600 8 1085 -17.7300 206.8900
2.1968743278e+00 -3.1343184501e+00 -1.0795305271e+01
117 110 129
2 7 694 120.2300 -199.6600 8 1002 25.2500 166.9200
1.7532159023e+00 -3.1478116668e+00 -1.2174372766e+01
110 102 119
2 7 731 81.0700 -172.4500 8 943 55.6100 125.2000
-6.2504867765e-01 1.1787442185e-01 -4.5406807148e+00
236 173 188
2 7 847 -84.6100 -45.1800 8 928 170.8900 114.6500
-3.1329293162e-01 4.1817060008e-01 -4.5610789610e+00
196 138 152
2 7 875 -31.3300 0.9700 8 910 105.8900 83.1700
5.1379962964e-01 8.2903187785e-01 -5.4131154769e+00
235 153 173
2 7 940 84.8700 57.1800 8 853 -20.9300 18.9100
6.2620322106e-01 9.5706446713e-01 -5.4441974486e+00
162 28 49
2 7 948 100.0200 73.2200 8 610 -40.3400 6.2500
5.0603704810e-01 9.5751912849e-01 -5.4269107349e+00
223 201 224
2 7 952 84.4600 74.3100 8 824 -25.9000 1.9700
2.3348898350e+00 -1.9717418592e-01 -5.2315430049e+00
227 157 174
2 5 125 287.8900 -60.4300 8 255 -185.1100 203.5400
2.3666960385e+00 3.5535720291e-02 -5.1738601777e+00
221 180 195
3 5 134 299.2100 -30.8700 8 176 -204.5100 182.9600 4 193 289.9100 69.9900
2.3184887861e+00 -2.6745044443e-01 -5.2419545893e+00
205 169 184
2 5 178 284.0800 -69.4700 8 256 -179.3400 209.5900
2.3578471941e+00 -2.4256408434e-01 -5.1970713275e+00
213 36 57
2 5 179 292.2500 -67.3700 8 260 -186.9900 211.1000
2.3446768476e+00 -1.2005324697e-01 -5.2065693646e+00
220 180 189
3 5 185 292.0900 -50.8300 8 252 -191.0700 197.9200 4 256 298.5300 54.0200
2.3340657715e+00 -4.4448317217e-04 -5.2383474463e+00
214 39 53
3 5 192 290.5600 -33.8600 8 245 -194.2500 183.4600 4 261 286.0300 61.1400
2.3694441385e+00 1.5909218866e-01 -5.1155741785e+00
220 188 205
2 5 199 307.1700 -14.3700 8 351 -213.0800 174.4800
2.3790121991e+00 1.5528615298e-01 -5.1293917764e+00
220 188 205
3 5 200 307.1700 -14.3700 8 350 -213.0800 174.4800 4 376 283.3500 84.3700
2.3372207428e+00 -4.2680181242e-01 -5.2602725007e+00
214 37 60
2 5 252 281.8200 -90.2300 8 377 -172.5900 224.8500
-3.0703060238e+00 -6.8166479381e-01 -1.4755236073e+01
103 100 125
2 5 281 -251.5100 9.6600 8 594 245.4500 -98.1500
-4.6358813181e-01 6.2157339915e-01 -4.4722284429e+00
220 167 180
2 5 303 -72.6900 107.1400 8 315 120.2500 50.3600
-7.0518866743e-01 6.4324806394e-01 -4.4624711792e+00
158 96 117
2 5 309 -119.0800 116.7500 8 464 160.1600 35.3400
2.6583412179e+00 -2.8195369208e+00 -9.4094570642e+00
87 79 92
2 5 336 100.7600 -202.1400 8 748 -19.8100 201.8700
2.0645106697e+00 -6.2349717195e-01 -5.9951218302e+00
161 135 39
2 5 358 200.1000 -94.8400 8 738 -108.7500 191.5100
2.0710356364e+00 -4.3639632970e-01 -5.9612533589e+00
213 182 65
2 5 370 205.4200 -73.5800 8 524 -118.4000 176.4400
2.3436229263e+00 -5.1929408357e-02 -5.2187002079e+00
228 185 199
3 5 380 292.2000 -41.5000 8 731 -193.8900 189.8300 4 551 292.1000 58.7000
-3.0973327758e+00 -7.1704187080e-01 -1.4948757183e+01
105 101 122
2 5 395 -251.0500 8.5500 8 595 245.4500 -98.1500
-2.1613960261e+00 2.8980063630e-01 -1.1924983628e+01
30 23 27
2 5 412 -219.9100 55.6900 8 416 212.6000 -115.9500
-2.1613960261e+00 2.8980063630e-01 -1.1924983628e+01
30 23 27
2 5 413 -219.9100 55.6900 8 415 212.6000 -115.9500
-5.0525583341e-01 4.3267920117e-01 -4.5145925907e+00
168 140 174
2 5 425 -84.7700 71.5000 8 649 136.5400 75.0100
4.7897914016e-01 1.0169596476e+00 -5.4307330268e+00
204 168 181
2 5 449 57.8600 135.9000 8 436 -25.2600 -6.7700
4.7897914016e-01 1.0169596476e+00 -5.4307330268e+00
204 168 181
2 5 450 57.8600 135.9000 8 437 -25.2600 -6.7700
2.7511373587e+00 -2.9335368137e+00 -8.9811245772e+00
81 74 89
2 5 470 116.5300 -221.7000 8 1130 -28.5000 225.8500
2.0561976468e+00 -6.6432137577e-01 -6.0005886816e+00
159 131 35
2 5 522 198.3100 -99.4400 8 1056 -106.0900 194.7000
2.0561976468e+00 -6.6432137577e-01 -6.0005886816e+00
159 131 35
2 5 523 198.3100 -99.4400 8 1055 -106.0900 194.7000
2.3285458121e+00 -3.1729101614e-01 -5.2493966576e+00
226 180 196
2 5 539 283.6200 -75.9700 8 763 -177.6600 214.4400
2.3345464579e+00 -2.6224455762e-01 -5.2302408493e+00
229 182 199
3 5 542 286.5600 -69.4300 8 1093 -181.7700 210.5300 4 858 307.7800 39.7200
2.3461392185e+00 4.4525742973e-02 -5.2114168463e+00
229 167 175
3 5 558 294.7500 -28.3500 8 1026 -199.5000 180.3500 4 1336 285.0500 67.3600
2.3461392185e+00 4.4525742973e-02 -5.2114168463e+00
229 167 175
3 5 559 294.7500 -28.3500 8 1025 -199.5000 180.3500 4 1337 285.0500 67.3600
2.3866258349e+00 1.8405176668e-01 -5.1177584673e+00
208 43 65
3 5 570 309.3800 -10.5500 8 1014 -216.0500 172.5300 4 891 281.8200 88.1000
2.3836626564e+00 2.7352814379e-01 -5.0791853929e+00
190 71 99
2 5 578 313.6400 0.8600 8 995 -222.7400 164.7300
-1.8801559940e+00 3.9803498523e-01 -1.1484485650e+01
41 29 37
2 5 606 -204.5100 61.3900 8 586 197.9600 -114.1100
-1.7834578099e+00 4.5485103525e-01 -1.1329588420e+01
39 29 37
2 5 608 -198.8900 64.7600 8 585 192.2400 -114.6000
-7.8832329074e-01 5.9045488518e-01 -4.4823266665e+00
177 111 130
2 5 624 -136.4600 107.9300 8 634 176.5900 38.4700
4.6086764665e-01 8.3811396462e-01 -5.4047748774e+00
183 112 129
2 5 627 53.8200 110.7300 8 845 -14.9900 15.9800
6.1225252982e-01 9.0898705504e-01 -5.4352851790e+00
134 8 22
2 5 629 75.0000 117.7700 8 615 -36.2400 11.8400
2.6482903474e+00 -2.7382075599e+00 -9.3134245532e+00
41 31 41
2 5 667 102.5200 -198.8800 8 1067 -22.8300 200.9700
2.0294418856e+00 -7.9118424058e-01 -6.1028334861e+00
205 177 65
3 5 734 188.4000 -110.5900 8 1063 -95.6200 199.5000 4 1212 272.1800 -84.4200
2.3442497474e+00 -2.1489855042e-01 -5.2186952018e+00
235 185 202
2 5 772 289.4300 -63.1000 8 1082 -186.0100 206.5400
2.3375678627e+00 -1.3250110473e-01 -5.2267679185e+00
230 182 190
2 5 783 289.4300 -51.8600 8 1059 -189.1300 197.4000
2.3602522024e+00 6.0398961479e-03 -5.1716186807e+00
190 82 110
3 5 799 298.8200 -34.4700 8 1038 -200.9800 187.3800 4 1338 291.4500 68.1000
2.3602522024e+00 6.0398961479e-03 -5.1716186807e+00
190 82 110
3 5 800 298.8200 -34.4700 8 1037 -200.9800 187.3800 4 1339 291.4500 68.1000
2.3885657784e+00 1.6336551248e-01 -5.1005679191e+00
232 168 187
3 5 829 310.7300 -13.6900 8 1020 -216.1200 175.7800 4 1371 285.1500 87.8200
2.3811716848e+00 2.0598906528e-01 -5.0714436746e+00
249 156 168
2 5 835 312.9400 -8.5400 8 1016 -219.3000 172.5300
2.3811716848e+00 2.0598906528e-01 -5.0714436746e+00
249 156 168
2 5 836 312.9400 -8.5400 8 1015 -219.3000 172.5300
9.9228137663e-01 1.4301859628e+00 -5.5684396902e+00
190 117 131
2 5 917 125.5000 180.3400 8 819 -103.8100 -41.3000
2.3392223285e+00 -1.9399207891e-01 -5.2338310889e+00
227 157 174
2 5 126 287.8900 -60.4300 4 185 302.1300 45.3500
2.3236068515e+00 -1.3363715253e-01 -5.2793528044e+00
217 38 44
2 5 129 283.4500 -51.6300 4 187 293.2400 46.4200
2.3706705450e+00 8.2935691710e-02 -5.1523763459e+00
231 165 180
2 5 136 302.9800 -24.1600 4 267 287.2800 76.1300
2.3706705450e+00 8.2935691710e-02 -5.1523763459e+00
231 165 180
2 5 137 302.9800 -24.1600 4 266 287.2800 76.1300
2.3462542511e+00 -1.1868920546e-01 -5.2077043000e+00
220 180 189
2 5 186 292.0900 -50.8300 4 255 298.5300 54.0200
2.3827001406e+00 3.4919709302e-02 -5.1163898458e+00
208 46 66
2 5 267 306.2900 -31.8400 4 561 294.0100 75.9100
2.3960103270e+00 1.3891006708e-01 -5.0904815567e+00
212 43 79
2 5 387 312.0600 -17.3500 4 887 288.1300 86.7000
2.0782090368e+00 -4.5987742546e-01 -5.9248629021e+00
154 125 24
2 5 538 207.9400 -77.2300 4 807 262.3500 -42.4500
2.0700038385e+00 -1.8188704021e-01 -5.8861244659e+00
164 134 26
2 5 548 213.4800 -44.4000 4 814 243.8800 -17.6900
2.2473187224e+00 -1.8729210981e-01 -5.4808686511e+00
175 143 24
2 5 781 259.4000 -53.6100 4 1295 280.3400 21.9100
2.2473187224e+00 -1.8729210981e-01 -5.4808686511e+00
175 143 24
2 5 782 259.4000 -53.6100 4 1294 280.3400 21.9100
2.3574824589e+00 -3.8932727609e-02 -5.1870934479e+00
195 79 113
2 5 790 296.3700 -40.5300 4 1324 293.8600 62.8900
2.3574824589e+00 -3.8932727609e-02 -5.1870934479e+00
195 79 113
2 5 791 296.3700 -40.5300 4 1325 293.8600 62.8900
2.3533709113e+00 6.2515973712e-02 -5.1887093587e+00
199 74 90
2 5 811 297.6200 -26.4300 4 1341 285.7600 70.9600
2.4517091554e+00 3.5382056817e-01 -4.9548475534e+00
250 148 75
2 8 242 -242.1700 164.5500 4 389 282.4500 118.1900
2.3479011460e+00 9.8413861004e-02 -5.2093810086e+00
255 60 100
2 8 244 -202.6300 174.7800 4 196 280.8000 72.2500
2.4114618102e+00 2.1388577164e-01 -5.0522339135e+00
255 64 106
2 8 349 -224.3200 173.1900 4 383 285.4500 96.9200
2.3945018708e+00 1.5527485184e-01 -5.0662653970e+00
255 65 107
2 8 358 -217.9700 179.2200 4 379 288.3600 90.8800
-6.8708640613e-01 1.2042702858e+00 -6.8920382406e+00
67 52 60
2 8 425 116.5000 -106.2200 4 306 -119.3500 -211.5200
2.4728276007e+00 3.9188875451e-01 -4.9143455034e+00
228 109 50
2 8 518 -249.2200 163.0500 4 593 282.9400 125.2400
2.4035102689e+00 2.6881373900e-01 -5.0726854815e+00
255 198 213
2 8 999 -225.3400 165.6000 4 1392 279.2000 99.6600
2.3948075844e+00 2.1214407160e-01 -5.1114142953e+00
248 69 109
2 8 1009 -218.9200 169.6000 4 1375 280.0200 91.5500
