# Bundle file v0.3
9 495
0 0 0
0 0 0
0 0 0
0 0 0
0 0 0
0 0 0
0 0 0
0 0 0
0 0 0
0 0 0
0 0 0
0 0 0
0 0 0
0 0 0
0 0 0
0 0 0
0 0 0
0 0 0
0 0 0
0 0 0
0 0 0
0 0 0
0 0 0
0 0 0
0 0 0
6.8586676114e+02 -1.2629643034e-01 -4.7763860148e-02
9.7118965906e-01 9.6201154880e-02 2.1802748435e-01
-8.5135386784e-02 9.9458438522e-01 -5.9614315402e-02
-2.2258169747e-01 3.9334952441e-02 9.7412019252e-01
1.1302256624e+00 -3.5095592750e-01 2.1333065890e-01
6.8429748862e+02 -1.1007952343e-01 -3.1057220352e-02
9.9997387065e-01 3.2045884084e-03 -6.4798627446e-03
-3.2858050000e-03 9.9991569459e-01 -1.2562133346e-02
6.4390599902e-03 1.2583096671e-02 9.9990009710e-01
-9.4720005885e-02 -7.2085776981e-02 1.5981836571e-01
6.8472146913e+02 -1.3048657559e-01 2.8687538442e-02
9.9737027309e-01 5.4621325834e-02 4.7634537079e-02
-5.1673854304e-02 9.9679589071e-01 -6.1055426083e-02
-5.0816839138e-02 5.8433406857e-02 9.9699708416e-01
4.6184901117e-01 -7.2650962636e-01 -2.2029425021e-01
6.8381758779e+02 -1.2324479410e-01 -1.9502537241e-02
-9.2486547617e-01 -3.4243298436e-01 -1.6541917126e-01
2.8928634849e-01 -9.1584325164e-01 2.7846821543e-01
-2.4685473375e-01 2.0969213064e-01 9.4609299267e-01
-3.5225536520e-01 2.3676455944e+00 -4.3257814281e-01
1.8504724635e+00 -1.0927864618e+00 -6.6641093066e+00
203 182 70
3 6 325 186.6000 -113.1000 7 505 185.2800 -144.2900 5 350 138.2300 -120.9300
2.1185023567e+00 -8.3398381148e-01 -6.1347471525e+00
221 195 83
4 6 501 232.6100 -94.2900 7 513 231.0500 -133.6600 5 517 191.1200 -107.2700 8 744 -98.2100 198.0700
2.1185023567e+00 -8.3398381148e-01 -6.1347471525e+00
221 195 83
4 6 500 232.6100 -94.2900 7 512 231.0500 -133.6600 5 516 191.1200 -107.2700 8 745 -98.2100 198.0700
2.1379885471e+00 -8.2437485040e-01 -6.0989881846e+00
177 153 51
4 6 778 235.9600 -93.7600 7 766 234.5900 -133.5800 5 514 194.9400 -107.2800 8 1065 -101.3500 199.5400
2.1388786328e+00 -7.2694353355e-01 -6.1167258335e+00
214 189 76
4 6 508 235.6200 -82.6500 7 523 234.7100 -123.2200 5 356 195.4300 -96.4200 8 734 -104.6000 190.6000
2.1468724802e+00 -6.5299748752e-01 -6.0876443559e+00
215 190 73
4 6 328 237.6100 -74.5900 7 359 237.4300 -116.4400 5 360 198.5000 -89.2900 8 529 -109.1800 186.1600
2.1267784698e+00 -7.6437986258e-01 -6.1187965228e+00
215 191 85
4 6 781 234.1700 -86.8000 7 775 233.2700 -126.8800 5 745 193.5500 -100.3000 8 1052 -101.9900 193.4200
2.4398322723e+00 -4.4428544251e-01 -5.3154200366e+00
226 182 185
4 6 163 308.2400 -59.3400 7 183 306.7600 -113.6100 5 173 277.9200 -82.6000 8 262 -171.1900 217.4600
2.1007909342e+00 -9.2604073068e-01 -6.1751412159e+00
212 189 70
4 6 326 228.6500 -104.2400 7 355 227.0900 -141.5600 5 351 186.2800 -115.9600 8 541 -92.3400 203.0300
1.8545448869e+00 -1.0557521704e+00 -6.6729276536e+00
41 28 0
3 6 771 186.9200 -109.1800 7 757 185.5800 -140.7200 5 720 138.6900 -116.9200
1.8545448869e+00 -1.0557521704e+00 -6.6729276536e+00
41 28 0
3 6 772 186.9200 -109.1800 7 758 185.5800 -140.7200 5 721 138.6900 -116.9200
2.4504347809e+00 -3.3517214405e-01 -5.3098048691e+00
234 192 195
3 6 528 309.9400 -45.2700 7 533 309.3700 -101.2900 5 541 281.1000 -69.8300
2.4431805796e+00 -3.8337465757e-01 -5.3257818502e+00
239 180 181
3 6 793 308.0600 -51.3800 7 794 307.1300 -106.4500 5 762 278.5400 -75.1900
2.0457976892e+00 -6.0338286769e-01 -6.2713908553e+00
218 186 68
3 6 46 220.4100 -65.7700 7 51 220.6100 -106.8200 5 27 179.9500 -81.0800
-8.1356674566e-01 4.9930639700e-01 -4.5307261060e+00
21 27 43
3 6 54 -136.5500 75.8500 7 57 -78.7900 13.0600 5 33 -102.4000 82.8100
-8.1205897993e-01 4.9965103551e-01 -4.5295664631e+00
21 27 43
4 6 55 -136.5500 75.8500 7 58 -78.7900 13.0600 5 34 -102.4000 82.8100 8 76 149.5900 63.6800
-8.1356674566e-01 4.9930639700e-01 -4.5307261060e+00
21 27 43
3 6 56 -136.5500 75.8500 7 59 -78.7900 13.0600 5 35 -102.4000 82.8100
-7.7993084528e-01 -2.2135378403e-01 -4.9848360726e+00
23 24 28
3 6 66 -118.7900 -32.0500 7 75 -74.9800 -79.7100 5 49 -112.1700 -31.7400
8.6928079695e-01 5.6364175651e-02 -5.5898866698e+00
210 178 197
3 6 49 101.7700 6.5300 7 54 124.9700 -43.6100 5 51 95.8400 -4.6000
9.2650011530e-02 3.3804637307e-01 -5.4533429914e+00
152 22 32
4 6 53 4.8600 43.2200 7 83 38.3700 -7.9800 5 54 8.7600 41.3300 8 96 43.9400 69.6800
-8.5618729687e-01 6.0636874492e-01 -4.5530106268e+00
192 205 242
4 6 78 -142.5900 91.8000 7 88 -83.9200 29.0700 5 57 -107.5000 101.5400 8 89 152.4500 45.4800
1.0394855044e+00 -7.0337218243e-03 -5.4455769732e+00
180 117 131
3 6 90 126.8000 -0.7900 7 102 147.4500 -54.0300 5 76 122.0400 -16.8300
1.3078689069e+00 2.0110581816e-01 -5.4984003481e+00
188 119 130
3 6 70 159.9400 25.2800 7 80 178.0800 -30.7200 5 77 153.2900 8.0100
9.9728727622e-01 5.4677572626e-01 -5.4527364980e+00
213 193 208
3 6 74 121.3300 70.0900 7 84 147.0700 11.8600 5 82 123.8300 55.4500
9.9728727622e-01 5.4677572626e-01 -5.4527364980e+00
213 193 208
3 6 75 121.3300 70.0900 7 85 147.0700 11.8600 5 83 123.8300 55.4500
3.8928896441e-01 4.7200858443e-01 -5.3358795278e+00
72 2 3
3 6 96 43.5500 61.2900 7 111 77.0400 6.2200 5 84 52.9100 54.8800
-7.9725798849e-01 3.7769309873e-01 -4.5820672713e+00
187 201 240
3 6 73 -132.4300 56.4800 7 110 -77.1000 -4.1500 5 85 -102.0400 61.3800
8.2997869930e-01 5.3938771820e-01 -5.4543196137e+00
95 0 2
3 6 132 99.6900 69.1700 7 147 127.5700 12.0000 5 108 103.5100 56.9400
4.7751954196e-01 9.5333730903e-01 -5.4982965713e+00
163 18 29
3 6 104 53.8900 121.5400 7 113 87.7400 64.4300 5 113 63.7400 115.6700
2.2639938438e+00 -1.0746194071e+00 -5.7885246808e+00
202 197 106
3 6 117 262.0000 -128.6800 7 128 257.7300 -168.6300 5 120 220.9400 -142.5500
9.9253441839e-01 4.9437485279e-02 -5.5202926802e+00
72 5 8
3 6 178 118.7500 4.5900 7 198 140.4500 -45.7800 5 140 114.0100 -6.6900
4.4241868539e-02 4.2705501649e-01 -5.4364638019e+00
225 56 94
3 6 128 -1.7000 54.5100 7 202 32.7700 3.3400 5 150 4.0200 53.7400
4.4241868539e-02 4.2705501649e-01 -5.4364638019e+00
225 56 94
3 6 129 -1.7000 54.5100 7 203 32.7700 3.3400 5 151 4.0200 53.7400
-5.1477758442e-01 4.2855446572e-01 -4.6013714443e+00
108 54 70
3 6 190 -88.7600 64.1400 7 145 -35.6600 0.9700 5 153 -54.9500 65.0900
1.9233289016e-01 6.2243005079e-01 -5.3516009595e+00
217 202 221
3 6 134 17.6700 81.4400 7 149 53.6900 25.9700 5 156 28.5500 77.8500
-8.6084290404e-01 4.9562160747e-01 -4.5119042168e+00
18 20 30
3 6 133 -144.3300 74.7400 7 206 -86.2600 12.5400 5 157 -110.1000 84.1500
4.2308533575e-01 1.0387477811e+00 -5.5037485295e+00
171 150 172
4 6 139 46.7000 132.2400 7 157 81.7400 75.0300 5 163 57.8600 127.6000 8 149 -23.5700 0.6800
2.4453244477e+00 -4.4516911321e-01 -5.3245598313e+00
226 182 185
3 6 164 308.2400 -59.3400 7 184 306.7600 -113.6100 5 174 277.9200 -82.6000
9.0446666425e-01 -6.4811727586e-02 -5.5271040314e+00
51 9 18
3 6 242 107.6200 -8.8500 7 256 129.1300 -58.8000 5 198 101.5000 -20.9700
8.2344553187e-01 1.2673038945e-01 -5.6328588220e+00
139 29 46
3 6 248 95.5400 14.7800 7 263 118.5500 -34.3900 5 206 89.8800 5.3600
-4.3240594030e-01 3.0314261548e-01 -4.5501444757e+00
157 99 113
4 6 186 -77.4700 45.5000 7 269 -24.4800 -18.2400 5 208 -42.0100 42.7400 8 335 103.7300 103.6900
1.0415237955e+00 6.3325871936e-01 -5.4725249322e+00
44 9 7
4 6 194 125.6800 80.3800 7 148 152.5500 21.9900 5 214 129.4700 65.8900 8 161 -75.0800 66.8900
1.5473398782e-01 5.5318425024e-01 -5.3368246815e+00
82 11 26
3 6 193 12.9700 72.6000 7 283 48.4200 17.4500 5 217 23.2900 69.1500
-5.2941539758e-01 4.6980671840e-01 -4.5928019479e+00
235 181 195
3 6 192 -91.0500 70.9400 7 277 -37.4700 6.7600 5 218 -56.6200 72.0500
-8.9847629132e-01 4.4981800714e-01 -4.5538342404e+00
183 230 255
4 6 258 -149.1900 67.5700 7 278 -91.4000 6.6400 5 222 -117.6500 75.7400 8 322 164.9400 65.3500
-8.3356917845e-01 5.6488196533e-01 -4.4286610720e+00
179 225 255
3 6 264 -142.4100 86.7700 7 290 -84.4100 23.2000 5 224 -102.1800 95.9100
-8.5699795829e-01 6.2320132060e-01 -4.5357969583e+00
243 231 243
3 6 266 -142.9300 95.1500 7 293 -84.1800 31.5200 5 225 -107.9100 104.4700
-7.6659918352e-01 7.2430467852e-01 -4.4888421830e+00
225 165 177
4 6 273 -130.7700 111.6500 7 296 -70.8500 45.9700 5 226 -90.6000 120.5900 8 312 132.3200 36.5600
9.5359018538e-01 -1.7441878752e-02 -5.5445966395e+00
66 13 22
3 6 358 113.6800 -2.4400 7 381 134.6200 -53.5200 5 273 106.9800 -15.3900
1.2234280339e+00 9.3499001716e-02 -5.4463014540e+00
95 35 39
3 6 247 150.5600 11.3200 7 261 169.3300 -43.5800 5 275 145.0500 -4.7300
1.1054849835e+00 9.9510372937e-02 -5.4978619373e+00
172 101 113
3 6 361 133.9200 11.7800 7 262 154.3900 -41.2100 5 276 128.7700 -2.2400
6.6351477595e-01 1.9030299663e-01 -5.5853868857e+00
115 4 13
3 6 253 76.3100 23.5200 7 268 101.9800 -26.8800 5 283 73.4000 14.4700
9.0643273085e-01 5.8101699957e-01 -5.4423643628e+00
104 11 16
4 6 260 110.2900 74.3800 7 281 137.0500 16.5800 5 296 114.2400 61.6900 8 217 -57.9000 69.9400
-4.7577230420e-02 5.8412788993e-01 -5.3469116995e+00
108 9 22
3 6 263 -13.8400 76.4200 7 287 23.5600 22.9300 5 297 -3.4300 76.3000
-8.2376881225e-01 4.6781658375e-01 -4.5433295522e+00
255 254 254
4 6 259 -137.4700 70.8400 7 279 -80.3100 8.8500 5 298 -104.9900 77.5000 8 323 153.5300 66.9600
5.6042064346e-01 9.1510712178e-01 -5.5058724625e+00
153 14 28
4 6 403 64.1100 116.7400 7 429 96.8800 59.5500 5 304 73.7400 108.4200 8 449 -33.4000 19.1300
-8.6419994711e-01 7.3396596781e-01 -4.5054041366e+00
227 167 179
3 6 401 -144.7900 112.9700 7 421 -85.0800 47.8700 5 312 -106.8300 124.0400
-9.6868336117e-01 7.3277322940e-01 -4.5178150510e+00
133 74 96
3 6 602 -160.5600 112.1700 7 422 -100.0800 48.4600 5 313 -125.0400 125.9000
4.5341796224e-01 1.0831805053e+00 -5.4975776661e+00
166 22 33
4 6 277 50.8700 137.9600 7 302 85.7600 80.2600 5 314 62.4300 133.1100 8 298 -28.8500 -2.9700
1.5507450665e+00 1.2279911824e+00 -5.2493225370e+00
69 31 28
3 6 199 198.3500 161.6800 7 218 225.5000 90.9100 5 315 208.4500 136.3100
1.5507450665e+00 1.2279911824e+00 -5.2493225370e+00
69 31 28
3 6 200 198.3500 161.6800 7 219 225.5000 90.9100 5 316 208.4500 136.3100
1.7082188733e+00 -3.3078570505e+00 -1.2265852133e+01
97 90 106
4 6 465 93.8900 -180.3500 7 490 74.5800 -179.1000 5 339 -11.2100 -169.6600 8 683 63.6800 127.9600
-1.1661475042e+00 -2.7539648564e+00 -1.2513043199e+01
72 44 55
3 6 743 -64.8700 -144.9100 7 759 -77.0200 -140.7000 5 347 -171.7400 -129.6700
2.1255149550e+00 -8.0331921963e-01 -6.1331028706e+00
214 191 78
3 6 503 233.2600 -91.1100 7 515 232.1800 -130.3400 5 354 192.3100 -104.1700
-7.8188401776e-01 -1.6215345771e-01 -4.9646441057e+00
251 253 255
3 6 342 -119.6400 -23.7800 7 373 -74.8000 -72.5900 5 386 -111.6600 -22.9300
9.1510840203e-01 -2.9047858957e-02 -5.5820635393e+00
173 134 153
3 6 355 108.0300 -4.3700 7 380 129.1000 -54.1500 5 389 100.6800 -15.4400
2.0637297821e+00 5.7241400009e-01 -6.2116707189e+00
110 64 25
3 6 378 225.1000 63.6400 7 403 234.3100 12.2600 5 407 198.4400 44.8200
-8.0440774144e-01 4.0515219205e-01 -4.5453088217e+00
165 217 254
3 6 377 -134.6600 61.0800 7 577 -78.2700 -0.4800 5 418 -102.3700 66.3900
-9.2535013436e-01 4.2334139418e-01 -4.5616315184e+00
168 156 197
3 6 578 -152.6700 63.5200 7 580 -95.2000 2.8500 5 426 -123.0400 71.9300
-5.7198879188e-01 5.9782136802e-01 -4.5231768179e+00
170 104 126
4 6 390 -99.1500 91.5100 7 410 -42.6700 25.7000 5 431 -59.9500 94.9700 8 484 110.4900 60.6000
-8.1507007414e-01 7.0689175384e-01 -4.4952278960e+00
178 107 123
4 6 601 -137.4800 108.8600 7 594 -77.8900 43.7100 5 440 -98.7500 118.7400 8 632 141.8800 36.5900
-8.5653351880e-01 7.0350977104e-01 -4.4934275540e+00
174 107 127
4 6 398 -144.2200 108.2800 7 595 -84.0300 43.5200 5 441 -106.1400 118.9800 8 466 147.8700 35.3400
-8.5732965922e-01 7.0403957214e-01 -4.4985623883e+00
174 107 127
3 6 399 -144.2200 108.2800 7 596 -84.0300 43.5200 5 442 -106.1400 118.9800
1.6631017045e+00 1.3459661159e+00 -5.3934537766e+00
69 30 30
3 6 286 207.3700 172.1500 7 309 232.5100 102.9500 5 458 213.2100 146.8100
9.7270758874e-01 1.5358456077e+00 -5.6599496550e+00
140 24 34
3 6 414 113.4100 189.1300 7 618 145.2800 127.9800 5 463 122.5300 177.5000
2.4548660846e+00 -2.8240061129e+00 -1.0045036116e+01
103 99 121
3 6 460 164.3500 -188.9000 7 696 145.7100 -195.7400 5 485 69.7500 -183.3900
2.2124974589e+00 -2.9348853738e+00 -1.0799875844e+01
108 101 117
3 6 463 137.9600 -182.4300 7 712 119.4800 -186.1600 5 491 39.9900 -175.1500
2.3252853637e+00 -2.4948426056e+00 -1.0398653884e+01
64 53 67
3 6 736 150.9200 -161.1700 7 738 133.9100 -168.0200 5 502 56.9700 -155.7600
2.2430098069e+00 -2.3043068280e+00 -1.0734418234e+01
74 53 61
3 6 483 141.6100 -144.0100 7 752 124.6900 -150.7000 5 506 47.1300 -137.8600
2.1968309276e+00 -2.3107939466e+00 -1.0789726420e+01
124 120 134
3 6 484 137.8000 -143.6700 7 498 121.4600 -149.9500 5 507 43.2600 -137.3900
2.1968309276e+00 -2.3107939466e+00 -1.0789726420e+01
124 120 134
3 6 485 137.8000 -143.6700 7 497 121.4600 -149.9500 5 508 43.2600 -137.3900
2.4251868218e+00 -5.4486756483e-01 -5.3778032599e+00
240 184 195
3 6 513 302.5900 -71.4800 7 779 300.5400 -123.5000 5 526 270.7100 -93.1500
2.4416124088e+00 -5.1074814096e-01 -5.3178932009e+00
242 193 212
3 6 514 307.9500 -67.8900 7 525 306.0200 -121.2200 5 527 277.0600 -90.6100
2.0962504108e+00 -6.4983805702e-01 -6.2023862720e+00
164 169 117
3 6 512 227.9100 -72.6900 7 527 228.0200 -113.2400 5 530 187.7600 -86.5100
2.4496861930e+00 -4.3098444295e-01 -5.2976820111e+00
234 173 188
3 6 518 310.2900 -57.8900 7 791 308.8600 -112.5000 5 532 280.5600 -81.6000
2.1419680623e+00 -5.6186058867e-01 -6.0908649467e+00
177 147 41
4 6 787 237.2300 -64.2700 7 795 237.6900 -106.8000 5 533 199.0300 -79.4500 8 1022 -111.8600 178.3500
9.6010585183e-01 1.9664041807e-02 -5.5453171434e+00
171 124 141
3 6 832 114.4000 1.7300 7 838 135.7200 -49.2300 5 572 108.2900 -10.2500
-4.5834066074e-01 -1.9958618716e-02 -4.6886352018e+00
226 178 187
3 6 354 -79.0200 -4.8900 7 833 -30.5300 -61.1300 5 573 -54.7100 -8.4200
-4.4995601943e-01 2.2284114906e-02 -4.6563743544e+00
219 171 182
3 6 551 -78.1400 1.6000 7 837 -29.0700 -56.4700 5 577 -52.1400 -1.8000
-4.1129037601e-01 9.7585369727e-02 -4.6076521143e+00
157 101 112
3 6 558 -73.0800 13.0400 7 845 -23.2100 -46.7400 5 584 -43.3900 9.1800
-4.1129037601e-01 9.7585369727e-02 -4.6076521143e+00
157 101 112
3 6 557 -73.0800 13.0400 7 844 -23.2100 -46.7400 5 585 -43.3900 9.1800
-8.3776764202e-01 9.0899610453e-02 -4.5733027588e+00
215 151 168
4 6 556 -139.1800 12.3200 7 848 -84.6100 -45.1800 5 586 -113.5800 13.9200 8 927 170.8900 114.6500
-4.1818962394e-01 2.5044441559e-01 -4.5624895358e+00
157 99 112
4 6 565 -74.9200 36.9300 7 861 -22.9900 -25.6000 5 589 -40.9100 34.0200 8 670 104.0600 110.4400
-8.2927658007e-01 2.3516352994e-01 -4.6089035876e+00
245 182 191
3 6 563 -136.7600 34.3900 7 568 -81.9300 -24.0700 5 592 -110.1400 38.0400
1.4264441666e-01 5.8050416519e-01 -5.3170775928e+00
233 218 230
4 6 586 11.2700 76.3000 7 901 47.6200 21.0200 5 610 22.7400 73.2000 8 883 25.0400 50.4200
1.6977621748e-01 5.9904856906e-01 -5.3174772730e+00
229 219 231
4 6 587 14.9100 78.6900 7 904 51.1600 23.0200 5 611 26.8000 75.4800 8 639 21.3600 49.1200
-8.1063445471e-01 6.2246315719e-01 -4.5309697187e+00
241 217 230
3 6 595 -136.0800 95.0200 7 918 -77.2300 31.0600 5 621 -100.0200 103.6400
3.9841400717e-01 9.0301579609e-01 -5.4836091241e+00
203 132 150
4 6 922 44.0800 115.4800 7 942 78.2200 58.9300 5 626 53.8200 110.7300 8 846 -14.9900 15.9800
-8.9290896508e-01 7.1826553402e-01 -4.4990459449e+00
232 172 179
3 6 917 -149.8700 110.2100 7 932 -88.9900 46.0800 5 631 -112.0200 122.1800
4.5353800459e-01 1.0106709626e+00 -5.4965778649e+00
152 22 54
4 6 606 50.7300 128.8600 7 609 85.2000 71.4200 5 633 61.6100 123.5400 8 609 -25.9800 5.1900
2.6527440369e+00 -3.1865117796e+00 -9.5577034652e+00
111 103 121
4 6 644 185.4800 -223.5100 7 655 164.8300 -229.7600 5 651 90.3100 -218.4400 8 1098 -8.3900 212.2300
2.3534265813e+00 -3.4939536429e+00 -1.0418629859e+01
100 95 114
3 6 641 151.1400 -224.7200 7 660 130.3500 -227.0800 5 653 51.5500 -217.1600
2.4460869709e+00 -3.3440346282e+00 -1.0193167033e+01
115 112 130
4 6 655 160.5600 -219.9600 7 664 140.0300 -223.6500 5 655 62.5700 -213.2400 8 1057 12.7200 196.1100
2.4638611577e+00 -3.0241419334e+00 -1.0113382468e+01
117 106 126
3 6 681 163.5200 -200.7800 7 683 144.1500 -206.2500 5 670 67.5100 -194.8800
2.3550871707e+00 -2.6176862583e+00 -1.0464190313e+01
73 58 66
3 6 723 151.8100 -167.8100 7 724 134.2000 -174.2300 5 688 56.6400 -162.4800
2.0290154725e+00 -2.1617601288e+00 -1.1195077000e+01
107 92 111
3 6 752 122.9300 -128.8600 7 764 107.3300 -134.7700 5 717 27.4000 -122.1100
1.8402531095e+00 -2.3258127928e+00 -1.1840817943e+01
97 86 99
3 6 750 105.4300 -131.0500 7 765 89.0800 -134.0300 5 718 6.5000 -122.2000
1.9907575061e+00 -1.9659066334e+00 -1.1361844088e+01
107 91 101
3 6 769 119.0600 -115.3200 7 783 103.8600 -121.0600 5 736 23.9300 -108.0600
2.4488073672e+00 -6.3968669263e-01 -5.3068200945e+00
247 142 75
3 6 782 309.1400 -84.5800 7 760 305.9400 -136.5400 5 739 276.5400 -106.0900
2.1296125064e+00 -7.6513363534e-01 -6.1245561473e+00
215 191 85
3 6 780 234.1700 -86.8000 7 774 233.2700 -126.8800 5 744 193.5500 -100.3000
2.4505170715e+00 -4.7017505679e-01 -5.3038398427e+00
249 179 194
3 6 788 309.8500 -62.9000 7 789 308.3300 -116.9100 5 754 279.5600 -86.1000
2.4671806226e+00 -2.9179988286e-01 -5.2449532059e+00
215 78 123
3 6 800 315.6700 -40.2000 7 799 315.6400 -97.9600 5 770 288.0200 -65.8200
9.0492811250e-01 3.2553742147e-02 -5.5474844277e+00
223 194 208
3 6 833 107.3500 3.3500 7 843 129.3900 -47.1700 5 837 101.9300 -8.2200
1.1119297997e-01 5.6613091131e-01 -5.3151995034e+00
239 225 235
3 6 885 6.9600 74.4000 7 898 43.7400 19.5200 5 875 18.4300 71.6300
-6.4982407060e-02 5.5595243605e-01 -5.3148857434e+00
209 176 193
3 6 880 -16.4700 73.1100 7 899 21.9200 19.3900 5 881 -5.3800 72.9100
1.5342484417e+00 1.0217076985e+00 -5.1619931300e+00
159 96 109
3 6 608 199.9700 136.6000 7 946 225.4100 66.1700 5 905 210.1700 111.0600
5.7059905584e-01 9.5098669925e-01 -5.5071330180e+00
212 136 155
4 6 928 65.7700 120.9200 7 944 98.6100 63.3400 5 906 74.6500 113.9500 8 848 -36.1400 15.7800
9.7635483799e-01 -2.6213388347e-01 -5.3901873818e+00
215 148 157
2 6 18 118.9300 -35.6200 7 22 140.4300 -84.7100
1.1476556785e-02 5.0095342208e-01 -5.3982540757e+00
243 238 244
2 6 26 -5.9000 65.0700 7 28 29.6900 12.3300
-2.1845611834e-01 5.6529788862e-01 -5.1443034296e+00
34 19 22
2 6 27 -37.8100 76.9500 7 41 3.4700 20.6400
1.9207840932e+00 7.8719230923e-01 -6.1811806301e+00
192 132 142
2 6 28 209.9400 88.2100 7 29 223.5500 35.6000
-3.5529157588e-02 2.9197969546e-01 -5.4807983112e+00
235 234 242
2 6 51 -12.2400 37.0000 7 82 22.1000 -11.8000
3.4328138525e-02 1.4303064290e+00 -5.8120621149e+00
161 15 26
2 6 62 -1.6200 173.0500 7 65 33.5400 120.4400
-1.2238377496e+00 -2.8839105745e+00 -1.2413584013e+01
58 58 69
2 6 64 -68.4500 -153.9600 7 71 -81.1300 -149.2000
-1.7836773222e-02 1.8258065925e-01 -5.6349087232e+00
198 32 51
2 6 69 -9.6600 22.4600 7 141 22.0600 -23.2300
1.3886125092e+00 3.1575841171e-01 -5.6263872366e+00
67 9 9
2 6 72 166.1700 38.8200 7 81 183.7100 -16.3600
-2.9066364337e+00 3.0251905318e+00 -1.1963024596e+01
23 21 26
2 6 81 -167.3800 177.4400 7 123 -161.1700 181.1500
3.3912026679e-01 -3.3867070870e+00 -1.3032144160e+01
9 9 9
2 6 86 17.1200 -172.9700 7 97 -0.7100 -168.5900
7.7460363469e-01 7.7898950690e-02 -5.6272139600e+00
238 230 239
2 6 91 89.6100 9.2400 7 104 112.8700 -40.1400
-1.0078866178e-01 2.2133124900e-01 -5.5409673959e+00
230 212 229
2 6 93 -20.9200 27.2100 7 143 13.8800 -18.7400
2.2666767373e+00 -1.0764386202e+00 -5.7951697226e+00
202 197 106
2 6 116 262.0000 -128.6800 7 127 257.7300 -168.6300
1.1592368149e+00 1.2131279646e-01 -5.4891450273e+00
189 123 137
2 6 124 141.0400 14.7800 7 138 161.0400 -39.2100
3.0409418362e-01 4.9328288105e-01 -5.3443563218e+00
230 208 219
2 6 131 32.6600 64.5500 7 205 66.1500 9.1600
-1.0650436112e-02 7.3261062460e-01 -5.4064041102e+00
91 1 7
3 6 137 -8.9500 94.8200 7 215 28.7100 41.2500 8 152 38.0500 23.8700
1.5249160543e+00 1.3681007301e+00 -5.3523333065e+00
169 119 130
2 6 144 191.3200 176.8500 7 161 218.5200 107.3100
8.0498931820e-01 -4.8335253619e+00 -1.4388999368e+01
42 42 51
2 6 149 37.3100 -223.5300 7 174 14.2700 -213.7600
2.3126612239e+00 -3.5253725552e+00 -1.0594650117e+01
37 33 48
3 6 151 146.0100 -222.8700 7 170 125.2200 -224.9000 8 249 26.7100 190.6300
2.3126612239e+00 -3.5253725552e+00 -1.0594650117e+01
37 33 48
3 6 152 146.0100 -222.8700 7 171 125.2200 -224.9000 8 248 26.7100 190.6300
2.8930156007e+00 -2.8086804512e+00 -8.8852603538e+00
60 49 63
2 6 153 217.4100 -212.3200 7 172 197.1100 -222.7500
2.5743724805e+00 -2.6526023862e+00 -9.7067831748e+00
64 55 67
2 6 155 178.5100 -183.5600 7 176 159.8000 -192.4800
2.3436430721e+00 -1.9657905057e+00 -8.0566185934e+00
188 174 148
2 6 156 195.3200 -165.5100 7 177 182.7600 -183.2800
4.7325711486e-01 -3.1862867333e+00 -1.2839141351e+01
104 81 65
2 6 157 24.1400 -165.6100 7 179 7.6100 -161.4800
2.4599150173e+00 -3.2752814223e-01 -5.2820422807e+00
224 181 194
2 6 166 312.7800 -44.4600 7 185 311.9800 -101.1900
2.4599150173e+00 -3.2752814223e-01 -5.2820422807e+00
224 181 194
2 6 167 312.7800 -44.4600 7 186 311.9800 -101.1900
2.1650984018e+00 -2.9396647175e-01 -6.0948847088e+00
220 184 47
2 6 169 239.9500 -33.7900 7 252 242.3100 -79.4200
6.0522884835e-01 1.6204693530e+00 -5.7925956351e+00
67 1 0
3 6 205 66.8200 195.4300 7 225 100.5600 138.7800 8 188 -60.6000 -66.0700
2.5843891327e+00 -3.0877217636e+00 -9.7498985209e+00
53 42 52
3 6 212 177.5100 -212.5000 7 230 157.5000 -218.7600 8 540 -4.3800 199.5300
2.5779929149e+00 -3.0788673292e+00 -9.7252573899e+00
53 42 52
2 6 213 177.5100 -212.5000 7 231 157.5000 -218.7600
2.2338088188e+00 -1.8706929685e+00 -8.3356574170e+00
178 171 140
2 6 216 180.2600 -152.1900 7 236 168.6800 -169.1100
1.4749361619e+00 -2.5317964766e+00 -1.2187637772e+01
110 84 65
2 6 219 81.9200 -138.5500 7 238 65.5400 -139.4900
1.3504393842e+00 -2.4878570598e+00 -1.2213101656e+01
18 29 45
2 6 220 74.8400 -135.7500 7 239 58.7900 -136.6300
1.9890834613e+00 -2.1169811934e+00 -1.1354846755e+01
54 41 43
2 6 223 118.8900 -124.4200 7 243 103.3100 -129.7300
2.4279125829e+00 -5.4919443708e-01 -5.3228973041e+00
225 190 208
3 6 231 305.7000 -72.8100 7 358 303.8600 -125.5800 8 769 -165.6100 226.0300
2.0124242931e+00 3.2423424124e-01 -6.3031894197e+00
147 111 50
2 6 254 216.2500 35.8100 7 391 224.1000 -12.5200
5.0888074447e-01 8.2112609298e-01 -5.4468108790e+00
148 19 29
2 6 267 58.6500 105.6500 7 419 91.3400 48.1500
1.6643798942e+00 1.3454389360e+00 -5.3968873610e+00
69 30 30
2 6 285 207.3700 172.1500 7 308 232.5100 102.9500
2.2515248145e+00 -3.7704098368e+00 -1.0688525574e+01
84 79 97
2 6 295 140.6600 -236.1100 7 458 119.3200 -236.4000
2.4515887898e+00 -3.2009492805e+00 -1.0198401981e+01
98 89 106
3 6 303 160.9700 -210.7500 7 332 141.1600 -214.7600 8 532 9.6000 188.9000
2.7584528211e+00 -2.7601894978e+00 -9.1696897533e+00
56 43 54
2 6 304 201.4100 -202.3600 7 333 182.0100 -212.0700
1.6906200368e+00 -3.5928934358e+00 -1.2255473239e+01
10 10 12
2 6 305 92.7700 -196.0800 7 338 72.6800 -193.7400
1.6987874501e+00 -3.6114248946e+00 -1.2312911854e+01
10 10 12
3 6 306 92.7700 -196.0800 7 339 72.6800 -193.7400 8 514 69.2400 140.2500
2.6168969173e+00 -2.7628884747e+00 -9.6248613699e+00
59 47 61
2 6 308 182.6300 -192.8600 7 334 163.5300 -201.3000
2.6168969173e+00 -2.7628884747e+00 -9.6248613699e+00
59 47 61
2 6 309 182.6300 -192.8600 7 335 163.5300 -201.3000
2.4291750966e+00 -2.8803606843e+00 -1.0199272817e+01
59 52 64
2 6 311 160.2200 -189.6000 7 336 141.2800 -195.6000
2.4291750966e+00 -2.8803606843e+00 -1.0199272817e+01
59 52 64
2 6 312 160.2200 -189.6000 7 337 141.2800 -195.6000
1.5965140423e+00 -2.7142918442e+00 -1.2416160587e+01
47 38 45
2 6 317 87.1800 -145.7400 7 501 69.4800 -146.0400
1.9094089680e+00 -2.2733545414e+00 -1.1524611587e+01
52 42 42
2 6 320 112.2200 -131.8500 7 511 96.4800 -135.7400
1.8556953984e+00 -1.0965654974e+00 -6.6824701847e+00
203 182 70
2 6 324 186.6000 -113.1000 7 504 185.2800 -144.2900
2.4305843572e+00 -5.5164662728e-01 -5.3287684801e+00
227 196 213
2 6 329 305.8200 -73.0300 7 357 303.8600 -125.5800
2.4565835547e+00 -3.8080977297e-01 -5.2773536180e+00
236 188 201
2 6 333 312.3500 -51.5600 7 530 311.4800 -107.3600
2.4622398247e+00 -3.2309495094e-01 -5.2540673184e+00
245 191 207
2 6 336 314.5400 -44.2500 7 532 314.0500 -101.2600
2.0774989846e+00 -2.5467611483e-01 -6.0743834049e+00
114 69 10
2 6 340 231.1500 -29.3800 7 545 234.6600 -75.4600
-4.7892469041e-01 -7.1411292174e-02 -4.7222260257e+00
229 178 190
2 6 351 -81.2200 -12.2900 7 550 -34.1500 -67.5700
-3.8618254477e-01 1.8697263563e-01 -4.5937240962e+00
225 164 172
2 6 366 -69.3800 26.8600 7 562 -19.0000 -34.4600
5.0201581902e-01 2.1827200058e-01 -5.5940014931e+00
125 4 14
2 6 367 56.0400 27.1300 7 387 83.1700 -22.8100
2.0476782125e+00 2.7323297044e-01 -6.3193391119e+00
84 49 7
2 6 369 219.5600 30.1600 7 389 226.4500 -17.8100
-3.2944960766e-01 4.1133862953e-01 -4.5962704070e+00
207 155 168
2 6 376 -60.6800 61.2300 7 576 -8.9600 -2.6000
2.1098964758e+00 5.9574637450e-01 -6.2028515187e+00
176 139 90
2 6 379 230.3400 66.5400 7 404 239.6700 14.3100
3.9457266096e-01 5.3619607509e-01 -5.3870344438e+00
156 27 44
2 6 380 43.9100 69.3300 7 583 77.1100 14.4000
-5.4582994682e-01 5.5044372843e-01 -4.5388158796e+00
189 126 143
2 6 382 -94.9600 83.6700 7 406 -39.2200 18.6400
-5.4582994682e-01 5.5044372843e-01 -4.5388158796e+00
189 126 143
2 6 383 -94.9600 83.6700 7 407 -39.2200 18.6400
3.2199222799e-01 6.6174103069e-01 -5.2638101623e+00
219 197 209
2 6 385 35.3700 87.8100 7 587 71.3000 29.8200
4.6256522843e-01 6.7839597774e-01 -5.3210879895e+00
246 224 228
2 6 387 53.3700 88.8100 7 413 87.9100 31.2900
4.6256522843e-01 6.7839597774e-01 -5.3210879895e+00
246 224 228
2 6 388 53.3700 88.8100 7 414 87.9100 31.2900
-5.7109344360e-01 5.9841453444e-01 -4.5219747282e+00
170 104 126
2 6 391 -99.1500 91.5100 7 411 -42.6700 25.7000
5.3964110786e-01 7.8929954428e-01 -5.4827281170e+00
205 172 197
2 6 393 62.3200 100.9800 7 597 93.8800 43.9900
-6.5289890362e-01 6.5679867215e-01 -4.5004923889e+00
233 178 193
2 6 394 -112.4100 100.9800 7 415 -54.2800 34.9100
-6.9186965702e-01 6.8875572232e-01 -4.5020365188e+00
226 172 182
2 6 396 -118.4000 105.9200 7 417 -59.7800 39.9300
-9.4661102037e-01 7.0649484470e-01 -4.5085285324e+00
229 167 180
2 6 400 -157.5600 108.3600 7 418 -97.1900 44.5100
1.2031402128e+00 1.0679469904e+00 -5.1367181435e+00
184 132 143
2 6 407 156.3300 144.2200 7 433 187.0800 74.7500
2.7182165196e+00 -3.0188315575e+00 -9.3588741136e+00
52 45 57
3 6 435 194.2100 -216.4800 7 468 173.7300 -224.2500 8 1096 -18.2000 211.2400
2.4179511211e+00 -3.3041016309e+00 -1.0289053485e+01
101 97 119
3 6 439 157.3800 -215.3900 7 473 137.1500 -218.9000 8 737 14.4300 190.7400
2.3555728589e+00 -3.2947681408e+00 -1.0391069500e+01
105 97 118
3 6 440 151.9800 -212.6800 7 477 131.9100 -215.9000 8 729 18.6400 186.3200
2.1142065748e+00 -3.4591172988e+00 -1.1054563515e+01
53 51 65
2 6 443 128.2600 -209.7500 7 681 108.3000 -210.5100
2.0977374342e+00 -3.3984250560e+00 -1.1072547599e+01
85 78 96
2 6 445 127.1500 -205.7500 7 479 107.3900 -206.7500
2.0442341612e+00 -3.3513331863e+00 -1.1236196782e+01
39 35 49
3 6 448 122.3000 -199.8000 7 481 102.6500 -200.8500 8 706 42.2900 160.3700
2.6943529860e+00 -2.6653479739e+00 -9.4270425014e+00
57 41 47
2 6 457 191.8500 -190.1200 7 482 173.0500 -199.5900
2.6943529860e+00 -2.6653479739e+00 -9.4270425014e+00
57 41 47
2 6 458 191.8500 -190.1200 7 483 173.0500 -199.5900
2.3207404372e+00 -2.7951868942e+00 -1.0532792408e+01
57 46 54
2 6 466 148.4100 -178.2000 7 715 130.2500 -183.3700
1.5853851692e+00 -3.3689376937e+00 -1.2632422896e+01
88 85 103
2 6 467 84.7100 -178.1300 7 491 65.0500 -175.8900
2.3723494815e+00 -2.0546348237e+00 -7.9817117925e+00
187 178 144
2 6 470 199.2500 -174.6200 7 484 186.2400 -192.0100
2.4662788925e+00 -2.5179599485e+00 -9.9848123870e+00
67 55 65
2 6 473 166.4400 -169.5500 7 719 149.0600 -177.7600
1.6439353066e+00 -3.0053899627e+00 -1.2439745775e+01
54 48 60
2 6 479 89.3300 -161.3900 7 495 70.8800 -160.5900
2.2347453681e+00 -1.9416616223e+00 -8.2851636339e+00
113 98 80
2 6 480 181.3700 -158.8600 7 492 169.3000 -175.6900
2.0352643242e+00 -2.3393320128e+00 -1.1265625164e+01
63 47 57
2 6 486 122.2200 -139.0700 7 506 106.2600 -143.5200
2.2432503152e+00 -2.1935180053e+00 -1.0634658628e+01
121 118 134
2 6 488 142.7600 -138.3000 7 503 127.0100 -145.6500
2.0894582607e+00 -8.1620609516e-01 -6.2134971525e+00
216 192 86
2 6 504 226.5100 -90.9700 7 516 225.4300 -129.8000
2.4351489288e+00 -5.7791095932e-01 -5.4035923363e+00
221 70 104
2 6 511 302.3600 -75.1600 7 776 299.8200 -126.6000
2.4329022512e+00 -4.9798438713e-01 -5.3696385148e+00
239 180 193
2 6 516 304.1000 -65.5000 7 786 302.3600 -118.4300
1.9994442069e+00 -5.1986936814e-01 -6.3967790622e+00
228 191 78
2 6 519 211.3600 -55.9900 7 534 212.3600 -96.1800
2.1817675191e+00 -4.3311088634e-01 -6.0257856081e+00
229 196 57
2 6 525 244.3800 -50.1900 7 535 245.4900 -95.3000
2.1817675191e+00 -4.3311088634e-01 -6.0257856081e+00
229 196 57
2 6 526 244.3800 -50.1900 7 536 245.4900 -95.3000
8.4178697782e-01 -3.3727733309e-01 -5.4063095439e+00
169 46 60
2 6 529 101.5700 -44.8000 7 806 122.9900 -93.0300
2.1327714663e+00 -3.2666127167e-01 -6.0792552198e+00
97 62 2
2 6 532 236.9600 -37.6000 7 816 239.4100 -83.0000
2.4672683032e+00 -2.6797003119e-01 -5.2360457289e+00
232 191 210
2 6 533 316.2300 -37.2500 7 800 316.3700 -95.2000
2.1079503210e+00 -2.8994870102e-01 -6.0841068001e+00
120 75 14
2 6 535 234.1000 -33.3600 7 818 237.0300 -79.0400
2.4675425869e+00 -2.1641631893e-01 -5.2737010315e+00
240 192 195
2 6 536 314.3600 -30.0900 7 543 314.5900 -88.4400
2.0684830793e+00 2.8764001813e-01 -6.2751482683e+00
176 139 48
3 6 562 223.2400 31.6400 7 571 230.2300 -16.5600 8 660 -132.1600 95.1600
-3.0999612386e-01 4.2879097758e-01 -4.6356649319e+00
171 123 144
2 6 577 -57.0900 63.4700 7 578 -6.3000 0.0600
-2.9786433829e-01 4.5546709763e-01 -4.6591895868e+00
220 191 199
2 6 581 -54.8200 67.3200 7 581 -4.6100 3.8600
-9.4177278421e-01 4.6393688144e-01 -4.5565669186e+00
173 160 195
2 6 583 -155.4700 69.8000 7 582 -97.3800 9.2300
1.8197750016e-01 5.7827740469e-01 -5.3192074348e+00
73 21 45
2 6 585 16.3300 75.8800 7 900 52.5200 20.6200
4.0040780006e-01 6.2243029386e-01 -5.3326839898e+00
243 214 219
2 6 588 45.2300 81.4500 7 586 79.4200 24.6500
1.9085846784e-01 6.6727034939e-01 -5.3583006743e+00
71 6 13
2 6 591 17.5600 87.1700 7 588 53.5200 31.5900
-5.4533849775e-01 5.9283234556e-01 -4.5447043091e+00
237 174 184
2 6 592 -94.5900 90.2700 7 909 -38.9600 24.7200
-8.1841314020e-01 6.8197660196e-01 -4.4901734045e+00
228 165 173
2 6 597 -138.4900 104.9800 7 590 -78.5600 39.9700
-8.7306487350e-01 7.6345185602e-01 -4.5125209312e+00
157 100 122
2 6 605 -146.0000 117.2000 7 601 -85.9000 52.3200
-3.7651411667e+00 3.7861140554e+00 -1.1639139328e+01
146 93 86
2 6 619 -219.3700 225.4000 7 1037 -212.5600 230.5400
2.1290305351e+00 -3.8061848881e+00 -1.1007391735e+01
51 45 59
2 6 630 129.3300 -231.3900 7 652 108.0600 -230.9300
2.1677510794e+00 -3.7510898373e+00 -1.0894205492e+01
89 87 105
2 6 631 132.9900 -230.5400 7 653 111.9700 -230.4100
9.4985669819e-01 -4.9393272510e+00 -1.4271783620e+01
48 48 57
2 6 632 44.3900 -230.3300 7 670 20.9900 -220.5000
2.1596522091e+00 -3.6444143073e+00 -1.0870079494e+01
88 85 102
2 6 642 132.9600 -224.5500 7 662 112.2300 -225.0200
2.5976319425e+00 -3.2345233892e+00 -9.7694254256e+00
59 54 71
3 6 650 177.7900 -222.0100 7 657 157.1700 -227.3700 8 752 -1.8300 206.5900
2.8788622367e+00 -2.8944704769e+00 -8.8951157614e+00
56 47 62
2 6 658 215.9600 -218.4100 7 656 195.2900 -228.3200
2.3059417534e+00 -3.3717392915e+00 -1.0589715893e+01
99 95 118
3 6 662 146.0200 -213.4700 7 677 125.7000 -215.8900 8 1030 24.3600 183.3600
2.2476020421e+00 -3.4054609031e+00 -1.0788426042e+01
56 46 58
2 6 666 139.7500 -211.5600 7 680 119.4700 -213.4300
2.7348527325e+00 -2.8870468112e+00 -9.3582622406e+00
117 110 126
3 6 674 195.6500 -207.1000 7 676 175.8600 -215.8000 8 1079 -21.9300 204.4600
2.2844507123e+00 -3.1818192044e+00 -1.0535959905e+01
53 46 61
2 6 679 145.5500 -202.6500 7 686 126.1400 -206.0100
2.4354913894e+00 -3.0528587290e+00 -1.0180611411e+01
68 59 74
2 6 680 160.5500 -201.3400 7 684 141.1900 -206.3400
2.0819960479e+00 -3.3137196343e+00 -1.1180301075e+01
88 81 97
2 6 685 125.2000 -198.6200 7 692 105.5400 -199.8900
1.5717441195e+00 -3.7449357793e+00 -1.2624586327e+01
36 26 32
3 6 688 83.7200 -198.2300 7 699 63.1600 -194.6600 8 959 78.4400 137.1800
2.4176520333e+00 -2.9749674801e+00 -1.0218108641e+01
100 93 109
2 6 691 158.9600 -195.5000 7 691 139.8800 -200.8200
1.9094816028e+00 -3.3968588156e+00 -1.1684564288e+01
52 47 68
2 6 692 109.9400 -194.6600 7 697 90.2400 -194.3500
1.9094816028e+00 -3.3968588156e+00 -1.1684564288e+01
52 47 68
2 6 693 109.9400 -194.6600 7 698 90.2400 -194.3500
2.5665535254e+00 -2.7240030496e+00 -9.7448776488e+00
47 34 47
2 6 698 177.0200 -187.8800 7 695 158.4000 -195.9900
2.0248232675e+00 -3.1856966162e+00 -1.1399443814e+01
90 78 86
2 6 699 119.6200 -187.2500 7 708 100.4400 -188.4700
1.7687043676e+00 -3.3670097037e+00 -1.2066154913e+01
44 36 49
3 6 701 99.0300 -186.5400 7 713 79.2300 -185.6000 8 957 61.1100 136.2800
2.3615523637e+00 -2.8090860137e+00 -1.0306933517e+01
57 46 60
2 6 704 154.2200 -183.0600 7 705 135.9200 -188.8700
1.9104047065e+00 -3.0673251355e+00 -1.1656421244e+01
57 49 60
2 6 712 110.5400 -176.2200 7 722 91.8900 -177.1800
1.9082399024e+00 -2.9877648327e+00 -1.1614017572e+01
89 85 99
2 6 718 110.8700 -172.2800 7 726 92.5100 -173.6200
1.9082399024e+00 -2.9877648327e+00 -1.1614017572e+01
89 85 99
2 6 719 110.8700 -172.2800 7 727 92.5100 -173.6200
2.4112338701e+00 -2.4699985654e+00 -1.0198849286e+01
106 99 115
2 6 732 159.5500 -162.6900 7 732 142.3300 -170.5200
2.4112338701e+00 -2.4699985654e+00 -1.0198849286e+01
106 99 115
2 6 733 159.5500 -162.6900 7 733 142.3300 -170.5200
2.3274320165e+00 -2.4974635994e+00 -1.0408035177e+01
64 53 67
2 6 735 150.9200 -161.1700 7 737 133.9100 -168.0200
2.3274320165e+00 -2.4974635994e+00 -1.0408035177e+01
64 53 67
2 6 737 150.9200 -161.1700 7 739 133.9100 -168.0200
1.2173018520e+00 -2.9781861112e+00 -1.3703715946e+01
74 67 78
2 6 744 60.2100 -144.4700 7 756 41.5100 -140.8000
2.0723647515e+00 -2.1652367997e+00 -1.1152716475e+01
68 55 68
2 6 751 126.0600 -129.7200 7 763 110.2000 -135.6300
2.2678667574e+00 -1.0739952758e+00 -5.7974868343e+00
197 196 106
2 6 753 262.0900 -128.3000 7 736 257.7200 -168.3400
2.2508723456e+00 -1.9933600305e+00 -1.0654943362e+01
71 60 79
2 6 758 143.1800 -125.2500 7 768 128.1000 -133.3900
2.1131635039e+00 -1.9804428909e+00 -1.0897696795e+01
91 79 87
2 6 760 131.5700 -121.4300 7 771 116.6000 -128.7600
2.1131635039e+00 -1.9804428909e+00 -1.0897696795e+01
91 79 87
2 6 761 131.5700 -121.4300 7 772 116.6000 -128.7600
1.9506308606e+00 -2.0011031673e+00 -1.1427772697e+01
62 50 55
2 6 768 116.0000 -116.6100 7 782 100.7200 -122.1600
2.4396516827e+00 -4.5870105707e-01 -5.3531995987e+00
233 187 193
2 6 790 305.8500 -60.7300 7 790 304.5100 -114.3500
2.1953263471e+00 -2.2585310513e-01 -6.0050223853e+00
175 144 33
2 6 814 246.9600 -26.5500 7 823 249.6600 -74.0700
2.4735259905e+00 -1.7738859362e-01 -5.2629205600e+00
237 192 205
2 6 816 315.6900 -25.1300 7 815 316.4100 -84.0700
2.1192388933e+00 5.2392492298e-01 -6.1602117551e+00
139 84 16
2 6 860 233.0600 58.9300 7 882 241.6500 6.4900
-7.0283534487e-01 4.4620860870e-01 -4.5438147883e+00
182 160 191
2 6 874 -119.0900 67.4600 7 878 -62.9900 4.5900
-8.9609818845e-01 4.8870040340e-01 -4.5275419877e+00
147 198 228
2 6 884 -149.4800 74.0700 7 891 -90.9200 12.3000
-7.7199366891e-01 6.1208121726e-01 -4.5203412444e+00
235 199 217
2 6 899 -130.4000 93.5100 7 916 -71.9800 29.3300
5.4154944089e-01 8.3410698054e-01 -5.4581266324e+00
202 159 176
2 6 912 62.7600 107.1000 7 935 95.0700 49.4700
-6.7472765849e-01 7.0825939829e-01 -4.5019805976e+00
146 87 107
2 6 915 -115.6900 109.0000 7 927 -57.1300 42.6500
3.9919351971e-01 9.0353499384e-01 -5.4835491475e+00
203 132 150
2 6 921 44.0800 115.4800 7 941 78.2200 58.9300
-7.7698631657e-01 7.8104325235e-01 -4.5151761458e+00
216 161 173
2 6 926 -131.1300 119.8900 7 938 -71.5100 54.2200
5.3247582194e-01 1.0411366848e+00 -5.5206662671e+00
142 34 59
3 6 929 60.7000 131.9600 7 951 94.3200 74.5200 8 827 -35.3900 3.8100
-3.7564269863e+00 3.3391455436e+00 -1.1598122796e+01
144 80 72
2 6 951 -220.4700 200.4400 7 985 -214.1000 205.3800
-5.1406711721e+00 3.3997904195e+00 -1.1381498617e+01
128 72 58
2 6 958 -302.8900 204.9400 7 1001 -297.7800 214.9700
-5.1406711721e+00 3.3997904195e+00 -1.1381498617e+01
128 72 58
2 6 959 -302.8900 204.9400 7 1002 -297.7800 214.9700
-5.2904183165e+00 3.3897895492e+00 -1.1315826869e+01
125 72 64
2 6 960 -312.8700 205.0800 7 639 -307.9200 215.6100
-5.2904183165e+00 3.3897895492e+00 -1.1315826869e+01
125 72 64
2 6 961 -312.8700 205.0800 7 640 -307.9200 215.6100
-3.6770964772e+00 3.4846293562e+00 -1.1678961218e+01
129 57 41
2 6 963 -214.2400 207.6000 7 995 -207.8600 212.4500
-3.7619435295e+00 3.4997686408e+00 -1.1726889169e+01
130 57 30
2 6 964 -218.0200 207.6600 7 996 -212.0800 212.7500
-4.8412183649e+00 3.4742812760e+00 -1.1356721034e+01
130 72 56
2 6 975 -286.7500 210.2100 7 1006 -280.6900 219.2100
-3.6450610151e+00 3.5610662611e+00 -1.1654016082e+01
132 53 30
2 6 980 -212.7200 212.4600 7 1005 -206.1600 217.1000
-4.7178030299e+00 3.5811716845e+00 -1.1413104482e+01
134 72 65
2 6 985 -278.1900 215.7700 7 1023 -272.1000 224.3100
-4.6775901231e+00 3.6669292864e+00 -1.1386275118e+01
135 75 58
2 6 992 -276.4700 221.1600 7 1036 -269.9000 229.7600
-3.3642287700e+00 3.7737722624e+00 -1.1679132629e+01
143 85 86
2 6 994 -196.1600 224.4100 7 1033 -188.7600 228.3900
2.3092021853e+00 -1.5793511368e+00 -5.6301429335e+00
214 38 63
2 6 21 272.4100 -192.2800 5 12 227.0900 -203.4800
7.0782331564e-01 2.7068220865e-01 -5.5019583698e+00
204 29 53
2 6 24 83.2600 34.5700 5 21 83.1600 23.4800
7.0782331564e-01 2.7068220865e-01 -5.5019583698e+00
204 29 53
2 6 25 83.2600 34.5700 5 22 83.1600 23.4800
-6.7371352270e-01 -2.7730817233e-01 -4.9950777252e+00
235 183 196
2 6 48 -103.9900 -41.0300 5 48 -96.7200 -40.2700
-7.2188510733e-01 5.4042748216e-01 -4.5306459815e+00
162 189 226
2 6 76 -122.3300 82.8800 5 87 -86.2600 87.4700
2.0659247503e+00 1.0695802106e+00 -5.8473590873e+00
212 176 116
2 6 79 238.8400 126.9200 5 112 224.1600 100.4300
-3.0771107739e+00 3.5400935733e+00 -1.4272678139e+01
29 26 34
2 6 145 -147.0300 176.2100 5 236 -238.7800 219.9500
8.0244592172e-01 -7.8954037711e-03 -5.6204014211e+00
81 4 10
2 6 176 93.1200 -1.7300 5 201 86.0300 -11.3600
-2.9155222984e+00 3.8220741679e+00 -1.6266829982e+01
96 85 103
2 6 201 -121.8400 166.7400 5 233 -219.2500 209.9500
1.1972262549e+00 -2.4912432338e+00 -1.2864895343e+01
25 29 49
2 6 222 63.0200 -128.6700 5 246 -40.4800 -116.5400
1.8694059378e+00 -9.8776055546e-01 -6.6397755912e+00
203 178 60
2 6 225 189.4500 -102.4000 5 247 142.0800 -111.2500
1.2568644974e+00 -5.8683630321e-02 -5.2792964819e+00
215 151 156
2 6 240 159.1300 -9.2300 5 271 156.1000 -26.2400
7.1494655399e-01 7.0171249340e-02 -5.6766555038e+00
199 45 81
2 6 246 81.4800 8.3100 5 277 74.2900 -0.4500
3.0518905912e-01 1.2561530690e-01 -5.5149892465e+00
204 42 82
2 6 249 31.5500 15.7400 5 280 30.9900 9.9200
7.2639827909e-01 1.6148460982e-01 -5.6027701840e+00
111 13 20
2 6 252 83.9900 19.6500 5 282 79.8700 10.5000
-5.1532616565e-01 3.8688408351e-01 -4.5638046294e+00
211 160 172
2 6 256 -89.7600 58.2300 5 213 -54.8100 58.1200
5.0721606932e-01 8.6384470387e-01 -5.5003138576e+00
138 12 28
2 6 272 57.7200 109.9700 5 301 66.2600 103.6900
-8.3341744019e-01 7.3547476733e-01 -4.4990476274e+00
224 165 176
3 6 274 -140.0400 113.3900 5 311 -101.7500 123.9300 8 309 143.1800 31.6200
1.9733937294e+00 -2.2401146305e+00 -1.1508247432e+01
104 96 105
2 6 323 116.3000 -130.1100 5 349 19.1300 -121.9800
8.4145558497e-01 1.1489199939e-02 -5.5942714658e+00
223 197 213
2 6 360 98.4700 0.8100 5 391 91.9800 -9.7400
2.1151407668e+00 5.3178756227e-01 -6.1417613944e+00
149 93 24
3 6 375 233.2100 60.1100 5 404 206.4300 39.4300 8 490 -150.4700 79.7600
1.0655075587e+00 5.8464048710e-01 -5.4016338255e+00
102 6 13
2 6 381 131.2000 75.2100 5 414 135.1600 59.7200
-7.1508824949e-01 8.9455771550e-01 -4.5685231401e+00
158 124 143
2 6 406 -119.8700 136.1200 5 456 -79.8500 146.7200
2.8365687683e+00 -3.0460304209e+00 -9.0451302114e+00
122 117 137
3 6 430 209.2100 -226.0200 5 471 116.5300 -221.7000 8 1129 -28.5000 225.8500
2.6249243844e+00 -3.1746345924e+00 -9.6815474246e+00
117 111 132
2 6 433 181.2900 -220.0300 5 474 85.9500 -214.5300
2.2123045214e+00 -2.9348155145e+00 -1.0799694191e+01
108 101 117
2 6 462 137.9600 -182.4300 5 490 39.9900 -175.1500
2.5404989255e+00 -2.5054539611e+00 -9.8598807729e+00
120 114 129
2 6 471 173.5800 -170.9000 5 497 81.5300 -166.8600
2.4715881601e+00 -2.5240304127e+00 -1.0008473733e+01
67 55 65
2 6 474 166.4400 -169.5500 5 499 73.7800 -165.0900
2.1900753503e+00 -1.3870320120e+00 -5.8738199785e+00
201 153 45
2 6 477 248.9500 -162.9300 5 492 204.4800 -173.7000
2.1900753503e+00 -1.3870320120e+00 -5.8738199785e+00
201 153 45
2 6 478 248.9500 -162.9300 5 493 204.4800 -173.7000
2.2492879594e+00 -2.3069961958e+00 -1.0748778891e+01
74 53 61
2 6 482 141.6100 -144.0100 5 505 47.1300 -137.8600
2.0938047046e+00 -7.7861757681e-01 -6.1955009167e+00
217 194 83
2 6 507 227.6400 -87.0500 5 355 186.2300 -100.2100
2.1333177541e+00 -6.8058328366e-01 -6.1281738673e+00
163 137 40
2 6 509 234.6400 -76.9100 5 359 194.6700 -91.5300
2.1727232941e+00 -4.5953315022e-01 -6.0208807105e+00
225 194 63
2 6 521 243.4800 -53.3600 5 374 207.0700 -69.6400
-7.6260365480e-01 3.7250452889e-01 -4.5757664360e+00
245 237 249
2 6 573 -127.4800 55.5800 5 415 -96.3300 60.1500
1.0460651979e+00 4.9214845423e-01 -5.4186932393e+00
201 41 74
2 6 576 128.2700 63.0000 5 408 130.7800 48.0600
2.8287636069e+00 -3.1511843105e+00 -9.2221529449e+00
116 113 136
2 6 633 204.5000 -229.2000 5 649 110.5900 -224.3200
2.4047036034e+00 -3.3484228651e+00 -1.0229639658e+01
51 47 63
3 6 656 157.4100 -219.5200 5 476 59.3300 -212.5900 8 1054 15.7000 194.6700
2.8127445557e+00 -2.8934016533e+00 -9.1265501994e+00
115 100 121
2 6 663 205.9700 -213.0800 5 659 114.2100 -209.2200
2.6816129230e+00 -2.9845344835e+00 -9.4704091393e+00
32 30 45
3 6 665 189.5700 -211.6800 5 660 96.0000 -207.0400 8 1080 -15.3800 205.0700
2.5451487175e+00 -3.0655348218e+00 -9.9502832878e+00
115 109 126
2 6 675 171.4500 -207.0200 5 664 75.7900 -201.0400
2.2762171080e+00 -3.1829063472e+00 -1.0670543626e+01
113 109 127
2 6 682 143.3000 -200.1200 5 674 44.4300 -192.8100
2.5021796399e+00 -2.5740186897e+00 -9.9194183931e+00
67 61 76
2 6 714 169.8600 -174.5800 5 495 77.3000 -170.0300
2.3229636582e+00 -2.7281087930e+00 -1.0498575921e+01
116 108 123
2 6 716 149.1300 -174.5700 5 681 53.3800 -168.3700
2.3549042404e+00 -2.4826136435e+00 -1.0313108897e+01
104 104 123
2 6 734 154.1400 -161.6100 5 695 60.5100 -156.6600
2.4375324696e+00 -2.3795688501e+00 -1.0060685837e+01
111 103 121
2 6 738 163.5100 -159.0600 5 696 71.5700 -154.6300
1.9913524143e+00 -1.9659493254e+00 -1.1361025241e+01
107 91 101
2 6 770 119.0600 -115.3200 5 737 23.9300 -108.0600
2.4264603048e+00 -5.2603373648e-01 -5.3336938416e+00
208 106 133
2 6 785 305.2300 -69.6100 5 750 274.1700 -91.9600
2.4264603048e+00 -5.2603373648e-01 -5.3336938416e+00
208 106 133
2 6 786 305.2300 -69.6100 5 751 274.1700 -91.9600
2.4187554915e+00 -4.6645630783e-01 -5.3597212667e+00
206 60 87
2 6 789 303.0200 -61.5900 5 755 272.4400 -84.3200
2.4489643780e+00 -4.0666871720e-01 -5.3140019525e+00
208 95 123
2 6 791 309.3800 -54.4800 5 759 279.6000 -78.2400
2.1947776725e+00 -4.1858809085e-01 -5.9734998763e+00
167 135 16
2 6 795 247.9200 -49.0700 5 771 212.3500 -66.1400
-7.1954025511e-01 -2.5608596324e-01 -4.9192242943e+00
165 188 229
2 6 802 -112.2600 -38.9800 5 795 -102.5000 -37.6600
2.4619542653e+00 -1.9371656881e-01 -5.2733465761e+00
215 80 98
2 6 810 313.7100 -27.2600 5 779 286.9500 -53.3800
2.4619542653e+00 -1.9371656881e-01 -5.2733465761e+00
215 80 98
2 6 811 313.7100 -27.2600 5 780 286.9500 -53.3800
2.2149175326e+00 -1.6143980355e-02 -5.9224346546e+00
167 136 16
2 6 829 252.8100 -2.5300 5 820 222.2300 -22.5700
2.3979499728e+00 9.0774680940e-02 -5.4130206762e+00
184 158 92
2 6 837 298.5100 9.9600 5 826 274.3800 -16.9400
-5.5943723332e-01 4.3025410908e-01 -4.5923094429e+00
220 158 170
2 6 868 -95.9200 64.3300 5 872 -61.9700 66.1700
2.2829300653e-01 6.3734812795e-01 -5.3243277778e+00
187 157 176
2 6 890 22.5500 83.7200 5 891 34.5500 79.4900
-6.4711811055e-01 8.7350418630e-01 -4.5784361952e+00
132 93 111
2 6 931 -109.2300 132.7900 5 913 -69.0900 141.4500
-2.3712794086e+00 2.9796786447e+00 -1.1686462083e+01
91 86 95
2 6 940 -139.8100 179.4700 5 641 -217.0500 222.2800
1.5765548714e+00 3.7182199100e-01 -5.8646144709e+00
205 41 51
2 7 4 196.5500 -9.2700 5 7 165.1700 27.8000
-2.3721014741e+00 1.6187866861e+00 -1.2050651450e+01
124 105 114
2 7 92 -134.9400 98.5300 5 91 -224.1600 134.0800
1.8333670143e+00 -1.0726203918e+00 -6.6233810317e+00
226 207 90
2 7 98 185.1900 -143.7600 5 67 138.4200 -119.5500
-6.6428604562e-01 3.1806199563e-01 -4.6741732765e+00
223 153 168
2 7 106 -57.4100 -12.8700 5 55 -82.4900 49.3400
-6.6428604562e-01 3.1806199563e-01 -4.6741732765e+00
223 153 168
2 7 107 -57.4100 -12.8700 5 56 -82.4900 49.3400
1.3205167923e+00 1.2342278621e-01 -5.3995369346e+00
132 26 23
2 7 137 182.9000 -40.7900 5 141 159.2800 -2.5400
9.5415793743e-01 1.5313316655e-01 -5.6382585595e+00
135 14 22
2 7 139 133.5500 -32.2700 5 207 105.0200 6.9800
-8.2210526264e-01 1.9795704743e-01 -4.5876781808e+00
223 160 168
2 7 140 -81.6000 -29.7000 5 105 -109.1400 31.7800
1.3875769793e+00 1.2632383426e+00 -5.2237096366e+00
200 144 155
2 7 159 207.1500 97.0700 5 164 191.8600 144.2400
-1.8450120074e+00 1.9078826830e+00 -1.1341700536e+01
121 100 115
3 7 164 -108.9900 117.9400 5 165 -191.8100 154.8200 8 102 167.9100 -199.9500
-4.0763302396e-01 -1.3282049761e-01 -4.9196194473e+00
251 208 218
2 7 192 -25.0100 -71.7000 5 195 -53.4500 -23.8000
1.1349965496e+00 6.5334822812e-02 -5.3666327153e+00
134 59 62
2 7 197 161.9900 -47.2700 5 202 138.5500 -8.2300
7.5984665476e-01 -2.1964093301e+00 -1.1914820133e+01
150 127 125
2 7 246 29.6000 -123.8500 5 248 -55.1900 -110.7500
-6.9653616184e-01 2.9968435411e-01 -4.5691336733e+00
217 152 166
2 7 271 -62.8500 -16.3600 5 210 -86.3200 46.8700
3.9601932047e-01 6.2428393274e-01 -5.3496841081e+00
249 236 236
2 7 291 78.6200 24.7400 5 219 55.1300 75.2200
2.0670897665e+00 -1.7240239376e+00 -8.7535179975e+00
197 186 164
2 7 353 148.6400 -148.9500 5 346 81.9700 -132.6000
1.8647427652e+00 -1.0020756591e+00 -6.6298482094e+00
234 210 88
2 7 356 188.4400 -136.9100 5 352 141.9100 -112.6200
2.1466131589e+00 -5.8905002478e-01 -6.0471349630e+00
243 216 80
3 7 360 239.6200 -111.0700 5 363 201.6400 -82.9900 8 528 -112.5800 182.7800
2.1782214972e+00 -4.9048803317e-01 -5.9705275147e+00
190 158 35
3 7 363 247.1200 -102.2700 5 368 210.0300 -74.0600 8 527 -121.4100 179.2000
2.1848267753e+00 -4.9190658368e-01 -5.9815463378e+00
190 158 35
2 7 364 247.1200 -102.2700 5 369 210.0300 -74.0600
-4.4821684893e-01 3.3755683742e-01 -4.5479401225e+00
186 125 131
3 7 390 -26.5500 -12.9600 5 410 -44.2000 49.1200 8 662 104.3600 98.9500
-4.8477071331e-01 4.0113724218e-01 -4.5561038204e+00
149 91 108
2 7 394 -31.2600 -3.7100 5 416 -49.4800 60.5300
-8.2432221937e-01 7.6886319617e-01 -4.5174561346e+00
184 119 134
2 7 425 -78.5300 52.7200 5 447 -99.6300 129.1000
2.2493927943e+00 -2.1983562451e+00 -1.0650998974e+01
153 149 170
2 7 502 127.0100 -145.6500 5 509 49.6000 -132.9600
2.0688246422e+00 -7.8556547864e-01 -6.2319266792e+00
184 192 135
2 7 521 223.0300 -126.0000 5 520 182.0100 -100.1300
2.0688246422e+00 -7.8556547864e-01 -6.2319266792e+00
184 192 135
2 7 522 223.0300 -126.0000 5 521 182.0100 -100.1300
2.1592043422e+00 -5.4440639899e-01 -6.0658754427e+00
246 219 83
3 7 531 240.4300 -105.6100 5 535 202.2300 -78.2700 8 719 -115.0300 178.5000
1.1563173830e+00 -3.0234480096e-01 -5.2866202875e+00
163 93 103
2 7 538 163.9700 -93.0800 5 543 140.3000 -56.9900
1.2391890441e+00 -9.7174033991e-02 -5.2653987381e+00
156 83 91
2 7 549 176.4200 -69.2100 5 555 154.2500 -31.4100
-4.6570294876e-01 3.1724405296e-01 -4.5545561859e+00
247 197 208
2 7 572 -29.3000 -15.7400 5 599 -47.4900 46.0400
2.5302404383e+00 -2.9161297013e+00 -9.9003479412e+00
140 131 150
2 7 689 152.3400 -204.4000 5 673 76.9800 -192.8100
2.4493981307e+00 -2.5707006755e+00 -1.0068564942e+01
128 115 128
2 7 717 146.2900 -179.3100 5 682 70.7800 -166.9800
2.3002963621e+00 -2.6902484461e+00 -1.0526776781e+01
80 68 82
2 7 721 129.5600 -177.3000 5 683 51.7000 -165.5600
2.0932648401e+00 -8.7635205971e-01 -6.1873322192e+00
200 170 46
2 7 761 226.2600 -136.2500 5 730 185.4600 -110.7700
2.0932648401e+00 -8.7635205971e-01 -6.1873322192e+00
200 170 46
2 7 762 226.2600 -136.2500 5 731 185.4600 -110.7700
2.1374127112e+00 -8.2417020586e-01 -6.0981754954e+00
200 173 44
3 7 767 234.5900 -133.5800 5 515 194.9400 -107.2800 8 1064 -101.3500 199.5400
2.0983663366e+00 -8.0913957400e-01 -6.1557069627e+00
196 170 45
2 7 769 228.6500 -130.5300 5 518 188.3300 -104.2000
2.0983663366e+00 -8.0913957400e-01 -6.1557069627e+00
196 170 45
2 7 770 228.6500 -130.5300 5 519 188.3300 -104.2000
1.8915440578e+00 -2.0544968214e+00 -1.1582413739e+01
74 49 49
2 7 780 95.6100 -122.9000 5 735 14.4200 -110.1300
2.1856642543e+00 -4.5525401714e-01 -5.9773060923e+00
206 173 42
3 7 797 247.7800 -98.5800 5 540 210.7300 -70.0700 8 1019 -123.4500 176.0200
-8.2804977736e-01 -3.6842893012e-01 -5.1735355057e+00
236 189 200
2 7 805 -80.2500 -93.5400 5 377 -122.7400 -49.6200
2.1751209168e+00 -3.4032051335e-01 -6.0266198720e+00
206 171 32
2 7 814 245.6400 -85.5200 5 544 208.4800 -56.7200
-8.6868078185e-01 -2.0891635688e-01 -4.9847833160e+00
157 204 237
2 7 821 -86.4600 -77.3500 5 805 -125.6100 -28.8100
-8.7647759895e-01 -1.6375137629e-01 -4.9408060614e+00
119 141 190
2 7 824 -87.7000 -72.3600 5 563 -125.9500 -22.4700
8.9647552137e-01 1.3480548833e-01 -5.6161553391e+00
150 41 66
2 7 855 127.5400 -34.5000 5 844 98.9900 5.3300
-8.4867284637e-01 2.9849172628e-01 -4.5886266177e+00
228 166 183
3 7 864 -84.4100 -15.0200 5 601 -112.3900 49.1300 8 656 163.9400 86.0500
-6.2485135330e-01 3.7260172165e-01 -4.5654361402e+00
202 130 146
3 7 870 -51.9000 -6.3500 5 870 -73.1800 57.8500 8 657 128.3100 86.3600
3.5480624509e-01 6.1410148865e-01 -5.3082382272e+00
155 106 126
2 7 905 74.1400 23.9000 5 882 51.4600 74.4700
3.6798492953e-01 6.3752898052e-01 -5.3181983738e+00
247 224 229
2 7 913 75.7700 26.7000 5 613 53.0600 77.4300
-9.9414446099e-01 7.8005265868e-01 -4.5586989057e+00
249 196 203
2 7 939 -102.9000 55.6500 5 912 -128.8300 133.4600
1.6143210944e+00 1.3690374587e+00 -5.3708634231e+00
189 140 135
2 7 960 228.0200 106.4800 5 915 209.5100 150.6900
8.9230283241e-01 4.9539277553e-01 -5.4009266259e+00
213 195 202
2 6 97 108.1500 63.2900 8 163 -55.4500 80.4000
8.9230283241e-01 4.9539277553e-01 -5.4009266259e+00
213 195 202
2 6 98 108.1500 63.2900 8 162 -55.4500 80.4000
2.5154171497e+00 -3.1264408645e+00 -9.9867596350e+00
65 50 61
2 6 441 168.7600 -210.1200 8 1050 2.6200 192.7700
1.8363181316e+00 -3.6289302777e+00 -1.1900573197e+01
90 91 111
2 6 446 103.6700 -204.0500 8 972 61.0600 152.9800
1.8363181316e+00 -3.6289302777e+00 -1.1900573197e+01
90 91 111
2 6 447 103.6700 -204.0500 8 971 61.0600 152.9800
-4.3949457046e-01 2.5217933858e-01 -4.5397718975e+00
225 173 182
2 6 566 -78.5400 37.2500 8 671 107.0400 110.9300
4.9423275262e-01 1.0478909177e+00 -5.5137820882e+00
140 30 54
2 6 932 55.8100 133.0200 8 825 -31.7100 1.8800
1.5964454474e+00 2.7982159972e+00 -7.2249752707e+00
141 136 153
2 7 69 169.5900 220.7500 8 63 -152.1000 -166.3500
-5.1657687090e-01 3.7946866466e-01 -4.5493617624e+00
240 193 203
2 7 144 -36.2300 -6.3600 8 221 112.3300 90.6500
-7.4852262997e-02 6.5912400550e-01 -5.3857522507e+00
233 45 74
2 7 151 21.5200 32.8400 8 157 49.6000 30.9500
-2.7514928826e+00 9.7100159653e-01 -1.2337195538e+01
117 96 105
2 7 217 -155.3800 62.6400 8 136 232.1600 -163.9200
6.0415661779e-01 1.6205987637e+00 -5.7887311759e+00
96 5 3
2 7 226 100.5600 138.7800 8 187 -60.6000 -66.0700
2.4523369859e+00 -5.7797669385e-01 -5.3014403297e+00
255 64 99
2 7 241 307.3500 -129.4700 8 384 -167.1300 230.4700
2.4523369859e+00 -5.7797669385e-01 -5.3014403297e+00
255 64 99
2 7 242 307.3500 -129.4700 8 383 -167.1300 230.4700
1.4680081049e-01 5.5033331015e-01 -5.3114651776e+00
104 39 63
2 7 282 48.4200 17.4500 8 213 26.1000 54.2800
8.4110002565e-01 6.8324741734e-01 -5.4964351921e+00
234 44 79
2 7 292 128.4400 29.4100 8 478 -54.6800 54.4700
4.2693321264e-01 8.4485919310e-01 -5.4812922891e+00
180 37 58
2 7 298 81.3400 51.7500 8 305 -15.8500 23.5600
1.1763997925e+00 1.3472837054e+00 -5.5960998087e+00
75 43 27
2 7 310 169.3500 105.3000 8 148 -115.5000 -9.9700
2.5588361641e+00 -3.2579672406e+00 -9.8716885849e+00
128 117 139
2 7 330 152.7800 -226.2300 8 542 1.8300 203.8300
1.1098420509e+00 -2.7987864001e-01 -5.2715492913e+00
244 181 190
2 7 366 158.9400 -90.6900 8 523 -48.7100 174.0000
2.0891561649e-01 5.3312278377e-01 -5.3175629747e+00
150 99 104
2 7 405 55.6700 14.8500 8 481 19.3800 58.0600
5.5806417356e-01 9.1816599036e-01 -5.5013908021e+00
194 28 51
2 7 428 96.8800 59.5500 8 450 -33.4000 19.1300
1.4925116396e+00 1.2303406341e+00 -5.2211109152e+00
185 130 132
2 7 435 219.1900 91.8700 8 455 -160.1800 27.0500
1.5072040282e-01 1.1878118972e+00 -5.5680966096e+00
117 3 7
2 7 436 49.1400 94.3600 8 297 2.7300 -28.3000
5.6966520772e-01 1.3373829915e+00 -5.7952433459e+00
78 0 0
2 7 440 94.6300 106.5400 8 435 -44.7900 -36.2200
-3.1991556866e-01 1.6640773891e+00 -9.3594095119e+00
6 6 4
2 7 441 -15.0000 110.0400 8 408 71.0200 -142.1900
1.2820523838e+00 2.4249044217e+00 -7.8616512720e+00
19 14 17
2 7 451 126.7600 178.0800 8 280 -94.3900 -147.6300
1.6032465969e+00 -4.4858097799e+00 -1.2666680284e+01
92 88 103
2 7 465 61.9300 -230.2300 8 710 88.4400 168.0100
2.4287124413e+00 -3.4521819827e+00 -1.0199701106e+01
126 118 137
2 7 466 138.5000 -229.7900 8 747 16.2000 201.0900
2.0240185403e+00 -3.8323987999e+00 -1.1366730781e+01
117 113 130
2 7 469 98.0500 -224.2600 8 720 52.5400 178.8500
1.7163473667e+00 -4.2500461008e+00 -1.2397826507e+01
60 44 54
2 7 470 70.5800 -224.1300 8 1000 78.8300 166.1200
1.9774106528e+00 -3.2061393103e+00 -1.1469309953e+01
74 62 78
2 7 487 97.0500 -188.1700 8 700 44.5500 146.4700
2.0717486930e+00 -8.8857185271e-01 -6.2246593799e+00
242 216 84
2 7 510 222.7700 -136.6100 8 742 -89.8000 196.8900
2.0825045036e+00 -7.7325912229e-01 -6.1749788604e+00
240 220 94
2 7 519 226.7800 -126.3300 8 732 -96.2600 190.3000
4.6669303673e-01 8.3683954429e-01 -5.4957387090e+00
230 194 214
2 7 599 85.7100 50.4800 8 625 -19.6700 25.2700
4.6669303673e-01 8.3683954429e-01 -5.4957387090e+00
230 194 214
2 7 600 85.7100 50.4800 8 626 -19.6700 25.2700
-3.1667022506e-01 1.6081098826e+00 -9.3857352820e+00
72 59 60
2 7 611 -15.2300 105.7300 8 572 72.1100 -138.2200
-6.0263426442e-01 1.6600470045e+00 -9.9275668404e+00
14 12 15
2 7 612 -35.3300 107.0200 8 571 93.2200 -151.9800
1.5759647964e+00 2.3308511025e+00 -7.3337773438e+00
115 95 82
2 7 628 162.9700 176.7700 8 575 -130.3000 -126.1700
1.5759647964e+00 2.3308511025e+00 -7.3337773438e+00
115 95 82
2 7 629 162.9700 176.7700 8 576 -130.3000 -126.1700
2.5490751906e+00 -3.3019128590e+00 -9.9421174695e+00
124 118 149
2 7 658 150.7100 -227.1900 8 1072 3.9500 203.5700
2.6220746944e+00 -3.1655830367e+00 -9.6510731874e+00
146 138 160
2 7 661 161.2900 -226.0000 8 1086 -5.8900 207.4300
1.7478200971e+00 -4.1535455704e+00 -1.2224499452e+01
106 103 119
2 7 666 73.7600 -222.8700 8 1001 75.0600 166.7400
2.7107022815e+00 -2.9842085444e+00 -9.4271494620e+00
124 114 122
2 7 668 172.1200 -220.2600 8 1085 -17.7300 206.8900
2.2308506944e+00 -3.1491757991e+00 -1.0744764767e+01
117 110 129
2 7 694 120.2300 -199.6600 8 1002 25.2500 166.9200
1.7781320772e+00 -3.1013903344e+00 -1.2025635873e+01
110 102 119
2 7 731 81.0700 -172.4500 8 943 55.6100 125.2000
-8.3669668140e-01 9.1816258728e-02 -4.5708284254e+00
236 173 188
2 7 847 -84.6100 -45.1800 8 928 170.8900 114.6500
-4.8609120398e-01 4.2924757215e-01 -4.5846260755e+00
196 138 152
2 7 875 -31.3300 0.9700 8 910 105.8900 83.1700
4.5577442456e-01 8.9187495655e-01 -5.4913288366e+00
235 153 173
2 7 940 84.8700 57.1800 8 853 -20.9300 18.9100
5.8103048901e-01 1.0340116364e+00 -5.5221965470e+00
162 28 49
2 7 948 100.0200 73.2200 8 610 -40.3400 6.2500
4.4759681035e-01 1.0346627788e+00 -5.5072013678e+00
223 201 224
2 7 952 84.4600 74.3100 8 824 -25.9000 1.9700
2.4650542689e+00 -2.4807878496e-01 -5.2544164139e+00
227 157 174
2 5 125 287.8900 -60.4300 8 255 -185.1100 203.5400
2.5373834110e+00 1.4037158867e-03 -5.2390140290e+00
221 180 195
2 5 134 299.2100 -30.8700 8 176 -204.5100 182.9600
2.4463964676e+00 -3.2551310942e-01 -5.2658949259e+00
205 169 184
2 5 178 284.0800 -69.4700 8 256 -179.3400 209.5900
2.4905378914e+00 -2.9886172101e-01 -5.2175884079e+00
213 36 57
2 5 179 292.2500 -67.3700 8 260 -186.9900 211.1000
2.4704576357e+00 -1.6421317558e-01 -5.2202553175e+00
220 180 189
2 5 185 292.0900 -50.8300 8 252 -191.0700 197.9200
2.4482477761e+00 -2.8403244008e-02 -5.2385791848e+00
214 39 53
2 5 192 290.5600 -33.8600 8 245 -194.2500 183.4600
2.5066740398e+00 1.4435498447e-01 -5.1294454923e+00
220 188 205
2 5 199 307.1700 -14.3700 8 351 -213.0800 174.4800
2.5066740398e+00 1.4435498447e-01 -5.1294454923e+00
220 188 205
2 5 200 307.1700 -14.3700 8 350 -213.0800 174.4800
2.4656998869e+00 -5.0099496001e-01 -5.2855828226e+00
214 37 60
2 5 252 281.8200 -90.2300 8 377 -172.5900 224.8500
-2.9393045091e+00 -5.7412107108e-01 -1.4441126942e+01
103 100 125
2 5 281 -251.5100 9.6600 8 594 245.4500 -98.1500
-6.5773198702e-01 6.5706166770e-01 -4.4934733745e+00
220 167 180
2 5 303 -72.6900 107.1400 8 315 120.2500 50.3600
-9.2999484000e-01 6.8142961217e-01 -4.4905478051e+00
158 96 117
2 5 309 -119.0800 116.7500 8 464 160.1600 35.3400
2.7233950013e+00 -2.8951993024e+00 -9.4352973596e+00
87 79 92
2 5 336 100.7600 -202.1400 8 748 -19.8100 201.8700
2.1572697180e+00 -7.0073565633e-01 -6.0653311999e+00
161 135 39
2 5 358 200.1000 -94.8400 8 738 -108.7500 191.5100
2.1660670871e+00 -4.9708778274e-01 -6.0300538193e+00
213 182 65
2 5 370 205.4200 -73.5800 8 524 -118.4000 176.4400
2.4741049115e+00 -8.9551588046e-02 -5.2390449426e+00
228 185 199
2 5 380 292.2000 -41.5000 8 731 -193.8900 189.8300
-2.9550865579e+00 -6.0488902820e-01 -1.4603148991e+01
105 101 122
2 5 395 -251.0500 8.5500 8 595 245.4500 -98.1500
-2.1794500510e+00 3.5587905737e-01 -1.1962299859e+01
30 23 27
2 5 412 -219.9100 55.6900 8 416 212.6000 -115.9500
-2.1794500510e+00 3.5587905737e-01 -1.1962299859e+01
30 23 27
2 5 413 -219.9100 55.6900 8 415 212.6000 -115.9500
-7.0347621271e-01 4.4486374710e-01 -4.5401584863e+00
168 140 174
2 5 425 -84.7700 71.5000 8 649 136.5400 75.0100
4.1796187174e-01 1.1013819106e+00 -5.5094775426e+00
204 168 181
2 5 449 57.8600 135.9000 8 436 -25.2600 -6.7700
4.1796187174e-01 1.1013819106e+00 -5.5094775426e+00
204 168 181
2 5 450 57.8600 135.9000 8 437 -25.2600 -6.7700
2.8239583571e+00 -3.0321314260e+00 -9.0192218397e+00
81 74 89
2 5 470 116.5300 -221.7000 8 1130 -28.5000 225.8500
2.1478328383e+00 -7.4516175940e-01 -6.0711367754e+00
159 131 35
2 5 522 198.3100 -99.4400 8 1056 -106.0900 194.7000
2.1478328383e+00 -7.4516175940e-01 -6.0711367754e+00
159 131 35
2 5 523 198.3100 -99.4400 8 1055 -106.0900 194.7000
2.4570769929e+00 -3.8040284644e-01 -5.2738546767e+00
226 180 196
2 5 539 283.6200 -75.9700 8 763 -177.6600 214.4400
2.4634539667e+00 -3.2266309901e-01 -5.2535159766e+00
229 182 199
2 5 542 286.5600 -69.4300 8 1093 -181.7700 210.5300
2.4719404031e+00 1.9909031931e-02 -5.2226335451e+00
229 167 175
2 5 558 294.7500 -28.3500 8 1026 -199.5000 180.3500
2.4719404031e+00 1.9909031931e-02 -5.2226335451e+00
229 167 175
2 5 559 294.7500 -28.3500 8 1025 -199.5000 180.3500
2.5109288431e+00 1.7672071934e-01 -5.1110728173e+00
208 43 65
2 5 570 309.3800 -10.5500 8 1014 -216.0500 172.5300
2.5234173821e+00 2.7075542731e-01 -5.0901862826e+00
190 71 99
2 5 578 313.6400 0.8600 8 995 -222.7400 164.7300
-1.9133443654e+00 4.6296076546e-01 -1.1555378383e+01
41 29 37
2 5 606 -204.5100 61.3900 8 586 197.9600 -114.1100
-1.8212291190e+00 5.2015752549e-01 -1.1411018135e+01
39 29 37
2 5 608 -198.8900 64.7600 8 585 192.2400 -114.6000
-1.0228554772e+00 6.2208640640e-01 -4.5148037578e+00
177 111 130
2 5 624 -136.4600 107.9300 8 634 176.5900 38.4700
3.9706547945e-01 9.0258650196e-01 -5.4816600155e+00
183 112 129
2 5 627 53.8200 110.7300 8 845 -14.9900 15.9800
5.6551705811e-01 9.8118927622e-01 -5.5101761486e+00
134 8 22
2 5 629 75.0000 117.7700 8 615 -36.2400 11.8400
2.7158323083e+00 -2.8169022411e+00 -9.3463809998e+00
41 31 41
2 5 667 102.5200 -198.8800 8 1067 -22.8300 200.9700
2.1099316921e+00 -8.6996587658e-01 -6.1603802749e+00
205 177 65
2 5 734 188.4000 -110.5900 8 1063 -95.6200 199.5000
2.4754863794e+00 -2.6791117593e-01 -5.2407549390e+00
235 185 202
2 5 772 289.4300 -63.1000 8 1082 -186.0100 206.5400
2.4685505912e+00 -1.7671830802e-01 -5.2492474323e+00
230 182 190
2 5 783 289.4300 -51.8600 8 1059 -189.1300 197.4000
2.4887189568e+00 -2.4817822213e-02 -5.1820841045e+00
190 82 110
2 5 799 298.8200 -34.4700 8 1038 -200.9800 187.3800
2.4887189568e+00 -2.4817822213e-02 -5.1820841045e+00
190 82 110
2 5 800 298.8200 -34.4700 8 1037 -200.9800 187.3800
2.5162317085e+00 1.5303470458e-01 -5.0968547708e+00
232 168 187
2 5 829 310.7300 -13.6900 8 1020 -216.1200 175.7800
2.5204638152e+00 1.9576667685e-01 -5.0820857291e+00
249 156 168
2 5 835 312.9400 -8.5400 8 1016 -219.3000 172.5300
2.5204638152e+00 1.9576667685e-01 -5.0820857291e+00
249 156 168
2 5 836 312.9400 -8.5400 8 1015 -219.3000 172.5300
9.8822370651e-01 1.5581011009e+00 -5.6423988684e+00
190 117 131
2 5 917 125.5000 180.3400 8 819 -103.8100 -41.3000
