# Bundle file v0.3
9 398
0 0 0
0 0 0
0 0 0
0 0 0
0 0 0
0 0 0
0 0 0
0 0 0
0 0 0
0 0 0
0 0 0
0 0 0
0 0 0
0 0 0
0 0 0
0 0 0
0 0 0
0 0 0
0 0 0
0 0 0
0 0 0
0 0 0
0 0 0
0 0 0
0 0 0
6.9107257745e+02 -1.0171999556e-01 -3.7874390711e-02
9.6940093878e-01 9.4417928988e-02 2.2659892888e-01
-8.3074985466e-02 9.9478904213e-01 -5.9104216878e-02
-2.3099862916e-01 3.8470980604e-02 9.7219319941e-01
1.2176507749e+00 -3.5848441941e-01 -1.1738499765e-02
6.9137641365e+02 -1.0032824182e-01 -3.4187382603e-02
9.9999855666e-01 1.6976589635e-03 -6.8119865122e-05
-1.6983304550e-03 9.9993234254e-01 -1.1507649967e-02
4.8579191190e-05 1.1507749048e-02 9.9993378248e-01
-2.2033378931e-02 -7.1888231064e-02 -5.8318436616e-02
6.9483565414e+02 -1.1799609487e-01 3.0591580800e-02
9.9701025728e-01 5.3271089358e-02 5.5970866610e-02
-4.9718583915e-02 9.9677097045e-01 -6.3053111551e-02
-5.9149042968e-02 6.0081806741e-02 9.9643944483e-01
5.5406883788e-01 -7.5870568879e-01 -4.8960828807e-01
0 0 0
0 0 0
0 0 0
0 0 0
0 0 0
1.8661081135e+00 -1.1177415218e+00 -6.6839196103e+00
203 182 70
3 6 325 186.6000 -113.1000 7 505 185.2800 -144.2900 5 350 138.2300 -120.9300
2.1433993772e+00 -8.5485989905e-01 -6.1487870505e+00
221 195 83
3 6 501 232.6100 -94.2900 7 513 231.0500 -133.6600 5 517 191.1200 -107.2700
2.1433993772e+00 -8.5485989905e-01 -6.1487870505e+00
221 195 83
3 6 500 232.6100 -94.2900 7 512 231.0500 -133.6600 5 516 191.1200 -107.2700
2.1627548931e+00 -8.4502497915e-01 -6.1112888742e+00
177 153 51
3 6 778 235.9600 -93.7600 7 766 234.5900 -133.5800 5 514 194.9400 -107.2800
2.1626684497e+00 -7.4445063945e-01 -6.1265417385e+00
214 189 76
3 6 508 235.6200 -82.6500 7 523 234.7100 -123.2200 5 356 195.4300 -96.4200
2.1707453491e+00 -6.6886067965e-01 -6.0976290775e+00
215 190 73
3 6 328 237.6100 -74.5900 7 359 237.4300 -116.4400 5 360 198.5000 -89.2900
2.1540453001e+00 -7.8407508338e-01 -6.1371085807e+00
215 191 85
3 6 781 234.1700 -86.8000 7 775 233.2700 -126.8800 5 745 193.5500 -100.3000
2.4865434723e+00 -4.5923396659e-01 -5.3350468600e+00
226 182 185
3 6 163 308.2400 -59.3400 7 183 306.7600 -113.6100 5 173 277.9200 -82.6000
2.1226658190e+00 -9.4872419850e-01 -6.1857869525e+00
212 189 70
3 6 326 228.6500 -104.2400 7 355 227.0900 -141.5600 5 351 186.2800 -115.9600
1.8702857728e+00 -1.0796533744e+00 -6.6924624654e+00
41 28 0
3 6 771 186.9200 -109.1800 7 757 185.5800 -140.7200 5 720 138.6900 -116.9200
1.8702857728e+00 -1.0796533744e+00 -6.6924624654e+00
41 28 0
3 6 772 186.9200 -109.1800 7 758 185.5800 -140.7200 5 721 138.6900 -116.9200
2.4920464947e+00 -3.4563139267e-01 -5.3196677175e+00
234 192 195
3 6 528 309.9400 -45.2700 7 533 309.3700 -101.2900 5 541 281.1000 -69.8300
2.4842821330e+00 -3.9534468959e-01 -5.3357707982e+00
239 180 181
3 6 793 308.0600 -51.3800 7 794 307.1300 -106.4500 5 762 278.5400 -75.1900
2.0675935748e+00 -6.1691836127e-01 -6.2841036903e+00
218 186 68
3 6 46 220.4100 -65.7700 7 51 220.6100 -106.8200 5 27 179.9500 -81.0800
-8.9027473120e-01 5.2364516775e-01 -4.5355153936e+00
21 27 43
3 6 54 -136.5500 75.8500 7 57 -78.7900 13.0600 5 33 -102.4000 82.8100
-8.9027473120e-01 5.2364516775e-01 -4.5355153936e+00
21 27 43
3 6 55 -136.5500 75.8500 7 58 -78.7900 13.0600 5 34 -102.4000 82.8100
-8.9027473120e-01 5.2364516775e-01 -4.5355153936e+00
21 27 43
3 6 56 -136.5500 75.8500 7 59 -78.7900 13.0600 5 35 -102.4000 82.8100
-8.5188602707e-01 -2.2437652032e-01 -5.0029330755e+00
23 24 28
3 6 66 -118.7900 -32.0500 7 75 -74.9800 -79.7100 5 49 -112.1700 -31.7400
8.5881300494e-01 6.2289103368e-02 -5.6007545618e+00
210 178 197
3 6 49 101.7700 6.5300 7 54 124.9700 -43.6100 5 51 95.8400 -4.6000
5.8967885438e-02 3.5538961238e-01 -5.4686598943e+00
152 22 32
3 6 53 4.8600 43.2200 7 83 38.3700 -7.9800 5 54 8.7600 41.3300
-9.3195675867e-01 6.3343466362e-01 -4.5416862985e+00
192 205 242
3 6 78 -142.5900 91.8000 7 88 -83.9200 29.0700 5 57 -107.5000 101.5400
1.0338464952e+00 -3.6149304583e-03 -5.4518578913e+00
180 117 131
3 6 90 126.8000 -0.7900 7 102 147.4500 -54.0300 5 76 122.0400 -16.8300
1.3108378722e+00 2.1102440919e-01 -5.5030570652e+00
188 119 130
3 6 70 159.9400 25.2800 7 80 178.0800 -30.7200 5 77 153.2900 8.0100
9.9112263161e-01 5.6865689840e-01 -5.4592974321e+00
213 193 208
3 6 74 121.3300 70.0900 7 84 147.0700 11.8600 5 82 123.8300 55.4500
9.9112263161e-01 5.6865689840e-01 -5.4592974321e+00
213 193 208
3 6 75 121.3300 70.0900 7 85 147.0700 11.8600 5 83 123.8300 55.4500
3.6285865695e-01 4.9273669326e-01 -5.3468092278e+00
72 2 3
3 6 96 43.5500 61.2900 7 111 77.0400 6.2200 5 84 52.9100 54.8800
-8.7305406585e-01 3.9722499685e-01 -4.5883927462e+00
187 201 240
3 6 73 -132.4300 56.4800 7 110 -77.1000 -4.1500 5 85 -102.0400 61.3800
8.1852336606e-01 5.6139573806e-01 -5.4625725628e+00
95 0 2
3 6 132 99.6900 69.1700 7 147 127.5700 12.0000 5 108 103.5100 56.9400
4.5546040411e-01 9.8988274345e-01 -5.5119195115e+00
163 18 29
3 6 104 53.8900 121.5400 7 113 87.7400 64.4300 5 113 63.7400 115.6700
2.2944036465e+00 -1.1053425578e+00 -5.8031184078e+00
202 197 106
3 6 117 262.0000 -128.6800 7 128 257.7300 -168.6300 5 120 220.9400 -142.5500
9.8562641887e-01 5.4891804501e-02 -5.5282193157e+00
72 5 8
3 6 178 118.7500 4.5900 7 198 140.4500 -45.7800 5 140 114.0100 -6.6900
6.6234867809e-03 4.4681731281e-01 -5.4545709435e+00
225 56 94
3 6 128 -1.7000 54.5100 7 202 32.7700 3.3400 5 150 4.0200 53.7400
6.6234867809e-03 4.4681731281e-01 -5.4545709435e+00
225 56 94
3 6 129 -1.7000 54.5100 7 203 32.7700 3.3400 5 151 4.0200 53.7400
-5.7932351507e-01 4.4966281681e-01 -4.6044994266e+00
108 54 70
3 6 190 -88.7600 64.1400 7 145 -35.6600 0.9700 5 153 -54.9500 65.0900
1.5953906261e-01 6.4876445383e-01 -5.3655112214e+00
217 202 221
3 6 134 17.6700 81.4400 7 149 53.6900 25.9700 5 156 28.5500 77.8500
-9.3958295195e-01 5.1988485744e-01 -4.5166069924e+00
18 20 30
3 6 133 -144.3300 74.7400 7 206 -86.2600 12.5400 5 157 -110.1000 84.1500
3.9782107397e-01 1.0770401318e+00 -5.5121644980e+00
171 150 172
3 6 139 46.7000 132.2400 7 157 81.7400 75.0300 5 163 57.8600 127.6000
2.4865434723e+00 -4.5923396659e-01 -5.3350468600e+00
226 182 185
3 6 164 308.2400 -59.3400 7 184 306.7600 -113.6100 5 174 277.9200 -82.6000
8.9470501850e-01 -6.3022786224e-02 -5.5364057470e+00
51 9 18
3 6 242 107.6200 -8.8500 7 256 129.1300 -58.8000 5 198 101.5000 -20.9700
8.1177155689e-01 1.3507924680e-01 -5.6449615064e+00
139 29 46
3 6 248 95.5400 14.7800 7 263 118.5500 -34.3900 5 206 89.8800 5.3600
-4.9454485095e-01 3.1891108520e-01 -4.5406063082e+00
157 99 113
3 6 186 -77.4700 45.5000 7 269 -24.4800 -18.2400 5 208 -42.0100 42.7400
1.0289460530e+00 6.5526166637e-01 -5.4554923480e+00
44 9 7
3 6 194 125.6800 80.3800 7 148 152.5500 21.9900 5 214 129.4700 65.8900
1.2045991190e-01 5.7720330325e-01 -5.3508925516e+00
82 11 26
3 6 193 12.9700 72.6000 7 283 48.4200 17.4500 5 217 23.2900 69.1500
-5.9453120753e-01 4.9254879979e-01 -4.5958466827e+00
235 181 195
3 6 192 -91.0500 70.9400 7 277 -37.4700 6.7600 5 218 -56.6200 72.0500
-9.7803969473e-01 4.7152483401e-01 -4.5506705339e+00
183 230 255
3 6 258 -149.1900 67.5700 7 278 -91.4000 6.6400 5 222 -117.6500 75.7400
-9.1197889998e-01 5.9192428528e-01 -4.4308375201e+00
179 225 255
3 6 264 -142.4100 86.7700 7 290 -84.4100 23.2000 5 224 -102.1800 95.9100
-9.3505783217e-01 6.5241332540e-01 -4.5411610399e+00
243 231 243
3 6 266 -142.9300 95.1500 7 293 -84.1800 31.5200 5 225 -107.9100 104.4700
-8.4408117636e-01 7.5730538797e-01 -4.4967268921e+00
225 165 177
3 6 273 -130.7700 111.6500 7 296 -70.8500 45.9700 5 226 -90.6000 120.5900
9.4547071348e-01 -1.4113107467e-02 -5.5536204212e+00
66 13 22
3 6 358 113.6800 -2.4400 7 381 134.6200 -53.5200 5 273 106.9800 -15.3900
1.2235753148e+00 9.9993347989e-02 -5.4506396337e+00
95 35 39
3 6 247 150.5600 11.3200 7 261 169.3300 -43.5800 5 275 145.0500 -4.7300
1.1020981983e+00 1.0643177023e-01 -5.5042133089e+00
172 101 113
3 6 361 133.9200 11.7800 7 262 154.3900 -41.2100 5 276 128.7700 -2.2400
6.4677826704e-01 2.0096236742e-01 -5.5985544680e+00
115 4 13
3 6 253 76.3100 23.5200 7 268 101.9800 -26.8800 5 283 73.4000 14.4700
9.0078347367e-01 6.0537753489e-01 -5.4544277989e+00
104 11 16
3 6 260 110.2900 74.3800 7 281 137.0500 16.5800 5 296 114.2400 61.6900
-8.8721087009e-02 6.0962344290e-01 -5.3641206305e+00
108 9 22
3 6 263 -13.8400 76.4200 7 287 23.5600 22.9300 5 297 -3.4300 76.3000
-9.0112680676e-01 4.9181593524e-01 -4.5596354093e+00
255 254 254
3 6 259 -137.4700 70.8400 7 279 -80.3100 8.8500 5 298 -104.9900 77.5000
5.3737217752e-01 9.4746961605e-01 -5.4997570136e+00
153 14 28
3 6 403 64.1100 116.7400 7 429 96.8800 59.5500 5 304 73.7400 108.4200
-9.4258536890e-01 7.6751155952e-01 -4.5098809383e+00
227 167 179
3 6 401 -144.7900 112.9700 7 421 -85.0800 47.8700 5 312 -106.8300 124.0400
-1.0509236121e+00 7.6633473671e-01 -4.5236981225e+00
133 74 96
3 6 602 -160.5600 112.1700 7 422 -100.0800 48.4600 5 313 -125.0400 125.9000
4.3103658107e-01 1.1242894210e+00 -5.5128440029e+00
166 22 33
3 6 277 50.8700 137.9600 7 302 85.7600 80.2600 5 314 62.4300 133.1100
1.5638414582e+00 1.2714986229e+00 -5.2538715709e+00
69 31 28
3 6 199 198.3500 161.6800 7 218 225.5000 90.9100 5 315 208.4500 136.3100
1.5638414582e+00 1.2714986229e+00 -5.2538715709e+00
69 31 28
3 6 200 198.3500 161.6800 7 219 225.5000 90.9100 5 316 208.4500 136.3100
1.7153946189e+00 -3.3093063893e+00 -1.2224376088e+01
97 90 106
3 6 465 93.8900 -180.3500 7 490 74.5800 -179.1000 5 339 -11.2100 -169.6600
-1.1679478228e+00 -2.7524199055e+00 -1.2510337806e+01
72 44 55
3 6 743 -64.8700 -144.9100 7 759 -77.0200 -140.7000 5 347 -171.7400 -129.6700
2.1497667519e+00 -8.2331308152e-01 -6.1459618165e+00
214 191 78
3 6 503 233.2600 -91.1100 7 515 232.1800 -130.3400 5 354 192.3100 -104.1700
-8.5404506732e-01 -1.6300739446e-01 -4.9821501284e+00
251 253 255
3 6 342 -119.6400 -23.7800 7 373 -74.8000 -72.5900 5 386 -111.6600 -22.9300
9.0586026567e-01 -2.5998078807e-02 -5.5921817446e+00
173 134 153
3 6 355 108.0300 -4.3700 7 380 129.1000 -54.1500 5 389 100.6800 -15.4400
2.0875046862e+00 5.9184044031e-01 -6.2213986558e+00
110 64 25
3 6 378 225.1000 63.6400 7 403 234.3100 12.2600 5 407 198.4400 44.8200
-8.8080281059e-01 4.2578014300e-01 -4.5505632923e+00
165 217 254
3 6 377 -134.6600 61.0800 7 577 -78.2700 -0.4800 5 418 -102.3700 66.3900
-1.0061988467e+00 4.4482629205e-01 -4.5686380950e+00
168 156 197
3 6 578 -152.6700 63.5200 7 580 -95.2000 2.8500 5 426 -123.0400 71.9300
-6.3884117494e-01 6.2620390522e-01 -4.5287765691e+00
170 104 126
3 6 390 -99.1500 91.5100 7 410 -42.6700 25.7000 5 431 -59.9500 94.9700
-8.9150323393e-01 7.4024746200e-01 -4.5044882250e+00
178 107 123
3 6 601 -137.4800 108.8600 7 594 -77.8900 43.7100 5 440 -98.7500 118.7400
-9.3559711676e-01 7.3643409336e-01 -4.5027469384e+00
174 107 127
3 6 398 -144.2200 108.2800 7 595 -84.0300 43.5200 5 441 -106.1400 118.9800
-9.3559711676e-01 7.3643409336e-01 -4.5027469384e+00
174 107 127
3 6 399 -144.2200 108.2800 7 596 -84.0300 43.5200 5 442 -106.1400 118.9800
1.6798051750e+00 1.3923238486e+00 -5.4009517115e+00
69 30 30
3 6 286 207.3700 172.1500 7 309 232.5100 102.9500 5 458 213.2100 146.8100
9.6765272338e-01 1.5886982443e+00 -5.6736458120e+00
140 24 34
3 6 414 113.4100 189.1300 7 618 145.2800 127.9800 5 463 122.5300 177.5000
2.4706855893e+00 -2.8503218001e+00 -1.0051274283e+01
103 99 121
3 6 460 164.3500 -188.9000 7 696 145.7100 -195.7400 5 485 69.7500 -183.3900
2.2254159188e+00 -2.9548810423e+00 -1.0798632895e+01
108 101 117
3 6 463 137.9600 -182.4300 7 712 119.4800 -186.1600 5 491 39.9900 -175.1500
2.3402411983e+00 -2.5145812235e+00 -1.0400172796e+01
64 53 67
3 6 736 150.9200 -161.1700 7 738 133.9100 -168.0200 5 502 56.9700 -155.7600
2.2573488863e+00 -2.3192791388e+00 -1.0731026290e+01
74 53 61
3 6 483 141.6100 -144.0100 7 752 124.6900 -150.7000 5 506 47.1300 -137.8600
2.2109405566e+00 -2.3255595748e+00 -1.0786737317e+01
124 120 134
3 6 484 137.8000 -143.6700 7 498 121.4600 -149.9500 5 507 43.2600 -137.3900
2.2109405566e+00 -2.3255595748e+00 -1.0786737317e+01
124 120 134
3 6 485 137.8000 -143.6700 7 497 121.4600 -149.9500 5 508 43.2600 -137.3900
2.4649673242e+00 -5.6188748234e-01 -5.3886315033e+00
240 184 195
3 6 513 302.5900 -71.4800 7 779 300.5400 -123.5000 5 526 270.7100 -93.1500
2.4827919202e+00 -5.2705553430e-01 -5.3288284437e+00
242 193 212
3 6 514 307.9500 -67.8900 7 525 306.0200 -121.2200 5 527 277.0600 -90.6100
2.1195510724e+00 -6.6504157314e-01 -6.2147135245e+00
164 169 117
3 6 512 227.9100 -72.6900 7 527 228.0200 -113.2400 5 530 187.7600 -86.5100
2.4913987517e+00 -4.4473181705e-01 -5.3081271706e+00
234 173 188
3 6 518 310.2900 -57.8900 7 791 308.8600 -112.5000 5 532 280.5600 -81.6000
2.1695153702e+00 -5.7569325208e-01 -6.1073944506e+00
177 147 41
3 6 787 237.2300 -64.2700 7 795 237.6900 -106.8000 5 533 199.0300 -79.4500
9.5222217677e-01 2.4211967237e-02 -5.5541460812e+00
171 124 141
3 6 832 114.4000 1.7300 7 838 135.7200 -49.2300 5 572 108.2900 -10.2500
-5.2066839331e-01 -1.6316293854e-02 -4.6937975342e+00
226 178 187
3 6 354 -79.0200 -4.8900 7 833 -30.5300 -61.1300 5 573 -54.7100 -8.4200
-5.1217890894e-01 2.7511074711e-02 -4.6603440052e+00
219 171 182
3 6 551 -78.1400 1.6000 7 837 -29.0700 -56.4700 5 577 -52.1400 -1.8000
-4.7231986370e-01 1.0563218749e-01 -4.6096149068e+00
157 101 112
3 6 558 -73.0800 13.0400 7 845 -23.2100 -46.7400 5 584 -43.3900 9.1800
-4.7231986370e-01 1.0563218749e-01 -4.6096149068e+00
157 101 112
3 6 557 -73.0800 13.0400 7 844 -23.2100 -46.7400 5 585 -43.3900 9.1800
-9.1649423824e-01 9.9004926611e-02 -4.5841309683e+00
215 151 168
3 6 556 -139.1800 12.3200 7 848 -84.6100 -45.1800 5 586 -113.5800 13.9200
-4.7972101689e-01 2.6438047184e-01 -4.5606671464e+00
157 99 112
3 6 565 -74.9200 36.9300 7 861 -22.9900 -25.6000 5 589 -40.9100 34.0200
-9.0628835607e-01 2.4915844868e-01 -4.6164307651e+00
245 182 191
3 6 563 -136.7600 34.3900 7 568 -81.9300 -24.0700 5 592 -110.1400 38.0400
1.0817630412e-01 6.0567171545e-01 -5.3320616273e+00
233 218 230
3 6 586 11.2700 76.3000 7 901 47.6200 21.0200 5 610 22.7400 73.2000
1.3617054951e-01 6.2448841523e-01 -5.3253455756e+00
229 219 231
3 6 587 14.9100 78.6900 7 904 51.1600 23.0200 5 611 26.8000 75.4800
-8.8695660688e-01 6.5159720869e-01 -4.5356193457e+00
241 217 230
3 6 595 -136.0800 95.0200 7 918 -77.2300 31.0600 5 621 -100.0200 103.6400
3.7475359947e-01 9.3883575004e-01 -5.5014708347e+00
203 132 150
3 6 922 44.0800 115.4800 7 942 78.2200 58.9300 5 626 53.8200 110.7300
-9.7250371310e-01 7.5124176275e-01 -4.5036188982e+00
232 172 179
3 6 917 -149.8700 110.2100 7 932 -88.9900 46.0800 5 631 -112.0200 122.1800
4.2913932537e-01 1.0479904057e+00 -5.5043170624e+00
152 22 54
3 6 606 50.7300 128.8600 7 609 85.2000 71.4200 5 633 61.6100 123.5400
2.6774764234e+00 -3.2292022613e+00 -9.5914855828e+00
111 103 121
3 6 644 185.4800 -223.5100 7 655 164.8300 -229.7600 5 651 90.3100 -218.4400
2.3664471957e+00 -3.5224273577e+00 -1.0424337747e+01
100 95 114
3 6 641 151.1400 -224.7200 7 660 130.3500 -227.0800 5 653 51.5500 -217.1600
2.4568851322e+00 -3.3706247503e+00 -1.0190591544e+01
115 112 130
3 6 655 160.5600 -219.9600 7 664 140.0300 -223.6500 5 655 62.5700 -213.2400
2.4792030254e+00 -3.0517136779e+00 -1.0119589931e+01
117 106 126
3 6 681 163.5200 -200.7800 7 683 144.1500 -206.2500 5 670 67.5100 -194.8800
2.3698609697e+00 -2.6378514672e+00 -1.0464473053e+01
73 58 66
3 6 723 151.8100 -167.8100 7 724 134.2000 -174.2300 5 688 56.6400 -162.4800
2.0424023048e+00 -2.1722935876e+00 -1.1188321945e+01
107 92 111
3 6 752 122.9300 -128.8600 7 764 107.3300 -134.7700 5 717 27.4000 -122.1100
1.8526320374e+00 -2.3325329273e+00 -1.1825366281e+01
97 86 99
3 6 750 105.4300 -131.0500 7 765 89.0800 -134.0300 5 718 6.5000 -122.2000
2.0042283834e+00 -1.9735281406e+00 -1.1351931359e+01
107 91 101
3 6 769 119.0600 -115.3200 7 783 103.8600 -121.0600 5 736 23.9300 -108.0600
2.4905580176e+00 -6.6050198122e-01 -5.3191954557e+00
247 142 75
3 6 782 309.1400 -84.5800 7 760 305.9400 -136.5400 5 739 276.5400 -106.0900
2.1540453001e+00 -7.8407508338e-01 -6.1371085807e+00
215 191 85
3 6 780 234.1700 -86.8000 7 774 233.2700 -126.8800 5 744 193.5500 -100.3000
2.4922435124e+00 -4.8523058942e-01 -5.3146846737e+00
249 179 194
3 6 788 309.8500 -62.9000 7 789 308.3300 -116.9100 5 754 279.5600 -86.1000
2.5104471776e+00 -3.0118270316e-01 -5.2551650480e+00
215 78 123
3 6 800 315.6700 -40.2000 7 799 315.6400 -97.9600 5 770 288.0200 -65.8200
8.9537333346e-01 3.7598999169e-02 -5.5570022157e+00
223 194 208
3 6 833 107.3500 3.3500 7 843 129.3900 -47.1700 5 837 101.9300 -8.2200
7.5315300435e-02 5.9071414087e-01 -5.3294085749e+00
239 225 235
3 6 885 6.9600 74.4000 7 898 43.7400 19.5200 5 875 18.4300 71.6300
-1.0700190081e-01 5.8052296296e-01 -5.3315587034e+00
209 176 193
3 6 880 -16.4700 73.1100 7 899 21.9200 19.3900 5 881 -5.3800 72.9100
1.5463740227e+00 1.0586755126e+00 -5.1634447002e+00
159 96 109
3 6 608 199.9700 136.6000 7 946 225.4100 66.1700 5 905 210.1700 111.0600
5.5265835633e-01 9.8805936666e-01 -5.5261816382e+00
212 136 155
3 6 928 65.7700 120.9200 7 944 98.6100 63.3400 5 906 74.6500 113.9500
9.6797895601e-01 -2.6697498430e-01 -5.3953728443e+00
215 148 157
2 6 18 118.9300 -35.6200 7 22 140.4300 -84.7100
-2.7377516273e-02 5.2301812929e-01 -5.4124779084e+00
243 238 244
2 6 26 -5.9000 65.0700 7 28 29.6900 12.3300
-2.6701333250e-01 5.9032135783e-01 -5.1559844947e+00
34 19 22
2 6 27 -37.8100 76.9500 7 41 3.4700 20.6400
1.9438883775e+00 8.1339807082e-01 -6.1998005448e+00
192 132 142
2 6 28 209.9400 88.2100 7 29 223.5500 35.6000
-7.5728560314e-02 3.0701831884e-01 -5.4963782421e+00
235 234 242
2 6 51 -12.2400 37.0000 7 82 22.1000 -11.8000
4.0205976711e-04 1.4812519113e+00 -5.8358839100e+00
161 15 26
2 6 62 -1.6200 173.0500 7 65 33.5400 120.4400
-1.2211943217e+00 -2.8690714425e+00 -1.2349878511e+01
58 58 69
2 6 64 -68.4500 -153.9600 7 71 -81.1300 -149.2000
-5.6558104638e-02 1.9399929845e-01 -5.6527697772e+00
198 32 51
2 6 69 -9.6600 22.4600 7 141 22.0600 -23.2300
1.3949321917e+00 3.2921582261e-01 -5.6353299966e+00
67 9 9
2 6 72 166.1700 38.8200 7 81 183.7100 -16.3600
-2.8739305649e+00 3.0178452294e+00 -1.1800338165e+01
23 21 26
2 6 81 -167.3800 177.4400 7 123 -161.1700 181.1500
3.4502645170e-01 -3.3698570385e+00 -1.2949354368e+01
9 9 9
2 6 86 17.1200 -172.9700 7 97 -0.7100 -168.5900
7.6112755260e-01 8.4742279913e-02 -5.6384412760e+00
238 230 239
2 6 91 89.6100 9.2400 7 104 112.8700 -40.1400
-1.4283511830e-01 2.3411541591e-01 -5.5581906656e+00
230 212 229
2 6 93 -20.9200 27.2100 7 143 13.8800 -18.7400
2.2981363920e+00 -1.1078725500e+00 -5.8123008983e+00
202 197 106
2 6 116 262.0000 -128.6800 7 127 257.7300 -168.6300
1.1577418589e+00 1.2886511194e-01 -5.4958586567e+00
189 123 137
2 6 124 141.0400 14.7800 7 138 161.0400 -39.2100
2.7478674349e-01 5.1466226195e-01 -5.3548199972e+00
230 208 219
2 6 131 32.6600 64.5500 7 205 66.1500 9.1600
-4.9916990236e-02 7.6315771245e-01 -5.4314640679e+00
91 1 7
2 6 137 -8.9500 94.8200 7 215 28.7100 41.2500
1.5375358304e+00 1.4163873135e+00 -5.3606096573e+00
169 119 130
2 6 144 191.3200 176.8500 7 161 218.5200 107.3100
8.1361994039e-01 -4.7912426194e+00 -1.4257406096e+01
42 42 51
2 6 149 37.3100 -223.5300 7 174 14.2700 -213.7600
2.3122481387e+00 -3.5362725553e+00 -1.0551138042e+01
37 33 48
2 6 151 146.0100 -222.8700 7 170 125.2200 -224.9000
2.3122481387e+00 -3.5362725553e+00 -1.0551138042e+01
37 33 48
2 6 152 146.0100 -222.8700 7 171 125.2200 -224.9000
2.9230631361e+00 -2.8532717970e+00 -8.9196840483e+00
60 49 63
2 6 153 217.4100 -212.3200 7 172 197.1100 -222.7500
2.5945732696e+00 -2.6826823191e+00 -9.7233931714e+00
64 55 67
2 6 155 178.5100 -183.5600 7 176 159.8000 -192.4800
2.3673896675e+00 -2.0020435223e+00 -8.0877252543e+00
188 174 148
2 6 156 195.3200 -165.5100 7 177 182.7600 -183.2800
4.7837992407e-01 -3.1726205535e+00 -1.2762692653e+01
104 81 65
2 6 157 24.1400 -165.6100 7 179 7.6100 -161.4800
2.5009522832e+00 -3.3750532661e-01 -5.2893018695e+00
224 181 194
2 6 166 312.7800 -44.4600 7 185 311.9800 -101.1900
2.5009522832e+00 -3.3750532661e-01 -5.2893018695e+00
224 181 194
2 6 167 312.7800 -44.4600 7 186 311.9800 -101.1900
2.1933909301e+00 -3.0007007493e-01 -6.1112339386e+00
220 184 47
2 6 169 239.9500 -33.7900 7 252 242.3100 -79.4200
5.9077645974e-01 1.6782222363e+00 -5.8206572035e+00
67 1 0
2 6 205 66.8200 195.4300 7 225 100.5600 138.7800
2.5978134071e+00 -3.1147368666e+00 -9.7459840410e+00
53 42 52
2 6 212 177.5100 -212.5000 7 230 157.5000 -218.7600
2.5978134071e+00 -3.1147368666e+00 -9.7459840410e+00
53 42 52
2 6 213 177.5100 -212.5000 7 231 157.5000 -218.7600
2.2544820251e+00 -1.9021154712e+00 -8.3639745290e+00
178 171 140
2 6 216 180.2600 -152.1900 7 236 168.6800 -169.1100
1.4809694599e+00 -2.5286212795e+00 -1.2133578368e+01
110 84 65
2 6 219 81.9200 -138.5500 7 238 65.5400 -139.4900
1.3561276008e+00 -2.4839244451e+00 -1.2157716914e+01
18 29 45
2 6 220 74.8400 -135.7500 7 239 58.7900 -136.6300
1.9988613697e+00 -2.1220099929e+00 -1.1326798644e+01
54 41 43
2 6 223 118.8900 -124.4200 7 243 103.3100 -129.7300
2.4625125063e+00 -5.6550401081e-01 -5.3231675544e+00
225 190 208
2 6 231 305.7000 -72.8100 7 358 303.8600 -125.5800
2.0368766968e+00 3.3662640894e-01 -6.3215842206e+00
147 111 50
2 6 254 216.2500 35.8100 7 391 224.1000 -12.5200
4.8750997171e-01 8.5304212165e-01 -5.4591366815e+00
148 19 29
2 6 267 58.6500 105.6500 7 419 91.3400 48.1500
1.6814350585e+00 1.3924063947e+00 -5.4056733370e+00
69 30 30
2 6 285 207.3700 172.1500 7 308 232.5100 102.9500
2.2630388490e+00 -3.7983349076e+00 -1.0693098108e+01
84 79 97
2 6 295 140.6600 -236.1100 7 458 119.3200 -236.4000
2.4704179758e+00 -3.2365125553e+00 -1.0224213051e+01
98 89 106
2 6 303 160.9700 -210.7500 7 332 141.1600 -214.7600
2.7842832785e+00 -2.7995192112e+00 -9.1980303604e+00
56 43 54
2 6 304 201.4100 -202.3600 7 333 182.0100 -212.0700
1.6961294659e+00 -3.5925824765e+00 -1.2207217667e+01
10 10 12
2 6 305 92.7700 -196.0800 7 338 72.6800 -193.7400
1.6961294659e+00 -3.5925824765e+00 -1.2207217667e+01
10 10 12
2 6 306 92.7700 -196.0800 7 339 72.6800 -193.7400
2.6380205203e+00 -2.7957281120e+00 -9.6443375575e+00
59 47 61
2 6 308 182.6300 -192.8600 7 334 163.5300 -201.3000
2.6380205203e+00 -2.7957281120e+00 -9.6443375575e+00
59 47 61
2 6 309 182.6300 -192.8600 7 335 163.5300 -201.3000
2.4452320953e+00 -2.9066454951e+00 -1.0207383476e+01
59 52 64
2 6 311 160.2200 -189.6000 7 336 141.2800 -195.6000
2.4452320953e+00 -2.9066454951e+00 -1.0207383476e+01
59 52 64
2 6 312 160.2200 -189.6000 7 337 141.2800 -195.6000
1.6027189969e+00 -2.7091865761e+00 -1.2354633522e+01
47 38 45
2 6 317 87.1800 -145.7400 7 501 69.4800 -146.0400
1.9182292652e+00 -2.2774748335e+00 -1.1492306454e+01
52 42 42
2 6 320 112.2200 -131.8500 7 511 96.4800 -135.7400
1.8724198627e+00 -1.1220696207e+00 -6.7058774665e+00
203 182 70
2 6 324 186.6000 -113.1000 7 504 185.2800 -144.2900
2.4703307014e+00 -5.6897198615e-01 -5.3379128015e+00
227 196 213
2 6 329 305.8200 -73.0300 7 357 303.8600 -125.5800
2.4976112375e+00 -3.9262191264e-01 -5.2850044235e+00
236 188 201
2 6 333 312.3500 -51.5600 7 530 311.4800 -107.3600
2.5036090663e+00 -3.3303525327e-01 -5.2610910349e+00
245 191 207
2 6 336 314.5400 -44.2500 7 532 314.0500 -101.2600
2.1032554174e+00 -2.5949027287e-01 -6.0899842776e+00
114 69 10
2 6 340 231.1500 -29.3800 7 545 234.6600 -75.4600
-5.4140778694e-01 -6.9078724569e-02 -4.7243350173e+00
229 178 190
2 6 351 -81.2200 -12.2900 7 550 -34.1500 -67.5700
-4.4601801637e-01 1.9867598411e-01 -4.5923041518e+00
225 164 172
2 6 366 -69.3800 26.8600 7 562 -19.0000 -34.4600
4.7995904327e-01 2.3005413699e-01 -5.6067775253e+00
125 4 14
2 6 367 56.0400 27.1300 7 387 83.1700 -22.8100
2.0729481582e+00 2.8409742848e-01 -6.3377326560e+00
84 49 7
2 6 369 219.5600 30.1600 7 389 226.4500 -17.8100
-3.8680335255e-01 4.3148952281e-01 -4.5954351858e+00
207 155 168
2 6 376 -60.6800 61.2300 7 576 -8.9600 -2.6000
2.1378266156e+00 6.1589774057e-01 -6.2206642422e+00
176 139 90
2 6 379 230.3400 66.5400 7 404 239.6700 14.3100
3.6863057231e-01 5.5883322836e-01 -5.3980577492e+00
156 27 44
2 6 380 43.9100 69.3300 7 583 77.1100 14.4000
-6.1188019589e-01 5.7636817777e-01 -4.5401052840e+00
189 126 143
2 6 382 -94.9600 83.6700 7 406 -39.2200 18.6400
-6.1188019589e-01 5.7636817777e-01 -4.5401052840e+00
189 126 143
2 6 383 -94.9600 83.6700 7 407 -39.2200 18.6400
2.9318656208e-01 6.8900917994e-01 -5.2733928902e+00
219 197 209
2 6 385 35.3700 87.8100 7 587 71.3000 29.8200
4.3887693845e-01 7.0587929039e-01 -5.3310157893e+00
246 224 228
2 6 387 53.3700 88.8100 7 413 87.9100 31.2900
4.3887693845e-01 7.0587929039e-01 -5.3310157893e+00
246 224 228
2 6 388 53.3700 88.8100 7 414 87.9100 31.2900
-6.3823746135e-01 6.2628100480e-01 -4.5234687910e+00
170 104 126
2 6 391 -99.1500 91.5100 7 411 -42.6700 25.7000
5.1936910885e-01 8.1998630559e-01 -5.4952534744e+00
205 172 197
2 6 393 62.3200 100.9800 7 597 93.8800 43.9900
-7.2340719072e-01 6.8713527966e-01 -4.5029530633e+00
233 178 193
2 6 394 -112.4100 100.9800 7 415 -54.2800 34.9100
-7.6386341407e-01 7.2041431479e-01 -4.5053031927e+00
226 172 182
2 6 396 -118.4000 105.9200 7 417 -59.7800 39.9300
-1.0285817184e+00 7.3924486026e-01 -4.5157503035e+00
229 167 180
2 6 400 -157.5600 108.3600 7 418 -97.1900 44.5100
1.2046918838e+00 1.1078889170e+00 -5.1403806310e+00
184 132 143
2 6 407 156.3300 144.2200 7 433 187.0800 74.7500
2.7434576811e+00 -3.0617454588e+00 -9.3922051833e+00
52 45 57
2 6 435 194.2100 -216.4800 7 468 173.7300 -224.2500
2.4320255422e+00 -3.3330455894e+00 -1.0296054634e+01
101 97 119
2 6 439 157.3800 -215.3900 7 473 137.1500 -218.9000
2.3736095298e+00 -3.3274561737e+00 -1.0412671391e+01
105 97 118
2 6 440 151.9800 -212.6800 7 477 131.9100 -215.9000
2.1238477941e+00 -3.4779377085e+00 -1.1045372049e+01
53 51 65
2 6 443 128.2600 -209.7500 7 681 108.3000 -210.5100
2.1072735204e+00 -3.4164455115e+00 -1.1062247576e+01
85 78 96
2 6 445 127.1500 -205.7500 7 479 107.3900 -206.7500
2.0483481526e+00 -3.3578790927e+00 -1.1194843827e+01
39 35 49
2 6 448 122.3000 -199.8000 7 481 102.6500 -200.8500
2.7177859229e+00 -2.6995700143e+00 -9.4496485634e+00
57 41 47
2 6 457 191.8500 -190.1200 7 482 173.0500 -199.5900
2.7177859229e+00 -2.6995700143e+00 -9.4496485634e+00
57 41 47
2 6 458 191.8500 -190.1200 7 483 173.0500 -199.5900
2.3345645072e+00 -2.8159566603e+00 -1.0532234610e+01
57 46 54
2 6 466 148.4100 -178.2000 7 715 130.2500 -183.3700
1.5908520313e+00 -3.3621316251e+00 -1.2567581694e+01
88 85 103
2 6 467 84.7100 -178.1300 7 491 65.0500 -175.8900
2.3969318585e+00 -2.0936226619e+00 -8.0142010085e+00
187 178 144
2 6 470 199.2500 -174.6200 7 484 186.2400 -192.0100
2.4841013511e+00 -2.5427160623e+00 -9.9948362375e+00
67 55 65
2 6 473 166.4400 -169.5500 7 719 149.0600 -177.7600
1.6499418056e+00 -3.0007819805e+00 -1.2379609465e+01
54 48 60
2 6 479 89.3300 -161.3900 7 495 70.8800 -160.5900
2.2554520391e+00 -1.9749178892e+00 -8.3141995761e+00
113 98 80
2 6 480 181.3700 -158.8600 7 492 169.3000 -175.6900
2.0453152087e+00 -2.3469579210e+00 -1.1241907247e+01
63 47 57
2 6 486 122.2200 -139.0700 7 506 106.2600 -143.5200
2.2567955803e+00 -2.2070543978e+00 -1.0627491881e+01
121 118 134
2 6 488 142.7600 -138.3000 7 503 127.0100 -145.6500
2.1141768184e+00 -8.3692699162e-01 -6.2321106050e+00
216 192 86
2 6 504 226.5100 -90.9700 7 516 225.4300 -129.8000
2.4745553076e+00 -5.9578497623e-01 -5.4138498995e+00
221 70 104
2 6 511 302.3600 -75.1600 7 776 299.8200 -126.6000
2.4724750370e+00 -5.1333068137e-01 -5.3789346635e+00
239 180 193
2 6 516 304.1000 -65.5000 7 786 302.3600 -118.4300
2.0215522285e+00 -5.3118998377e-01 -6.4157563510e+00
228 191 78
2 6 519 211.3600 -55.9900 7 534 212.3600 -96.1800
2.2104720651e+00 -4.4355169130e-01 -6.0415217791e+00
229 196 57
2 6 525 244.3800 -50.1900 7 535 245.4900 -95.3000
2.2104720651e+00 -4.4355169130e-01 -6.0415217791e+00
229 196 57
2 6 526 244.3800 -50.1900 7 536 245.4900 -95.3000
8.2884918367e-01 -3.4429454552e-01 -5.4120192968e+00
169 46 60
2 6 529 101.5700 -44.8000 7 806 122.9900 -93.0300
2.1600610829e+00 -3.3370265252e-01 -6.0952856575e+00
97 62 2
2 6 532 236.9600 -37.6000 7 816 239.4100 -83.0000
2.5090121246e+00 -2.7611965578e-01 -5.2427086659e+00
232 191 210
2 6 533 316.2300 -37.2500 7 800 316.3700 -95.2000
2.1345367504e+00 -2.9584196545e-01 -6.1000076649e+00
120 75 14
2 6 535 234.1000 -33.3600 7 818 237.0300 -79.0400
2.5090113113e+00 -2.2270237559e-01 -5.2805006622e+00
240 192 195
2 6 536 314.3600 -30.0900 7 543 314.5900 -88.4400
2.1049803152e+00 2.9849873329e-01 -6.3244173840e+00
176 139 48
2 6 562 223.2400 31.6400 7 571 230.2300 -16.5600
-3.6625145109e-01 4.4954695959e-01 -4.6357300389e+00
171 123 144
2 6 577 -57.0900 63.4700 7 578 -6.3000 0.0600
-3.5342425589e-01 4.7719683183e-01 -4.6598603196e+00
220 191 199
2 6 581 -54.8200 67.3200 7 581 -4.6100 3.8600
-1.0231731381e+00 4.8706722688e-01 -4.5633523566e+00
173 160 195
2 6 583 -155.4700 69.8000 7 582 -97.3800 9.2300
1.4855310339e-01 6.0281505589e-01 -5.3307954069e+00
73 21 45
2 6 585 16.3300 75.8800 7 900 52.5200 20.6200
3.7454890432e-01 6.4807728836e-01 -5.3428982961e+00
243 214 219
2 6 588 45.2300 81.4500 7 586 79.4200 24.6500
1.5811361845e-01 6.9477240360e-01 -5.3709245472e+00
71 6 13
2 6 591 17.5600 87.1700 7 588 53.5200 31.5900
-6.1126016692e-01 6.2039883745e-01 -4.5464009156e+00
237 174 184
2 6 592 -94.5900 90.2700 7 909 -38.9600 24.7200
-8.9554875022e-01 7.1359881770e-01 -4.4948974849e+00
228 165 173
2 6 597 -138.4900 104.9800 7 590 -78.5600 39.9700
-9.5202386748e-01 7.9833303085e-01 -4.5191579716e+00
157 100 122
2 6 605 -146.0000 117.2000 7 601 -85.9000 52.3200
-3.7082507218e+00 3.7558875415e+00 -1.1438466300e+01
146 93 86
2 6 619 -219.3700 225.4000 7 1037 -212.5600 230.5400
2.1385073194e+00 -3.8286250370e+00 -1.1003068865e+01
51 45 59
2 6 630 129.3300 -231.3900 7 652 108.0600 -230.9300
2.1779111471e+00 -3.7750930171e+00 -1.0892641740e+01
89 87 105
2 6 631 132.9900 -230.5400 7 653 111.9700 -230.4100
9.5724284826e-01 -4.8994062291e+00 -1.4147593165e+01
48 48 57
2 6 632 44.3900 -230.3300 7 670 20.9900 -220.5000
2.1699123937e+00 -3.6678523464e+00 -1.0868049295e+01
88 85 102
2 6 642 132.9600 -224.5500 7 662 112.2300 -225.0200
2.6142754293e+00 -3.2671991600e+00 -9.7784356156e+00
59 54 71
2 6 650 177.7900 -222.0100 7 657 157.1700 -227.3700
2.9085331576e+00 -2.9404416059e+00 -8.9303402510e+00
56 47 62
2 6 658 215.9600 -218.4100 7 656 195.2900 -228.3200
2.3236970631e+00 -3.4043964775e+00 -1.0613166252e+01
99 95 118
2 6 662 146.0200 -213.4700 7 677 125.7000 -215.8900
2.2591675842e+00 -3.4282798662e+00 -1.0786380501e+01
56 46 58
2 6 666 139.7500 -211.5600 7 680 119.4700 -213.4300
2.7455585865e+00 -2.9098501433e+00 -9.3386765125e+00
117 110 126
2 6 674 195.6500 -207.1000 7 676 175.8600 -215.8000
2.2973996971e+00 -3.2063618840e+00 -1.0538533105e+01
53 46 61
2 6 679 145.5500 -202.6500 7 686 126.1400 -206.0100
2.4515292031e+00 -3.0814738095e+00 -1.0190854052e+01
68 59 74
2 6 680 160.5500 -201.3400 7 684 141.1900 -206.3400
2.0912730642e+00 -3.3294264094e+00 -1.1166022150e+01
88 81 97
2 6 685 125.2000 -198.6200 7 692 105.5400 -199.8900
1.5775466977e+00 -3.7404908146e+00 -1.2568813129e+01
36 26 32
2 6 688 83.7200 -198.2300 7 699 63.1600 -194.6600
2.4334135415e+00 -3.0020927045e+00 -1.0226696564e+01
100 93 109
2 6 691 158.9600 -195.5000 7 691 139.8800 -200.8200
1.9166564001e+00 -3.4051107272e+00 -1.1654962284e+01
52 47 68
2 6 692 109.9400 -194.6600 7 697 90.2400 -194.3500
1.9166564001e+00 -3.4051107272e+00 -1.1654962284e+01
52 47 68
2 6 693 109.9400 -194.6600 7 698 90.2400 -194.3500
2.5864616218e+00 -2.7546308969e+00 -9.7615974783e+00
47 34 47
2 6 698 177.0200 -187.8800 7 695 158.4000 -195.9900
2.0334178450e+00 -3.1971937696e+00 -1.1377365988e+01
90 78 86
2 6 699 119.6200 -187.2500 7 708 100.4400 -188.4700
1.7820250882e+00 -3.3753865064e+00 -1.2048973509e+01
44 36 49
2 6 701 99.0300 -186.5400 7 713 79.2300 -185.6000
2.3765390926e+00 -2.8330058558e+00 -1.0311931542e+01
57 46 60
2 6 704 154.2200 -183.0600 7 705 135.9200 -188.8700
1.9180272427e+00 -3.0742490436e+00 -1.1625092430e+01
57 49 60
2 6 712 110.5400 -176.2200 7 722 91.8900 -177.1800
1.9160055033e+00 -2.9948293719e+00 -1.1583480922e+01
89 85 99
2 6 718 110.8700 -172.2800 7 726 92.5100 -173.6200
1.9160055033e+00 -2.9948293719e+00 -1.1583480922e+01
89 85 99
2 6 719 110.8700 -172.2800 7 727 92.5100 -173.6200
2.4276143232e+00 -2.4915342490e+00 -1.0203773859e+01
106 99 115
2 6 732 159.5500 -162.6900 7 732 142.3300 -170.5200
2.4276143232e+00 -2.4915342490e+00 -1.0203773859e+01
106 99 115
2 6 733 159.5500 -162.6900 7 733 142.3300 -170.5200
2.3421239477e+00 -2.5167132078e+00 -1.0408345314e+01
64 53 67
2 6 735 150.9200 -161.1700 7 737 133.9100 -168.0200
2.3421239477e+00 -2.5167132078e+00 -1.0408345314e+01
64 53 67
2 6 737 150.9200 -161.1700 7 739 133.9100 -168.0200
1.2242791070e+00 -2.9556716047e+00 -1.3587703953e+01
74 67 78
2 6 744 60.2100 -144.4700 7 756 41.5100 -140.8000
2.0830843152e+00 -2.1728113098e+00 -1.1131004688e+01
68 55 68
2 6 751 126.0600 -129.7200 7 763 110.2000 -135.6300
2.2993333607e+00 -1.1053267742e+00 -5.8145781445e+00
197 196 106
2 6 753 262.0900 -128.3000 7 736 257.7200 -168.3400
2.2647084429e+00 -2.0048029965e+00 -1.0646146722e+01
71 60 79
2 6 758 143.1800 -125.2500 7 768 128.1000 -133.3900
2.1250563774e+00 -1.9891566915e+00 -1.0882267277e+01
91 79 87
2 6 760 131.5700 -121.4300 7 771 116.6000 -128.7600
2.1250563774e+00 -1.9891566915e+00 -1.0882267277e+01
91 79 87
2 6 761 131.5700 -121.4300 7 772 116.6000 -128.7600
1.9601433878e+00 -2.0045706574e+00 -1.1396671759e+01
62 50 55
2 6 768 116.0000 -116.6100 7 782 100.7200 -122.1600
2.4796203881e+00 -4.7282739093e-01 -5.3622020170e+00
233 187 193
2 6 790 305.8500 -60.7300 7 790 304.5100 -114.3500
2.2249140409e+00 -2.3019949831e-01 -6.0202809842e+00
175 144 33
2 6 814 246.9600 -26.5500 7 823 249.6600 -74.0700
2.5153632208e+00 -1.8241334958e-01 -5.2696033355e+00
237 192 205
2 6 816 315.6900 -25.1300 7 815 316.4100 -84.0700
2.1473620603e+00 5.4201208846e-01 -6.1772081497e+00
139 84 16
2 6 860 233.0600 58.9300 7 882 241.6500 6.4900
-7.7506896276e-01 4.6831379430e-01 -4.5467454136e+00
182 160 191
2 6 874 -119.0900 67.4600 7 878 -62.9900 4.5900
-9.7603647108e-01 5.1276332058e-01 -4.5330800633e+00
147 198 228
2 6 884 -149.4800 74.0700 7 891 -90.9200 12.3000
-8.4702680331e-01 6.4080807570e-01 -4.5246913404e+00
235 199 217
2 6 899 -130.4000 93.5100 7 916 -71.9800 29.3300
5.2132908758e-01 8.6636294339e-01 -5.4704672138e+00
202 159 176
2 6 912 62.7600 107.1000 7 935 95.0700 49.4700
-7.4602349793e-01 7.4066026674e-01 -4.5051394809e+00
146 87 107
2 6 915 -115.6900 109.0000 7 927 -57.1300 42.6500
3.7450813542e-01 9.3832988099e-01 -5.4978934617e+00
203 132 150
2 6 921 44.0800 115.4800 7 941 78.2200 58.9300
-8.5209870982e-01 8.1645810286e-01 -4.5206303092e+00
216 161 173
2 6 926 -131.1300 119.8900 7 938 -71.5100 54.2200
5.1333770620e-01 1.0809762715e+00 -5.5420217397e+00
142 34 59
2 6 929 60.7000 131.9600 7 951 94.3200 74.5200
-3.7083877420e+00 3.3220098133e+00 -1.1419300892e+01
144 80 72
2 6 951 -220.4700 200.4400 7 985 -214.1000 205.3800
-5.0444549496e+00 3.3634267915e+00 -1.1154052393e+01
128 72 58
2 6 958 -302.8900 204.9400 7 1001 -297.7800 214.9700
-5.0444549496e+00 3.3634267915e+00 -1.1154052393e+01
128 72 58
2 6 959 -302.8900 204.9400 7 1002 -297.7800 214.9700
-5.1886179143e+00 3.3518766513e+00 -1.1085048013e+01
125 72 64
2 6 960 -312.8700 205.0800 7 639 -307.9200 215.6100
-5.1886179143e+00 3.3518766513e+00 -1.1085048013e+01
125 72 64
2 6 961 -312.8700 205.0800 7 640 -307.9200 215.6100
-3.6269738309e+00 3.4635216978e+00 -1.1492137776e+01
129 57 41
2 6 963 -214.2400 207.6000 7 995 -207.8600 212.4500
-3.7079929878e+00 3.4764425910e+00 -1.1533514003e+01
130 57 30
2 6 964 -218.0200 207.6600 7 996 -212.0800 212.7500
-4.7579574230e+00 3.4410373954e+00 -1.1141864647e+01
130 72 56
2 6 975 -286.7500 210.2100 7 1006 -280.6900 219.2100
-3.5951812930e+00 3.5387071369e+00 -1.1466590082e+01
132 53 30
2 6 980 -212.7200 212.4600 7 1005 -206.1600 217.1000
-4.6359561017e+00 3.5457690396e+00 -1.1195768078e+01
134 72 65
2 6 985 -278.1900 215.7700 7 1023 -272.1000 224.3100
-4.5961309349e+00 3.6297100693e+00 -1.1168245246e+01
135 75 58
2 6 992 -276.4700 221.1600 7 1036 -269.9000 229.7600
-3.3179488210e+00 3.7487729149e+00 -1.1490801439e+01
143 85 86
2 6 994 -196.1600 224.4100 7 1033 -188.7600 228.3900
2.3442815979e+00 -1.6286393145e+00 -5.6549787114e+00
214 38 63
2 6 21 272.4100 -192.2800 5 12 227.0900 -203.4800
6.9215624424e-01 2.8393135506e-01 -5.5126592198e+00
204 29 53
2 6 24 83.2600 34.5700 5 21 83.1600 23.4800
6.9215624424e-01 2.8393135506e-01 -5.5126592198e+00
204 29 53
2 6 25 83.2600 34.5700 5 22 83.1600 23.4800
-7.4194605533e-01 -2.8244677746e-01 -5.0128299508e+00
235 183 196
2 6 48 -103.9900 -41.0300 5 48 -96.7200 -40.2700
-7.9495858826e-01 5.6626804400e-01 -4.5343935763e+00
162 189 226
2 6 76 -122.3300 82.8800 5 87 -86.2600 87.4700
2.0925913143e+00 1.1040382395e+00 -5.8569440203e+00
212 176 116
2 6 79 238.8400 126.9200 5 112 224.1600 100.4300
-2.9926004820e+00 3.4865293202e+00 -1.3949131151e+01
29 26 34
2 6 145 -147.0300 176.2100 5 236 -238.7800 219.9500
7.8970062202e-01 -3.9764282082e-03 -5.6324231209e+00
81 4 10
2 6 176 93.1200 -1.7300 5 201 86.0300 -11.3600
-2.8069395891e+00 3.7465393478e+00 -1.5834730440e+01
96 85 103
2 6 201 -121.8400 166.7400 5 233 -219.2500 209.9500
1.2099814659e+00 -2.4929445913e+00 -1.2852854885e+01
25 29 49
2 6 222 63.0200 -128.6700 5 246 -40.4800 -116.5400
1.8854141164e+00 -1.0100267032e+00 -6.6576458026e+00
203 178 60
2 6 225 189.4500 -102.4000 5 247 142.0800 -111.2500
1.2571838614e+00 -5.7665693328e-02 -5.2793262774e+00
215 151 156
2 6 240 159.1300 -9.2300 5 271 156.1000 -26.2400
6.9988452882e-01 7.6876684647e-02 -5.6912271755e+00
199 45 81
2 6 246 81.4800 8.3100 5 277 74.2900 -0.4500
2.7631194896e-01 1.3465122240e-01 -5.5322275156e+00
204 42 82
2 6 249 31.5500 15.7400 5 280 30.9900 9.9200
7.1152359009e-01 1.7111532566e-01 -5.6154130456e+00
111 13 20
2 6 252 83.9900 19.6500 5 282 79.8700 10.5000
-5.8038268724e-01 4.0640779733e-01 -4.5659354277e+00
211 160 172
2 6 256 -89.7600 58.2300 5 213 -54.8100 58.1200
4.8599450724e-01 8.9746789115e-01 -5.5139098874e+00
138 12 28
2 6 272 57.7200 109.9700 5 301 66.2600 103.6900
-9.1109836451e-01 7.7147197454e-01 -4.5167128927e+00
224 165 176
2 6 274 -140.0400 113.3900 5 311 -101.7500 123.9300
1.9873056178e+00 -2.2494322031e+00 -1.1502226190e+01
104 96 105
2 6 323 116.3000 -130.1100 5 349 19.1300 -121.9800
8.2985114227e-01 1.5954232552e-02 -5.6051848866e+00
223 197 213
2 6 360 98.4700 0.8100 5 391 91.9800 -9.7400
2.1397087003e+00 5.4963477589e-01 -6.1495170811e+00
149 93 24
2 6 375 233.2100 60.1100 5 404 206.4300 39.4300
1.0611369253e+00 6.0748468383e-01 -5.4057895155e+00
102 6 13
2 6 381 131.2000 75.2100 5 414 135.1600 59.7200
-7.8661537637e-01 9.3366007974e-01 -4.5722694573e+00
158 124 143
2 6 406 -119.8700 136.1200 5 456 -79.8500 146.7200
2.8700558614e+00 -3.0958270193e+00 -9.0921649161e+00
122 117 137
2 6 430 209.2100 -226.0200 5 471 116.5300 -221.7000
2.6426531356e+00 -3.2085964217e+00 -9.6933947235e+00
117 111 132
2 6 433 181.2900 -220.0300 5 474 85.9500 -214.5300
2.2254018241e+00 -2.9550011425e+00 -1.0799504297e+01
108 101 117
2 6 462 137.9600 -182.4300 5 490 39.9900 -175.1500
2.5579825061e+00 -2.5297513508e+00 -9.8648085704e+00
120 114 129
2 6 471 173.5800 -170.9000 5 497 81.5300 -166.8600
2.4882500451e+00 -2.5473628948e+00 -1.0012983689e+01
67 55 65
2 6 474 166.4400 -169.5500 5 499 73.7800 -165.0900
2.2179056765e+00 -1.4266701223e+00 -5.8923862805e+00
201 153 45
2 6 477 248.9500 -162.9300 5 492 204.4800 -173.7000
2.2179056765e+00 -1.4266701223e+00 -5.8923862805e+00
201 153 45
2 6 478 248.9500 -162.9300 5 493 204.4800 -173.7000
2.2642339179e+00 -2.3221867010e+00 -1.0747313118e+01
74 53 61
2 6 482 141.6100 -144.0100 5 505 47.1300 -137.8600
2.1167109190e+00 -7.9756830245e-01 -6.2076738465e+00
217 194 83
2 6 507 227.6400 -87.0500 5 355 186.2300 -100.2100
2.1576411810e+00 -6.9711144374e-01 -6.1392550253e+00
163 137 40
2 6 509 234.6400 -76.9100 5 359 194.6700 -91.5300
2.1987636249e+00 -4.7018500542e-01 -6.0299660887e+00
225 194 63
2 6 521 243.4800 -53.3600 5 374 207.0700 -69.6400
-8.3718950270e-01 3.9185517046e-01 -4.5817307964e+00
245 237 249
2 6 573 -127.4800 55.5800 5 415 -96.3300 60.1500
1.0409886597e+00 5.1198499760e-01 -5.4232849526e+00
201 41 74
2 6 576 128.2700 63.0000 5 408 130.7800 48.0600
2.8506242312e+00 -3.1904053811e+00 -9.2390866038e+00
116 113 136
2 6 633 204.5000 -229.2000 5 649 110.5900 -224.3200
2.4203865298e+00 -3.3785184169e+00 -1.0239585996e+01
51 47 63
2 6 656 157.4100 -219.5200 5 476 59.3300 -212.5900
2.8349239826e+00 -2.9301384689e+00 -9.1415040546e+00
115 100 121
2 6 663 205.9700 -213.0800 5 659 114.2100 -209.2200
2.7062237757e+00 -3.0232258268e+00 -9.4976895740e+00
32 30 45
2 6 665 189.5700 -211.6800 5 660 96.0000 -207.0400
2.5614677513e+00 -3.0951298314e+00 -9.9577991396e+00
115 109 126
2 6 675 171.4500 -207.0200 5 664 75.7900 -201.0400
2.2891684158e+00 -3.2061803503e+00 -1.0671949890e+01
113 109 127
2 6 682 143.3000 -200.1200 5 674 44.4300 -192.8100
2.5191345429e+00 -2.5986776469e+00 -9.9247712735e+00
67 61 76
2 6 714 169.8600 -174.5800 5 495 77.3000 -170.0300
2.3374576718e+00 -2.7492065163e+00 -1.0500056911e+01
116 108 123
2 6 716 149.1300 -174.5700 5 681 53.3800 -168.3700
2.3704400270e+00 -2.5030624657e+00 -1.0315917551e+01
104 104 123
2 6 734 154.1400 -161.6100 5 695 60.5100 -156.6600
2.4541884385e+00 -2.4009303466e+00 -1.0064601366e+01
111 103 121
2 6 738 163.5100 -159.0600 5 696 71.5700 -154.6300
2.0060966573e+00 -1.9742754815e+00 -1.1357687121e+01
107 91 101
2 6 770 119.0600 -115.3200 5 737 23.9300 -108.0600
2.4669984702e+00 -5.4267990147e-01 -5.3448060154e+00
208 106 133
2 6 785 305.2300 -69.6100 5 750 274.1700 -91.9600
2.4669984702e+00 -5.4267990147e-01 -5.3448060154e+00
208 106 133
2 6 786 305.2300 -69.6100 5 751 274.1700 -91.9600
2.4585703079e+00 -4.8092741624e-01 -5.3700233007e+00
206 60 87
2 6 789 303.0200 -61.5900 5 755 272.4400 -84.3200
2.4905939710e+00 -4.1947906796e-01 -5.3246201442e+00
208 95 123
2 6 791 309.3800 -54.4800 5 759 279.6000 -78.2400
2.2217215910e+00 -4.2826187999e-01 -5.9821586730e+00
167 135 16
2 6 795 247.9200 -49.0700 5 771 212.3500 -66.1400
-7.9016197590e-01 -2.6055205351e-01 -4.9352510952e+00
165 188 229
2 6 802 -112.2600 -38.9800 5 795 -102.5000 -37.6600
2.5046072116e+00 -1.9958234355e-01 -5.2829261853e+00
215 80 98
2 6 810 313.7100 -27.2600 5 779 286.9500 -53.3800
2.5046072116e+00 -1.9958234355e-01 -5.2829261853e+00
215 80 98
2 6 811 313.7100 -27.2600 5 780 286.9500 -53.3800
2.2431508586e+00 -1.4191629260e-02 -5.9294593705e+00
167 136 16
2 6 829 252.8100 -2.5300 5 820 222.2300 -22.5700
2.4364353996e+00 9.4775079107e-02 -5.4200482410e+00
184 158 92
2 6 837 298.5100 9.9600 5 826 274.3800 -16.9400
-6.2587260903e-01 4.5154000193e-01 -4.5959450596e+00
220 158 170
2 6 868 -95.9200 64.3300 5 872 -61.9700 66.1700
1.9652095716e-01 6.6428974716e-01 -5.3376356147e+00
187 157 176
2 6 890 22.5500 83.7200 5 891 34.5500 79.4900
-7.1603365840e-01 9.1174385816e-01 -4.5818126569e+00
132 93 111
2 6 931 -109.2300 132.7900 5 913 -69.0900 141.4500
-2.3603360152e+00 2.9882688189e+00 -1.1593084622e+01
91 86 95
2 6 940 -139.8100 179.4700 5 641 -217.0500 222.2800
1.5867906858e+00 3.8692623789e-01 -5.8710508894e+00
205 41 51
2 7 4 196.5500 -9.2700 5 7 165.1700 27.8000
-2.3669615365e+00 1.6363317868e+00 -1.1982449026e+01
124 105 114
2 7 92 -134.9400 98.5300 5 91 -224.1600 134.0800
1.8486401985e+00 -1.0973081246e+00 -6.6428713332e+00
226 207 90
2 7 98 185.1900 -143.7600 5 67 138.4200 -119.5500
-7.3406855808e-01 3.3494754933e-01 -4.6828378764e+00
223 153 168
2 7 106 -57.4100 -12.8700 5 55 -82.4900 49.3400
-7.3406855808e-01 3.3494754933e-01 -4.6828378764e+00
223 153 168
2 7 107 -57.4100 -12.8700 5 56 -82.4900 49.3400
1.3244698088e+00 1.3068082377e-01 -5.4040116462e+00
132 26 23
2 7 137 182.9000 -40.7900 5 141 159.2800 -2.5400
9.4692686231e-01 1.6219660916e-01 -5.6497913793e+00
135 14 22
2 7 139 133.5500 -32.2700 5 207 105.0200 6.9800
-8.9911128386e-01 2.1022045323e-01 -4.5959871963e+00
223 160 168
2 7 140 -81.6000 -29.7000 5 105 -109.1400 31.7800
1.3968310554e+00 1.3089000367e+00 -5.2310368865e+00
200 144 155
2 7 159 207.1500 97.0700 5 164 191.8600 144.2400
-1.8483916487e+00 1.9282259254e+00 -1.1283166233e+01
121 100 115
2 7 164 -108.9900 117.9400 5 165 -191.8100 154.8200
-4.6568286969e-01 -1.3399212786e-01 -4.9358822533e+00
251 208 218
2 7 192 -25.0100 -71.7000 5 195 -53.4500 -23.8000
1.1331383230e+00 7.0840008971e-02 -5.3722416156e+00
134 59 62
2 7 197 161.9900 -47.2700 5 202 138.5500 -8.2300
7.7193716480e-01 -2.2120317758e+00 -1.1956947058e+01
150 127 125
2 7 246 29.6000 -123.8500 5 248 -55.1900 -110.7500
-7.6862907790e-01 3.1586489976e-01 -4.5750283238e+00
217 152 166
2 7 271 -62.8500 -16.3600 5 210 -86.3200 46.8700
3.7014316692e-01 6.5041673742e-01 -5.3606750001e+00
249 236 236
2 7 291 78.6200 24.7400 5 219 55.1300 75.2200
2.0828786785e+00 -1.7483060253e+00 -8.7743721669e+00
197 186 164
2 7 353 148.6400 -148.9500 5 346 81.9700 -132.6000
1.8806314360e+00 -1.0247006760e+00 -6.6481953044e+00
234 210 88
2 7 356 188.4400 -136.9100 5 352 141.9100 -112.6200
2.1598787060e+00 -5.9928857064e-01 -6.0334905305e+00
243 216 80
2 7 360 239.6200 -111.0700 5 363 201.6400 -82.9900
2.2108057387e+00 -5.0327329284e-01 -5.9899955952e+00
190 158 35
2 7 363 247.1200 -102.2700 5 368 210.0300 -74.0600
2.2108057387e+00 -5.0327329284e-01 -5.9899955952e+00
190 158 35
2 7 364 247.1200 -102.2700 5 369 210.0300 -74.0600
-5.1012884197e-01 3.5489702837e-01 -4.5556421027e+00
186 125 131
2 7 390 -26.5500 -12.9600 5 410 -44.2000 49.1200
-5.4846636988e-01 4.2109923794e-01 -4.5585026800e+00
149 91 108
2 7 394 -31.2600 -3.7100 5 416 -49.4800 60.5300
-9.0096064781e-01 8.0370812225e-01 -4.5213384571e+00
184 119 134
2 7 425 -78.5300 52.7200 5 447 -99.6300 129.1000
2.2642080364e+00 -2.2134607278e+00 -1.0649345904e+01
153 149 170
2 7 502 127.0100 -145.6500 5 509 49.6000 -132.9600
2.0904690900e+00 -8.0412798240e-01 -6.2439550936e+00
184 192 135
2 7 521 223.0300 -126.0000 5 520 182.0100 -100.1300
2.0904690900e+00 -8.0412798240e-01 -6.2439550936e+00
184 192 135
2 7 522 223.0300 -126.0000 5 521 182.0100 -100.1300
2.1833645792e+00 -5.5711553677e-01 -6.0756617244e+00
246 219 83
2 7 531 240.4300 -105.6100 5 535 202.2300 -78.2700
1.1549879458e+00 -3.0981464775e-01 -5.2925151961e+00
163 93 103
2 7 538 163.9700 -93.0800 5 543 140.3000 -56.9900
1.2406186728e+00 -9.7616973256e-02 -5.2692639315e+00
156 83 91
2 7 549 176.4200 -69.2100 5 555 154.2500 -31.4100
-5.2874596813e-01 3.3381160078e-01 -4.5573054672e+00
247 197 208
2 7 572 -29.3000 -15.7400 5 599 -47.4900 46.0400
2.5453576410e+00 -2.9434312358e+00 -9.9041726530e+00
140 131 150
2 7 689 152.3400 -204.4000 5 673 76.9800 -192.8100
2.4647665426e+00 -2.5934843678e+00 -1.0070818840e+01
128 115 128
2 7 717 146.2900 -179.3100 5 682 70.7800 -166.9800
2.3150980715e+00 -2.7114717017e+00 -1.0529524566e+01
80 68 82
2 7 721 129.5600 -177.3000 5 683 51.7000 -165.5600
2.1157177856e+00 -8.9778014473e-01 -6.1998086234e+00
200 170 46
2 7 761 226.2600 -136.2500 5 730 185.4600 -110.7700
2.1157177856e+00 -8.9778014473e-01 -6.1998086234e+00
200 170 46
2 7 762 226.2600 -136.2500 5 731 185.4600 -110.7700
2.1608520771e+00 -8.4421652515e-01 -6.1077783188e+00
200 173 44
2 7 767 234.5900 -133.5800 5 515 194.9400 -107.2800
2.1211426864e+00 -8.2883261194e-01 -6.1675326706e+00
196 170 45
2 7 769 228.6500 -130.5300 5 518 188.3300 -104.2000
2.1211426864e+00 -8.2883261194e-01 -6.1675326706e+00
196 170 45
2 7 770 228.6500 -130.5300 5 519 188.3300 -104.2000
1.9065315579e+00 -2.0635477016e+00 -1.1579366745e+01
74 49 49
2 7 780 95.6100 -122.9000 5 735 14.4200 -110.1300
2.2143763562e+00 -4.6630692284e-01 -5.9909251425e+00
206 173 42
2 7 797 247.7800 -98.5800 5 540 210.7300 -70.0700
-8.9987999295e-01 -3.7746226743e-01 -5.2027645365e+00
236 189 200
2 7 805 -80.2500 -93.5400 5 377 -122.7400 -49.6200
2.2004953395e+00 -3.4701440415e-01 -6.0341479817e+00
206 171 32
2 7 814 245.6400 -85.5200 5 544 208.4800 -56.7200
-9.4384681535e-01 -2.1218730031e-01 -5.0080534437e+00
157 204 237
2 7 821 -86.4600 -77.3500 5 805 -125.6100 -28.8100
-9.5235377436e-01 -1.6533466150e-01 -4.9625854199e+00
119 141 190
2 7 824 -87.7000 -72.3600 5 563 -125.9500 -22.4700
8.8744742397e-01 1.4330868109e-01 -5.6281284696e+00
150 41 66
2 7 855 127.5400 -34.5000 5 844 98.9900 5.3300
-9.2640160763e-01 3.1457235819e-01 -4.6185974040e+00
228 166 183
2 7 864 -84.4100 -15.0200 5 601 -112.3900 49.1300
-6.9362302996e-01 3.9166022774e-01 -4.5749323740e+00
202 130 146
2 7 870 -51.9000 -6.3500 5 870 -73.1800 57.8500
3.2741811456e-01 6.4002960735e-01 -5.3192111326e+00
155 106 126
2 7 905 74.1400 23.9000 5 882 51.4600 74.4700
3.4108580951e-01 6.6422927419e-01 -5.3290685480e+00
247 224 229
2 7 913 75.7700 26.7000 5 613 53.0600 77.4300
-1.0767579406e+00 8.1533297321e-01 -4.5653873389e+00
249 196 203
2 7 939 -102.9000 55.6500 5 912 -128.8300 133.4600
1.6312827457e+00 1.4168262673e+00 -5.3817076396e+00
189 140 135
2 7 960 228.0200 106.4800 5 915 209.5100 150.6900
